therion 5.3.16
initialization file: C:\Program Files (x86)\Therion/therion.ini
reading ... done
configuration file: thconfig
reading ... done
reading source files ... done
preprocessing database ... done
scanning centreline tree ... done
searching for centerline loops ... done
calculating station coordinates ... done
processing survey data ... 
####################### cavern log file ########################
 1> Survex 1.2.12
 2> Copyright ¸ 1990-2014 Olly Betts
 3> Survey has no fixed points. Therefore I've fixed 1 at (0,0,0)
 4> 
 5> Survey contains 116 survey stations, joined by 115 shots.
 6> There are 0 loops.
 7> Total length of survey shots =  491.92m ( 491.92m adjusted)
 8> Total plan length of survey shots =  456.50m
 9> Total vertical length of survey shots =   85.40m
10> Vertical range = 10.27m (from 84 at 8.88m to 34 at -1.39m)
11> North-South range = 75.97m (from 116 at 10.36m to 46 at -65.61m)
12> East-West range = 130.21m (from 2 at 0.00m to 116 at -130.21m)
13>   96 1-nodes.
14>    1 2-node.
15>    2 5-nodes.
16>   13 6-nodes.
17>    1 8-node.
18>    2 10-nodes.
19>    1 16-node.
20> 
######################### transcription ########################
 3> 1 : 20.60@odessa-up-side-1
 5> 116 : 25.12@odessa-up-side-1 -- 115 : -@odessa-up-side-1
10> 84 : -@odessa-up-side-1 -- 34 : -@odessa-up-side-1
11> 116 : 25.12@odessa-up-side-1 -- 46 : -@odessa-up-side-1
12> 2 : 24.0@odessa-up-side-1 -- 116 : 25.12@odessa-up-side-1
13> 96 : 25.8@odessa-up-side-1
14> 1 : 20.60@odessa-up-side-1
15> 2 : 24.0@odessa-up-side-1
16> 13 : 24.2@odessa-up-side-1
17> 1 : 20.60@odessa-up-side-1
18> 2 : 24.0@odessa-up-side-1
19> 1 : 20.60@odessa-up-side-1
#################### end of cavern log file ####################
done
calculating basic statistics ... done
processing extended elevation ... done
processing references ... done
selecting export objects ... done
processing projection plan ... done
average distortion: 0.01%
writing odessa-up-side-1.pdf ...
####################### metapost log file ########################
This is MetaPost, version 1.209 (kpathsea version 5.1.0) (mem=mpost 2010.01.31)  29 APR 2016 11:32
**data.mp
(./data.mp [4001] [4002] [4003] [4004] [4005] [4006] [4007] [4008] [4009] [4010
] [4011] [4012]
[1] [2] [3] [4] [5] (./mptextmp.mp) [6] )
 
Here is how much of MetaPost's memory you used:
 1362 strings out of 1638
 16302 string characters out of 26823
 63866 words of memory out of 1500000
 1516 symbolic tokens out of 16384
 8i,75n,16p,468b,5f stack positions out of 300i,84n,5000p,487b,15f
 56 string compactions (moved 592854 characters, 48540 strings)
18 output files written: data.1 .. data.4012

#################### end of metapost log file ####################
converting scraps ... done
making map ... done
######################## pdftex log file #########################
This is pdfTeX, Version 3.1415926-1.40.10 (Web2C 2009) (format=pdftex 2010.1.2)  29 APR 2016 11:32
entering extended mode
**data.tex
(./data.tex (./th_enc.tex) (./th_texts.tex) (./th_resources.tex
(c:/Program Files (x86)/Therion/texmf/tex/glyphtounicode.tex))
(./th_fontdef.tex{c:/Program Files (x86)/Therion/texmf/fonts/pdftex.map})
(./th_formdef.tex) (./th_pagedef.tex) (./th_pages.tex)
 55 numeric registers used out of 32768
 [1] ) 
Here is how much of TeX's memory you used:
 252 strings out of 95617
 2554 string characters out of 1171098
 45320 words of memory out of 1529298
 1665 multiletter control sequences out of 15000+50000
 20080 words of font info for 63 fonts, out of 1000000 for 2000
 849 hyphenation exceptions out of 1000
 9i,5n,8p,238b,58s stack positions out of 5000i,500n,10000p,200000b,50000s
<c:/Program Files (x86)/Therion/texmf/fonts/type1/cmss10.pfb><c:/Program 
Files (x86)/Therion/texmf/fonts/type1/cmssi10.pfb>
Output written on data.pdf (1 page, 40849 bytes).
PDF statistics:
 43 PDF objects out of 1000 (max. 8388607)
 0 named destinations out of 1000 (max. 500000)
 89 words of extra memory for PDF output out of 10000 (max. 10000000)


##################### end of pdftex log file #####################
done
writing odessa-up-side-1th.3d ... done
writing xtherion file ... done
compilation time: 3 sec


###################### scrap distortions #######################
 PROJECTION: plan
 AVERAGE  MAXIMAL  SCRAP
   0.01%    0.19%  odessa-up-side-1SP1@odessa-up-side-1
################### end of scrap distortions ###################
