therion 5.3.16 (beta Vladimir)
initialization file: C:\Program Files (x86)\Therion/therion.ini
reading ... done
configuration file: thconfig-HeadlessChicken
reading ... done
reading source files ... done
preprocessing database ... done
output coordinate system: UTM51
meridian convergence (deg): 0.3570
geomag declinations (deg):
  2016.1.1  -2.6814
  2017.1.1  -2.7707
scanning centreline tree ... done
searching for centerline loops ... done
calculating station coordinates ... done
processing survey data ... 
####################### cavern log file ########################
 1> Survex 1.2.30
 2> Copyright ¸ 1990-2016 Olly Betts
 3> 
 4> Survey contains 602 survey stations, joined by 601 shots.
 5> There is 1 loop.
 6> Survey has 2 connected components.
 7> Total length of survey shots = 2398.03m (2398.03m adjusted)
 8> Total plan length of survey shots = 1930.45m
 9> Total vertical length of survey shots =  751.51m
10> Vertical range = 53.91m (from 4 at 164.13m to 499 at 110.22m)
11> North-South range = 123.39m (from 270 at 1966417.00m to 25 at 1966293.61m)
12> East-West range = 160.08m (from 525 at 376185.22m to 270 at 376025.14m)
13>  540 1-nodes.
14>    4 2-nodes.
15>    3 4-nodes.
16>    3 5-nodes.
17>    5 6-nodes.
18>    4 7-nodes.
19>    8 8-nodes.
20>    5 9-nodes.
21>    2 10-nodes.
22>    3 11-nodes.
23>    7 12-nodes.
24>    4 13-nodes.
25>    2 14-nodes.
26>    2 15-nodes.
27>    1 16-node.
28>    1 17-node.
29>    1 18-node.
30>    1 19-node.
31>    2 21-nodes.
32>    1 22-node.
33>    1 23-node.
34>    1 26-node.
35>    1 30-node.
36> 
######################### transcription ########################
 4> 602 : -@martha_inlet.HeadlessChicken -- 601 : -@martha_inlet.HeadlessChicken
 5> 1 : 1.0@martha.HeadlessChicken
 6> 2 : -@martha.HeadlessChicken
10> 4 : -@martha.HeadlessChicken -- 499 : -@MARTHA-2.HeadlessChicken
11> 270 : 5.17@martha.HeadlessChicken -- 25 : -@martha.HeadlessChicken
12> 525 : -@MARTHA-2.HeadlessChicken -- 270 : 5.17@martha.HeadlessChicken
13> 540 : -@martha_inlet.HeadlessChicken
14> 4 : -@martha.HeadlessChicken
15> 3 : -@martha.HeadlessChicken
16> 3 : -@martha.HeadlessChicken
17> 5 : -@martha.HeadlessChicken
18> 4 : -@martha.HeadlessChicken
19> 8 : -@martha.HeadlessChicken
20> 5 : -@martha.HeadlessChicken
21> 2 : -@martha.HeadlessChicken
22> 3 : -@martha.HeadlessChicken
23> 7 : -@martha.HeadlessChicken
24> 4 : -@martha.HeadlessChicken
25> 2 : -@martha.HeadlessChicken
26> 2 : -@martha.HeadlessChicken
27> 1 : 1.0@martha.HeadlessChicken
28> 1 : 1.0@martha.HeadlessChicken
29> 1 : 1.0@martha.HeadlessChicken
30> 1 : 1.0@martha.HeadlessChicken
31> 2 : -@martha.HeadlessChicken
32> 1 : 1.0@martha.HeadlessChicken
33> 1 : 1.0@martha.HeadlessChicken
34> 1 : 1.0@martha.HeadlessChicken
35> 1 : 1.0@martha.HeadlessChicken
#################### end of cavern log file ####################
done
calculating basic statistics ... done
processing extended elevation ... done
processing references ... done
selecting export objects ... done
processing projection plan ... done
average distortion: 0.08%
writing .\_output\HeadlessChicken.pdf ...
processing projection none ... done
####################### metapost log file ########################
This is MetaPost, version 1.209 (kpathsea version 5.1.0) (mem=mpost 2010.01.31)  21 MAR 2017 13:15
**data.mp
(./data.mp [4001] [4002] [4003] [4004] [4005] [4006] [4007] [4008] [4009] [4010
] [4011] [4012]
[1] [2] [3] [4] [5] [6] [7] [8] [9] [10] [11] [12] [13] [14] [15] [16] [17]
[18] [19] [20] (./mptextmp.mp) (./mptextmp.mp) (./mptextmp.mp) (./mptextmp.mp)
(./mptextmp.mp) (./mptextmp.mp) (./mptextmp.mp) [21] [22] [23] [24] [25] [26]
[27] [28] [29] [30] [31] [32] [33] [34] [35] [36] [37] [38] [39] [40] [41]
[42] [43] [44] [45] [46] [47] [48] [49] [50] [51] [52] )
 
Here is how much of MetaPost's memory you used:
 1481 strings out of 1638
 16809 string characters out of 26823
 63603 words of memory out of 1500000
 1524 symbolic tokens out of 16384
 10i,75n,16p,433b,5f stack positions out of 300i,84n,5000p,487b,15f
 116 string compactions (moved 1722699 characters, 145253 strings)
64 output files written: data.1 .. data.4012

#################### end of metapost log file ####################
converting scraps ... done
making map ... done
######################## pdftex log file #########################
This is pdfTeX, Version 3.1415926-1.40.10 (Web2C 2009) (format=pdftex 2010.1.2)  21 MAR 2017 13:15
entering extended mode
**data.tex
(./data.tex (./th_enc.tex) (./th_texts.tex) (./th_resources.tex
(c:/Program Files (x86)/Therion/texmf/tex/glyphtounicode.tex))
(./th_fontdef.tex{c:/Program Files (x86)/Therion/texmf/fonts/pdftex.map})
(./th_formdef.tex) (./th_pagedef.tex (./th_legend.tex) (./th_legendcolor.tex) <
c:/Users/henry_bennett/Documents/GitHub/SpeleoPhilippines/images/Logo_BEC_400.p
ng> <c:/Users/henry_bennett/Documents/GitHub/SpeleoPhilippines/images/Logo_Gaia
EC_150.jpg> <c:/Users/henry_bennett/Documents/GitHub/SpeleoPhilippines/images/L
ogo_SMOC_500.png>) (./th_pages.tex)
 114 numeric registers used out of 32768
 [1] ) 
Here is how much of TeX's memory you used:
 317 strings out of 95617
 3174 string characters out of 1171098
 62435 words of memory out of 1544413
 1724 multiletter control sequences out of 15000+50000
 20080 words of font info for 63 fonts, out of 1000000 for 2000
 849 hyphenation exceptions out of 1000
 10i,8n,7p,1577b,95s stack positions out of 5000i,500n,10000p,200000b,50000s
<c:/Program Files (x86)/Therion/texmf/fonts/type1/cmss10.pfb><c:/Program 
Files (x86)/Therion/texmf/fonts/type1/cmssi10.pfb>
Output written on data.pdf (1 page, 225969 bytes).
PDF statistics:
 187 PDF objects out of 1000 (max. 8388607)
 0 named destinations out of 1000 (max. 500000)
 518 words of extra memory for PDF output out of 10000 (max. 10000000)


##################### end of pdftex log file #####################
done
writing xtherion file ... done
compilation time: 4 sec


###################### scrap distortions #######################
 PROJECTION: plan
 AVERAGE  MAXIMAL  SCRAP
   0.06%   60.03%  marthaStreamway@martha.HeadlessChicken
   0.14%   54.15%  MARTHA-2SP1@MARTHA-2.HeadlessChicken
   0.13%    0.84%  martha_inletSP1@martha_inlet.HeadlessChicken
   0.05%    0.68%  marthaEntrance@martha.HeadlessChicken
################### end of scrap distortions ###################
