This is pdfTeX, Version 3.1415926-1.40.10 (Web2C 2009) (format=pdftex 2010.1.2)  12 AUG 2014 08:07
entering extended mode
**data.tex
(./data.tex (./th_enc.tex) (./th_texts.tex) (./th_resources.tex
(c:/Program Files (x86)/Therion/texmf/tex/glyphtounicode.tex))
(./th_fontdef.tex{c:/Program Files (x86)/Therion/texmf/fonts/pdftex.map})
(./th_formdef.tex) (./th_pagedef.tex
Overfull \hbox (23.49036pt too wide) in paragraph at lines 12--12
[]\thfb Blue Wa-ter |

\hbox(152.77782+0.0)x995.84645, glue set - 1.0
.\hbox(0.0+0.0)x0.0
.\thfb B
.\thfb l
.\thfb u
.\thfb e
.etc.

(./th_legend.tex) <c:/Users/Henry/Documents/2014/Philippines/surveying/Registry
 Repository/Project/bluewater-v6/images/Logo_BEC_1250.png> <c:/Users/Henry/Docu
ments/2014/Philippines/surveying/Registry Repository/Project/bluewater-v6/image
s/Logo_BC_1250.png> <c:/Users/Henry/Documents/2014/Philippines/surveying/Regist
ry Repository/Project/bluewater-v6/images/Logo_SMOC_1250.png>) (./th_pages.tex)
 125 numeric registers used out of 32768
[1] ) 
Here is how much of TeX's memory you used:
 325 strings out of 95617
 3229 string characters out of 1171098
 178522 words of memory out of 1651500
 1735 multiletter control sequences out of 15000+50000
 21229 words of font info for 66 fonts, out of 1000000 for 2000
 849 hyphenation exceptions out of 1000
 10i,8n,7p,1465b,97s stack positions out of 5000i,500n,10000p,200000b,50000s
<c:/Program Files (x86)/Therion/texmf/fonts/type1/cmmi10.pfb><c:/Program F
iles (x86)/Therion/texmf/fonts/type1/cmr10.pfb><c:/Program Files (x86)/Therion/
texmf/fonts/type1/cmss10.pfb><c:/Program Files (x86)/Therion/texmf/fonts/type1/
cmssi10.pfb>
Output written on data.pdf (1 page, 2605928 bytes).
PDF statistics:
 206 PDF objects out of 1000 (max. 8388607)
 0 named destinations out of 1000 (max. 500000)
 542 words of extra memory for PDF output out of 10000 (max. 10000000)

