therion 5.3.16 (beta Vladimir)
initialization file: C:\Program Files (x86)\Therion/therion.ini
reading ... done
configuration file: thconfig-dafung
reading ... done
reading source files ... done
preprocessing database ... done
output coordinate system: UTM51
meridian convergence (deg): 0.3537
geomag declinations (deg):
  2016.1.1  -2.6830
  2017.1.1  -2.7722
scanning centreline tree ... done
searching for centerline loops ... done
calculating station coordinates ... done
processing survey data ... 
####################### cavern log file ########################
 1> Survex 1.2.30
 2> Copyright ¸ 1990-2016 Olly Betts
 3> 
 4> Survey contains 2255 survey stations, joined by 2254 shots.
 5> There is 1 loop.
 6> Survey has 2 connected components.
 7> Total length of survey shots = 13040.86m (13040.86m adjusted)
 8> Total plan length of survey shots = 12045.38m
 9> Total vertical length of survey shots = 2404.07m
10> Vertical range = 36.01m (from 1489 at 185.60m to 2150 at 149.59m)
11> North-South range = 837.91m (from 931 at 1966932.66m to 1515 at 1966094.75m)
12> East-West range = 306.09m (from 31 at 377314.28m to 2166 at 377008.19m)
13> 2032 1-nodes.
14>   15 2-nodes.
15>    3 3-nodes.
16>    3 4-nodes.
17>    6 5-nodes.
18>   19 6-nodes.
19>    9 7-nodes.
20>   13 8-nodes.
21>   23 9-nodes.
22>   18 10-nodes.
23>   18 11-nodes.
24>   18 12-nodes.
25>   16 13-nodes.
26>    9 14-nodes.
27>   18 15-nodes.
28>    9 16-nodes.
29>    3 17-nodes.
30>    5 18-nodes.
31>    2 19-nodes.
32>    5 20-nodes.
33>    1 21-node.
34>    1 22-node.
35>    1 23-node.
36>    2 24-nodes.
37>    1 25-node.
38>    1 27-node.
39>    1 28-node.
40>    1 29-node.
41>    1 31-node.
42>    1 32-node.
43> 
######################### transcription ########################
 4> 2255 : -@dafung-down-west.Dafung -- 2254 : -@dafung-down-west.Dafung
 5> 1 : 1.0@dafung-cave1.Dafung
 6> 2 : -@dafung-cave1.Dafung
10> 1489 : -@upper_squeez.Dafung -- 2150 : -@dafung-down-west.Dafung
11> 931 : -@downstream129.Dafung -- 1515 : -@upper_squeez.Dafung
12> 31 : -@dafung-cave1.Dafung -- 2166 : -@dafung-down-west.Dafung
13> 2032 : -@dafung-down-west.Dafung
14> 15 : 1.2@dafung-cave1.Dafung
15> 3 : 1.1@dafung-cave1.Dafung
16> 3 : 1.1@dafung-cave1.Dafung
17> 6 : -@dafung-cave1.Dafung
18> 19 : -@dafung-cave1.Dafung
19> 9 : -@dafung-cave1.Dafung
20> 13 : -@dafung-cave1.Dafung
21> 23 : -@dafung-cave1.Dafung
22> 18 : -@dafung-cave1.Dafung
23> 18 : -@dafung-cave1.Dafung
24> 18 : -@dafung-cave1.Dafung
25> 16 : -@dafung-cave1.Dafung
26> 9 : -@dafung-cave1.Dafung
27> 18 : -@dafung-cave1.Dafung
28> 9 : -@dafung-cave1.Dafung
29> 3 : 1.1@dafung-cave1.Dafung
30> 5 : -@dafung-cave1.Dafung
31> 2 : -@dafung-cave1.Dafung
32> 5 : -@dafung-cave1.Dafung
33> 1 : 1.0@dafung-cave1.Dafung
34> 1 : 1.0@dafung-cave1.Dafung
35> 1 : 1.0@dafung-cave1.Dafung
36> 2 : -@dafung-cave1.Dafung
37> 1 : 1.0@dafung-cave1.Dafung
38> 1 : 1.0@dafung-cave1.Dafung
39> 1 : 1.0@dafung-cave1.Dafung
40> 1 : 1.0@dafung-cave1.Dafung
41> 1 : 1.0@dafung-cave1.Dafung
42> 1 : 1.0@dafung-cave1.Dafung
#################### end of cavern log file ####################
done
calculating basic statistics ... done
processing extended elevation ... done
processing references ... done
selecting export objects ... done
processing projection plan ... done
average distortion: 0.05%
writing _output/Dafung.pdf ...
####################### metapost log file ########################
This is MetaPost, version 1.209 (kpathsea version 5.1.0) (mem=mpost 2010.01.31)  19 MAR 2017 21:54
**data.mp
(./data.mp [4001] [4002] [4003] [4004] [4005] [4006] [4007] [4008] [4009] [4010
] [4011] [4012]
[4013] [1] [2] [3] [4] [5] [6] [7] [8] [9] [10] [11] [12] [13] [14] [15] [16]
[17] [18] [19] [20] [21]
[Warning: text scaled down to fit the path in scrap dafung-down-westSP2@dafung-
down-west.Dafung] [22] [23] [24] [25] [26] [27] [28] [29] [30] [31] [32] [33]
[34] [35] [36] [37] [38] [39] [40] [41] [42] [43] [44] [45] [46] [47] [48]
[49] [50] [51] (./mptextmp.mp) (./mptextmp.mp) (./mptextmp.mp) (./mptextmp.mp)
(./mptextmp.mp) (./mptextmp.mp) (./mptextmp.mp) [52] [53] [54] [55] [56] [57]
[58] [59] [60] [61] [62] [63] [64] [65] [66] [67] [68] [69] [70] [71] [72]
[73] [74] [75] [76] [77] [78] [79] [80] [81] [82] [83] [84] [85] [86] [87]
[88] [89] [90] [91] [92] [93] [94] [95] )
 
Here is how much of MetaPost's memory you used:
 1648 strings out of 2233
 17345 string characters out of 26823
 94852 words of memory out of 1500000
 1532 symbolic tokens out of 16384
 11i,75n,16p,437b,5f stack positions out of 300i,84n,5000p,487b,15f
 891 string compactions (moved 14973835 characters, 1391152 strings)
108 output files written: data.1 .. data.4013

#################### end of metapost log file ####################
converting scraps ... done
making map ... done
######################## pdftex log file #########################
This is pdfTeX, Version 3.1415926-1.40.10 (Web2C 2009) (format=pdftex 2010.1.2)  19 MAR 2017 21:54
entering extended mode
**data.tex
(./data.tex (./th_enc.tex) (./th_texts.tex) (./th_resources.tex
(c:/Program Files (x86)/Therion/texmf/tex/glyphtounicode.tex))
(./th_fontdef.tex{c:/Program Files (x86)/Therion/texmf/fonts/pdftex.map})
(./th_formdef.tex) (./th_pagedef.tex (./th_legend.tex) (./th_legendcolor.tex) <
c:/Users/henry_bennett/Documents/GitHub/SpeleoPhilippines/images/Logo_BEC_1500.
png> <c:/Users/henry_bennett/Documents/GitHub/SpeleoPhilippines/images/Logo_Gai
aEC_1000.jpg> <c:/Users/henry_bennett/Documents/GitHub/SpeleoPhilippines/images
/Logo_SMOC_1450.png>) (./th_pages.tex)
 167 numeric registers used out of 32768
 [1] ) 
Here is how much of TeX's memory you used:
 370 strings out of 95617
 3622 string characters out of 1171098
 95685 words of memory out of 1572663
 1777 multiletter control sequences out of 15000+50000
 21229 words of font info for 66 fonts, out of 1000000 for 2000
 849 hyphenation exceptions out of 1000
 10i,8n,7p,1579b,95s stack positions out of 5000i,500n,10000p,200000b,50000s
<c:/Program Files (x86)/Therion/texmf/fonts/type1/cmss10.pfb><c:/Program 
Files (x86)/Therion/texmf/fonts/type1/cmssi10.pfb>
Output written on data.pdf (1 page, 656434 bytes).
PDF statistics:
 313 PDF objects out of 1000 (max. 8388607)
 0 named destinations out of 1000 (max. 500000)
 906 words of extra memory for PDF output out of 10000 (max. 10000000)


##################### end of pdftex log file #####################
done
writing _output/Dafung90.pdf ...
####################### metapost log file ########################
This is MetaPost, version 1.209 (kpathsea version 5.1.0) (mem=mpost 2010.01.31)  19 MAR 2017 21:54
**data.mp
(./data.mp [4001] [4002] [4003] [4004] [4005] [4006] [4007] [4008] [4009] [4010
] [4011] [4012]
[4013] [1] [2] [3] [4] [5] [6] [7] [8] [9] [10] [11] [12] [13] [14] [15] [16]
[17] [18] [19] [20] [21]
[Warning: text scaled down to fit the path in scrap dafung-down-westSP2@dafung-
down-west.Dafung] [22] [23] [24] [25] [26] [27] [28] [29] [30] [31] [32] [33]
[34] [35]
[Warning: scrap outline intersects itself in scrap dafung-cave1SP1@dafung-cave1
.Dafung] [36] [37] [38] [39] [40] [41] [42] [43]
[Warning: scrap outline intersects itself in scrap upper_squeezSP1@upper_squeez
.Dafung] [44] [45] [46] [47] [48] [49] [50] [51] (./mptextmp.mp) (./mptextmp.mp
) (./mptextmp.mp) (./mptextmp.mp) (./mptextmp.mp) (./mptextmp.mp)
(./mptextmp.mp) [52] [53] [54] [55] [56] [57] [58] [59] [60] [61] )
 
Here is how much of MetaPost's memory you used:
 1660 strings out of 2233
 18277 string characters out of 26823
 67980 words of memory out of 1500000
 1532 symbolic tokens out of 16384
 11i,75n,16p,437b,5f stack positions out of 300i,84n,5000p,487b,15f
 2276 string compactions (moved 38704209 characters, 3659778 strings)
74 output files written: data.1 .. data.4013

#################### end of metapost log file ####################
converting scraps ... done
making map ... done
######################## pdftex log file #########################
This is pdfTeX, Version 3.1415926-1.40.10 (Web2C 2009) (format=pdftex 2010.1.2)  19 MAR 2017 21:54
entering extended mode
**data.tex
(./data.tex (./th_enc.tex) (./th_texts.tex) (./th_resources.tex
(c:/Program Files (x86)/Therion/texmf/tex/glyphtounicode.tex))
(./th_fontdef.tex{c:/Program Files (x86)/Therion/texmf/fonts/pdftex.map})
(./th_formdef.tex) (./th_pagedef.tex (./th_legend.tex) (./th_legendcolor.tex) <
c:/Users/henry_bennett/Documents/GitHub/SpeleoPhilippines/images/Logo_BEC_300.p
ng> <c:/Users/henry_bennett/Documents/GitHub/SpeleoPhilippines/images/Logo_Gaia
EC_150.jpg> <c:/Users/henry_bennett/Documents/GitHub/SpeleoPhilippines/images/L
ogo_SMOC_500.png>) (./th_pages.tex)
 133 numeric registers used out of 32768
 [1] ) 
Here is how much of TeX's memory you used:
 336 strings out of 95617
 3384 string characters out of 1171098
 53357 words of memory out of 1536335
 1743 multiletter control sequences out of 15000+50000
 20080 words of font info for 63 fonts, out of 1000000 for 2000
 849 hyphenation exceptions out of 1000
 10i,5n,7p,1579b,90s stack positions out of 5000i,500n,10000p,200000b,50000s
<c:/Program Files (x86)/Therion/texmf/fonts/type1/cmss10.pfb><c:/Program 
Files (x86)/Therion/texmf/fonts/type1/cmssi10.pfb>
Output written on data.pdf (1 page, 293206 bytes).
PDF statistics:
 245 PDF objects out of 1000 (max. 8388607)
 0 named destinations out of 1000 (max. 500000)
 702 words of extra memory for PDF output out of 10000 (max. 10000000)


##################### end of pdftex log file #####################
done
writing xtherion file ... done
compilation time: 11 sec


###################### scrap distortions #######################
 PROJECTION: plan
 AVERAGE  MAXIMAL  SCRAP
   0.07%   26.60%  dafung-cave1SP1@dafung-cave1.Dafung
   0.44%   25.47%  downsideSP1@downside.Dafung
   0.05%    4.83%  dafung-down-westSP1@dafung-down-west.Dafung
   0.01%    0.52%  upstreamSP1@upstream.Dafung
   0.03%    0.47%  corner@smallpitch.Dafung
   0.05%    0.46%  upper_squeezSP1@upper_squeez.Dafung
   0.14%    0.45%  seriousdrinking@dafung-down-west.Dafung
   0.02%    0.44%  smallpitchSP1@smallpitch.Dafung
   0.05%    0.39%  dafung-down-westSP2@dafung-down-west.Dafung
   0.02%    0.37%  west-south@dafung-down-west.Dafung
   0.01%    0.35%  downstream129SP1@downstream129.Dafung
   0.07%    0.32%  seriousdrinking2@dafung-down-west.Dafung
   0.03%    0.15%  dafung-down-westSP3@dafung-down-west.Dafung
   0.02%    0.13%  upstream2SP1@upstream2.Dafung
################### end of scrap distortions ###################
