therion 5.3.16
initialization file: C:\Program Files\Therion/therion.ini
reading ... done
configuration file: thconfig
reading ... done
reading source files ... done
preprocessing database ... done
scanning centreline tree ... done
searching for centerline loops ... done
calculating station coordinates ... done
processing survey data ... 
####################### cavern log file ########################
 1> Survex 1.2.17
 2> Copyright ¸ 1990-2015 Olly Betts
 3> Survey has no fixed points. Therefore I've fixed 1 at (0,0,0)
 4> 
 5> Survey contains 60 survey stations, joined by 59 legs.
 6> There are 0 loops.
 7> Total length of survey legs =  290.95m ( 290.95m adjusted)
 8> Total plan length of survey legs =  259.87m
 9> Total vertical length of survey legs =   94.28m
10> Vertical range = 7.87m (from 4 at 4.90m to 60 at -2.97m)
11> North-South range = 26.74m (from 6 at 1.23m to 52 at -25.51m)
12> East-West range = 12.70m (from 54 at 4.80m to 31 at -7.90m)
13>   55 1-nodes.
14>    1 10-node.
15>    1 11-node.
16>    1 12-node.
17>    1 13-node.
18>    1 17-node.
19> 
######################### transcription ########################
 3> 1 : 20.31@upstream2
 5> 60 : -@upstream2 -- 59 : -@upstream2
10> 4 : -@upstream2 -- 60 : -@upstream2
11> 6 : -@upstream2 -- 52 : -@upstream2
12> 54 : -@upstream2 -- 31 : -@upstream2
13> 55 : -@upstream2
14> 1 : 20.31@upstream2
15> 1 : 20.31@upstream2
16> 1 : 20.31@upstream2
17> 1 : 20.31@upstream2
18> 1 : 20.31@upstream2
#################### end of cavern log file ####################
done
calculating basic statistics ... done
processing extended elevation ... done
processing references ... done
selecting export objects ... done
writing upstream2th.3d ... done
writing xtherion file ... done
compilation time: 1 sec
