This is pdfTeX, Version 3.1415926-1.40.10 (Web2C 2009) (format=pdftex 2010.1.2)  7 DEC 2015 23:06
entering extended mode
**data.tex
(./data.tex (./th_enc.tex) (./th_texts.tex) (./th_resources.tex
(c:/Program Files (x86)/Therion/texmf/tex/glyphtounicode.tex))
(./th_fontdef.tex{c:/Program Files (x86)/Therion/texmf/fonts/pdftex.map})
(./th_formdef.tex) (./th_pagedef.tex (./th_legend.tex) (./th_legendcolor.tex) <
c:/Users/henry_bennett/Documents/GitHub/philippine-surveys-2015/bluewater-v7/im
ages/Logo_BEC_1250.png> <c:/Users/henry_bennett/Documents/GitHub/philippine-sur
veys-2015/bluewater-v7/images/Logo_SMOC_1250.png>) (./th_pages.tex)
 175 numeric registers used out of 32768
 [1] ) 
Here is how much of TeX's memory you used:
 378 strings out of 95617
 3783 string characters out of 1171098
 316541 words of memory out of 1770519
 1785 multiletter control sequences out of 15000+50000
 23527 words of font info for 72 fonts, out of 1000000 for 2000
 849 hyphenation exceptions out of 1000
 10i,8n,7p,1517b,97s stack positions out of 5000i,500n,10000p,200000b,50000s
<c:/Program Files (x86)/Therion/texmf/fonts/type1/cmmi10.pfb><c:/Program 
Files (x86)/Therion/texmf/fonts/type1/cmr10.pfb><c:/Program Files (x86)/Therion
/texmf/fonts/type1/cmss10.pfb><c:/Program Files (x86)/Therion/texmf/fonts/type1
/cmssi10.pfb>
Output written on data.pdf (1 page, 2650773 bytes).
PDF statistics:
 318 PDF objects out of 1000 (max. 8388607)
 0 named destinations out of 1000 (max. 500000)
 881 words of extra memory for PDF output out of 10000 (max. 10000000)

