therion 5.3.16
initialization file: C:\Program Files (x86)\Therion/therion.ini
reading ... done
configuration file: thconfig
reading ... done
reading source files ... done
preprocessing database ... done
scanning centreline tree ... done
searching for centerline loops ... done
calculating station coordinates ... done
processing survey data ... 
####################### cavern log file ########################
 1> Survex 1.2.12
 2> Copyright ¸ 1990-2014 Olly Betts
 3> Survey has no fixed points. Therefore I've fixed 1 at (0,0,0)
 4> 
 5> Survey contains 809 survey stations, joined by 808 shots.
 6> There are 0 loops.
 7> Total length of survey shots = 3757.64m (3757.64m adjusted)
 8> Total plan length of survey shots = 3706.03m
 9> Total vertical length of survey shots =  265.77m
10> Vertical range = 10.72m (from 7 at 0.75m to 519 at -9.98m)
11> North-South range = 433.70m (from 806 at 429.29m to 8 at -4.41m)
12> East-West range = 78.51m (from 806 at 14.19m to 358 at -64.32m)
13>  748 1-nodes.
14>    2 2-nodes.
15>    1 3-node.
16>    1 4-node.
17>    1 6-node.
18>    2 7-nodes.
19>    1 9-node.
20>    1 10-node.
21>    1 11-node.
22>    2 12-nodes.
23>    6 13-nodes.
24>    7 14-nodes.
25>   10 15-nodes.
26>    9 16-nodes.
27>    4 17-nodes.
28>    8 18-nodes.
29>    2 19-nodes.
30>    2 20-nodes.
31>    1 23-node.
32> 
######################### transcription ########################
 3> 1 : 4.75@odessa1204
 5> 809 : -@odessa1204 -- 808 : -@odessa1204
10> 7 : -@odessa1204 -- 519 : -@odessa1204
11> 806 : -@odessa1204 -- 8 : -@odessa1204
12> 806 : -@odessa1204 -- 358 : -@odessa1204
13> 748 : -@odessa1204
14> 2 : 5.0@odessa1204
15> 1 : 4.75@odessa1204
16> 1 : 4.75@odessa1204
17> 1 : 4.75@odessa1204
18> 2 : 5.0@odessa1204
19> 1 : 4.75@odessa1204
20> 1 : 4.75@odessa1204
21> 1 : 4.75@odessa1204
22> 2 : 5.0@odessa1204
23> 6 : -@odessa1204
24> 7 : -@odessa1204
25> 10 : -@odessa1204
26> 9 : -@odessa1204
27> 4 : -@odessa1204
28> 8 : -@odessa1204
29> 2 : 5.0@odessa1204
30> 2 : 5.0@odessa1204
31> 1 : 4.75@odessa1204
#################### end of cavern log file ####################
done
calculating basic statistics ... done
processing extended elevation ... done
processing references ... done
selecting export objects ... done
processing projection plan ... done
average distortion: 0.01%
writing Odessa_Lower_Sewer.pdf ...
####################### metapost log file ########################
This is MetaPost, version 1.209 (kpathsea version 5.1.0) (mem=mpost 2010.01.31)  8 MAY 2016 19:54
**data.mp
(./data.mp [4001] [4002] [4003] [4004] [4005] [4006] [4007] [4008] [4009] [4010
] [4011] [4012]

(c:/Users/henry_bennett/Documents/GitHub/philippine-surveys-2015/bluewater-v7/c
ode/_grid_x_hair_to_continuos_line.mp)
(c:/Users/henry_bennett/Documents/GitHub/philippine-surveys-2015/bluewater-v7/c
ode/_scalebar_large_format.mp)
(c:/Users/henry_bennett/Documents/GitHub/philippine-surveys-2015/bluewater-v7/c
ode/_legend_large_format.mp)
(c:/Users/henry_bennett/Documents/GitHub/SpeleoPhilippines/CodeLibrary/_bats.mp
[4013]) [1] [2] [3] [4] [5] (./mptextmp.mp) (./mptextmp.mp) (./mptextmp.mp)
(./mptextmp.mp) (./mptextmp.mp) (./mptextmp.mp) (./mptextmp.mp) [6] [7] [8]
[9] [10] [11] [12] [13] [14] [15] )
 
Here is how much of MetaPost's memory you used:
 1396 strings out of 1638
 17480 string characters out of 26823
 80605 words of memory out of 1500000
 1528 symbolic tokens out of 16384
 11i,75n,16p,434b,5f stack positions out of 300i,84n,5000p,487b,15f
 111 string compactions (moved 1132023 characters, 92486 strings)
28 output files written: data.1 .. data.4013

#################### end of metapost log file ####################
converting scraps ... done
making map ... done
######################## pdftex log file #########################
This is pdfTeX, Version 3.1415926-1.40.10 (Web2C 2009) (format=pdftex 2010.1.2)  8 MAY 2016 19:54
entering extended mode
**data.tex
(./data.tex (./th_enc.tex) (./th_texts.tex) (./th_resources.tex
(c:/Program Files (x86)/Therion/texmf/tex/glyphtounicode.tex))
(./th_fontdef.tex{c:/Program Files (x86)/Therion/texmf/fonts/pdftex.map})
(./th_formdef.tex) (./th_pagedef.tex) (./th_pages.tex)
 63 numeric registers used out of 32768
 [1] ) 
Here is how much of TeX's memory you used:
 260 strings out of 95617
 2621 string characters out of 1171098
 88176 words of memory out of 1571154
 1673 multiletter control sequences out of 15000+50000
 20080 words of font info for 63 fonts, out of 1000000 for 2000
 849 hyphenation exceptions out of 1000
 9i,5n,6p,238b,56s stack positions out of 5000i,500n,10000p,200000b,50000s
<c:/Program Files (x86)/Therion/texmf/fonts/type1/cmmi10.pfb><c:/Program 
Files (x86)/Therion/texmf/fonts/type1/cmr10.pfb><c:/Program Files (x86)/Therion
/texmf/fonts/type1/cmss10.pfb><c:/Program Files (x86)/Therion/texmf/fonts/type1
/cmssi10.pfb><c:/Program Files (x86)/Therion/texmf/fonts/type1/cmsy10.pfb>
Output written on data.pdf (1 page, 88536 bytes).
PDF statistics:
 75 PDF objects out of 1000 (max. 8388607)
 0 named destinations out of 1000 (max. 500000)
 139 words of extra memory for PDF output out of 10000 (max. 10000000)


##################### end of pdftex log file #####################
done
writing Odessa_Lower_Sewer.3d ... done
writing xtherion file ... done
compilation time: 5 sec


###################### scrap distortions #######################
 PROJECTION: plan
 AVERAGE  MAXIMAL  SCRAP
   0.01%    0.50%  odessa-lower-sewerSP1@odessa1204
################### end of scrap distortions ###################
