therion 5.3.16
initialization file: C:\Program Files\Therion/therion.ini
reading ... done
configuration file: thconfig
reading ... done
reading source files ... done
preprocessing database ... done
output coordinate system: UTM51
meridian convergence (deg): 0.3570
geomag declinations (deg):
  2016.1.1  -2.6817
  2017.1.1  -2.7710
scanning centreline tree ... done
searching for centerline loops ... done
calculating station coordinates ... done
processing survey data ... 
####################### cavern log file ########################
 1> Survex 1.2.17
 2> Copyright ¸ 1990-2015 Olly Betts
 3> 
 4> Survey contains 94 survey stations, joined by 93 legs.
 5> There is 1 loop.
 6> Survey has 2 connected components.
 7> Total length of survey legs =  268.82m ( 268.82m adjusted)
 8> Total plan length of survey legs =  257.54m
 9> Total vertical length of survey legs =   35.78m
10> Vertical range = 2.60m (from 80 at 164.69m to 33 at 162.09m)
11> North-South range = 27.15m (from 3 at 1966431.12m to 80 at 1966403.97m)
12> East-West range = 17.24m (from 18 at 376117.75m to 94 at 376100.51m)
13>   85 1-nodes.
14>    1 2-node.
15>    2 9-nodes.
16>    1 10-node.
17>    2 13-nodes.
18>    1 14-node.
19>    1 15-node.
20>    1 16-node.
21> 
######################### transcription ########################
 4> 94 : 1.9@pigsty-cave -- 93 : -@pigsty-cave
 5> 1 : 1.0@pigsty-cave
 6> 2 : -@pigsty-cave
10> 80 : -@pigsty-cave -- 33 : -@pigsty-cave
11> 3 : -@pigsty-cave -- 80 : -@pigsty-cave
12> 18 : -@pigsty-cave -- 94 : 1.9@pigsty-cave
13> 85 : 1.7@pigsty-cave
14> 1 : 1.0@pigsty-cave
15> 2 : -@pigsty-cave
16> 1 : 1.0@pigsty-cave
17> 2 : -@pigsty-cave
18> 1 : 1.0@pigsty-cave
19> 1 : 1.0@pigsty-cave
20> 1 : 1.0@pigsty-cave
#################### end of cavern log file ####################
done
calculating basic statistics ... done
processing extended elevation ... done
processing references ... done
selecting export objects ... done
writing pigsty-caveth.3d ... done
writing xtherion file ... done
compilation time: 0 sec
