therion 5.3.16 (beta Vladimir)
initialization file: C:\Program Files (x86)\Therion/therion.ini
reading ... done
configuration file: thconfig
reading ... done
reading source files ... done
preprocessing database ... done
output coordinate system: UTM51
meridian convergence (deg): 0.3534
geomag declinations (deg):
  2016.1.1  -2.6824
  2017.1.1  -2.7717
scanning centreline tree ... done
searching for centerline loops ... done
calculating station coordinates ... done
processing survey data ... 
####################### cavern log file ########################
 1> Survex 1.2.30
 2> Copyright ¸ 1990-2016 Olly Betts
 3> 
 4> Survey contains 195 survey stations, joined by 194 shots.
 5> There is 1 loop.
 6> Survey has 2 connected components.
 7> Total length of survey shots =  522.34m ( 522.34m adjusted)
 8> Total plan length of survey shots =  437.92m
 9> Total vertical length of survey shots =  144.17m
10> Vertical range = 15.64m (from 186 at 230.16m to 170 at 214.52m)
11> North-South range = 126.80m (from 185 at 1966481.43m to 117 at 1966354.62m)
12> East-West range = 25.31m (from 100 at 377367.69m to 138 at 377342.38m)
13>  167 1-nodes.
14>    1 5-node.
15>   16 6-nodes.
16>    2 8-nodes.
17>    4 9-nodes.
18>    1 10-node.
19>    1 11-node.
20>    1 13-node.
21>    1 14-node.
22>    1 20-node.
23> 
######################### transcription ########################
 4> 195 : -@jungle_cave -- 194 : -@jungle_cave
 5> 1 : 1.0@jungle_cave
 6> 2 : -@jungle_cave
10> 186 : -@jungle_cave -- 170 : -@jungle_cave
11> 185 : 1.29@jungle_cave -- 117 : 1.15@jungle_cave
12> 100 : -@jungle_cave -- 138 : -@jungle_cave
13> 167 : -@jungle_cave
14> 1 : 1.0@jungle_cave
15> 16 : -@jungle_cave
16> 2 : -@jungle_cave
17> 4 : -@jungle_cave
18> 1 : 1.0@jungle_cave
19> 1 : 1.0@jungle_cave
20> 1 : 1.0@jungle_cave
21> 1 : 1.0@jungle_cave
22> 1 : 1.0@jungle_cave
#################### end of cavern log file ####################
done
calculating basic statistics ... done
processing extended elevation ... done
processing references ... done
selecting export objects ... done
processing projection plan ... done
average distortion: 0.02%
writing _output\jungle_cave.pdf ...
####################### metapost log file ########################
This is MetaPost, version 1.209 (kpathsea version 5.1.0) (mem=mpost 2010.01.31)  10 MAR 2017 22:02
**data.mp
(./data.mp [4001] [4002] [4003] [4004] [4005] [4006] [4007] [4008] [4009] [4010
] [4011] [4012]
[1] [2] [3] [4] (./mptextmp.mp) [5] )
 
Here is how much of MetaPost's memory you used:
 1062 strings out of 1162
 13218 string characters out of 20720
 61982 words of memory out of 1500000
 1370 symbolic tokens out of 16384
 8i,75n,11p,234b,5f stack positions out of 300i,84n,5000p,250b,15f
 41 string compactions (moved 443670 characters, 34989 strings)
17 output files written: data.1 .. data.4012

#################### end of metapost log file ####################
converting scraps ... done
making map ... done
######################## pdftex log file #########################
This is pdfTeX, Version 3.1415926-1.40.10 (Web2C 2009) (format=pdftex 2010.1.2)  10 MAR 2017 22:02
entering extended mode
**data.tex
(./data.tex (./th_enc.tex) (./th_texts.tex) (./th_resources.tex
(c:/Program Files (x86)/Therion/texmf/tex/glyphtounicode.tex))
(./th_fontdef.tex{c:/Program Files (x86)/Therion/texmf/fonts/pdftex.map})
(./th_formdef.tex) (./th_pagedef.tex) (./th_pages.tex)
 53 numeric registers used out of 32768
 [1] ) 
Here is how much of TeX's memory you used:
 250 strings out of 95617
 2539 string characters out of 1171098
 44257 words of memory out of 1529235
 1663 multiletter control sequences out of 15000+50000
 20080 words of font info for 63 fonts, out of 1000000 for 2000
 849 hyphenation exceptions out of 1000
 9i,5n,8p,238b,58s stack positions out of 5000i,500n,10000p,200000b,50000s
<c:/Program Files (x86)/Therion/texmf/fonts/type1/cmss10.pfb><c:/Program 
Files (x86)/Therion/texmf/fonts/type1/cmssi10.pfb>
Output written on data.pdf (1 page, 43202 bytes).
PDF statistics:
 40 PDF objects out of 1000 (max. 8388607)
 0 named destinations out of 1000 (max. 500000)
 79 words of extra memory for PDF output out of 10000 (max. 10000000)


##################### end of pdftex log file #####################
done
writing _output\jungle_caveth.3d ... done
writing _output\jungle_cave.lox .... done
writing xtherion file ... done
compilation time: 3 sec


###################### scrap distortions #######################
 PROJECTION: plan
 AVERAGE  MAXIMAL  SCRAP
   0.02%    0.44%  jungle_caveSP1@jungle_cave
################### end of scrap distortions ###################
