therion 5.3.16
initialization file: C:\Program Files\Therion/therion.ini
reading ... done
configuration file: thconfig
reading ... done
reading source files ... done
preprocessing database ... done
scanning centreline tree ... done
searching for centerline loops ... done
calculating station coordinates ... done
processing survey data ... 
####################### cavern log file ########################
 1> Survex 1.2.17
 2> Copyright ¸ 1990-2015 Olly Betts
 3> Survey has no fixed points. Therefore I've fixed 1 at (0,0,0)
 4> 
 5> Survey contains 514 survey stations, joined by 513 legs.
 6> There is 1 loop.
 7> Survey has 2 connected components.
 8> Total length of survey legs = 3490.80m (3490.80m adjusted)
 9> Total plan length of survey legs = 3294.80m
10> Total vertical length of survey legs =  415.23m
11> Vertical range = 22.23m (from 504 at 12.54m to 320 at -9.69m)
12> North-South range = 300.28m (from 320 at 300.28m to 2 at 0.00m)
13> East-West range = 352.83m (from 514 at 346.65m to 7 at -6.18m)
14>  448 1-nodes.
15>    2 2-nodes.
16>    1 3-node.
17>   14 4-nodes.
18>    4 5-nodes.
19>    1 6-node.
20>    4 7-nodes.
21>    8 8-nodes.
22>    8 9-nodes.
23>    5 10-nodes.
24>    6 11-nodes.
25>    4 12-nodes.
26>    1 13-node.
27>    1 14-node.
28>    2 15-nodes.
29>    2 17-nodes.
30>    2 19-nodes.
31>    1 32-node.
32> 
######################### transcription ########################
 3> 1 : 1.0@odessaupday2oliandpete
 5> 514 : 1.66@odessaupday2oliandpete -- 513 : 1.65@odessaupday2oliandpete
 6> 1 : 1.0@odessaupday2oliandpete
 7> 2 : -@odessaupday2oliandpete
11> 504 : -@odessaupday2oliandpete -- 320 : -@odessaupday2oliandpete
12> 320 : -@odessaupday2oliandpete -- 2 : -@odessaupday2oliandpete
13> 514 : 1.66@odessaupday2oliandpete -- 7 : -@odessaupday2oliandpete
14> 448 : -@odessaupday2oliandpete
15> 2 : -@odessaupday2oliandpete
16> 1 : 1.0@odessaupday2oliandpete
17> 14 : -@odessaupday2oliandpete
18> 4 : -@odessaupday2oliandpete
19> 1 : 1.0@odessaupday2oliandpete
20> 4 : -@odessaupday2oliandpete
21> 8 : -@odessaupday2oliandpete
22> 8 : -@odessaupday2oliandpete
23> 5 : -@odessaupday2oliandpete
24> 6 : -@odessaupday2oliandpete
25> 4 : -@odessaupday2oliandpete
26> 1 : 1.0@odessaupday2oliandpete
27> 1 : 1.0@odessaupday2oliandpete
28> 2 : -@odessaupday2oliandpete
29> 2 : -@odessaupday2oliandpete
30> 2 : -@odessaupday2oliandpete
31> 1 : 1.0@odessaupday2oliandpete
#################### end of cavern log file ####################
done
calculating basic statistics ... done
processing extended elevation ... done
processing references ... done
selecting export objects ... done
processing projection plan ... done
average distortion: 0.00%
writing odessaupday2oliandpete.pdf ...
####################### metapost log file ########################
This is MetaPost, version 1.209 (kpathsea version 5.1.0) (mem=mpost 2010.01.31)  14 APR 2016 16:13
**data.mp
(./data.mp [4001] [4002] [4003] [4004] [4005] [4006] [4007] [4008] [4009] [4010
] [4011] [4012]
[1] [2] [3] [4] (./mptextmp.mp) [5] )
 
Here is how much of MetaPost's memory you used:
 1087 strings out of 1162
 13095 string characters out of 20720
 71064 words of memory out of 1500000
 1367 symbolic tokens out of 16384
 8i,75n,11p,197b,4f stack positions out of 300i,84n,5000p,200b,15f
 92 string compactions (moved 1003482 characters, 78944 strings)
17 output files written: data.1 .. data.4012

#################### end of metapost log file ####################
converting scraps ... done
making map ... done
######################## pdftex log file #########################
This is pdfTeX, Version 3.1415926-1.40.10 (Web2C 2009) (format=pdftex 2010.1.2)  14 APR 2016 16:14
entering extended mode
**data.tex
(./data.tex (./th_enc.tex) (./th_texts.tex) (./th_resources.tex
(c:/Program Files/Therion/texmf/tex/glyphtounicode.tex)) (./th_fontdef.tex{c:/P
rogram Files/Therion/texmf/fonts/pdftex.map})
(./th_formdef.tex) (./th_pagedef.tex) (./th_pages.tex)
 53 numeric registers used out of 32768
 [1] ) 
Here is how much of TeX's memory you used:
 250 strings out of 95617
 2521 string characters out of 1171098
 89136 words of memory out of 1571114
 1663 multiletter control sequences out of 15000+50000
 20080 words of font info for 63 fonts, out of 1000000 for 2000
 849 hyphenation exceptions out of 1000
 9i,5n,8p,249b,58s stack positions out of 5000i,500n,10000p,200000b,50000s
<c:/Program Files/Therion/texmf/fonts/type1/cmss10.pfb><c:/Program Files/
Therion/texmf/fonts/type1/cmssi10.pfb>
Output written on data.pdf (1 page, 81586 bytes).
PDF statistics:
 40 PDF objects out of 1000 (max. 8388607)
 0 named destinations out of 1000 (max. 500000)
 79 words of extra memory for PDF output out of 10000 (max. 10000000)


##################### end of pdftex log file #####################
done
writing odessaupday2oliandpeteth.3d ... done
writing xtherion file ... done
compilation time: 2 sec


###################### scrap distortions #######################
 PROJECTION: plan
 AVERAGE  MAXIMAL  SCRAP
   0.00%    0.30%  odessaupday2oliandpeteSP1@odessaupday2oliandpete
################### end of scrap distortions ###################
