therion 5.3.16 (beta Vladimir)
initialization file: C:\Program Files (x86)\Therion/therion.ini
reading ... done
configuration file: thconfig
reading ... done
reading source files ... done
preprocessing database ... done
output coordinate system: UTM51
meridian convergence (deg): 0.3504
geomag declinations (deg):
  2016.1.1  -2.6872
  2017.1.1  -2.7765
scanning centreline tree ... done
searching for centerline loops ... done
calculating station coordinates ... done
calculating basic statistics ... done
processing extended elevation ... done
processing references ... done
selecting export objects ... done
processing projection plan ... done
average distortion: 0.05%
writing _output\Rhum_Doodle.pdf ...
####################### metapost log file ########################
This is MetaPost, version 1.209 (kpathsea version 5.1.0) (mem=mpost 2010.01.31)  22 FEB 2017 12:53
**data.mp
(./data.mp [4001] [4002] [4003] [4004] [4005] [4006] [4007] [4008] [4009] [4010
] [4011] [4012]

(c:/Users/henry_bennett/Documents/GitHub/SpeleoPhilippines/code/_scalebar_small
_format.mp)
(c:/Users/henry_bennett/Documents/GitHub/SpeleoPhilippines/code/_water_blue.mp)

(c:/Users/henry_bennett/Documents/GitHub/SpeleoPhilippines/code/_north_arrow_15
0.mp)
(c:/Users/henry_bennett/Documents/GitHub/SpeleoPhilippines/code/_continuous_cen
terline.mp) [1] [2] [3] [4] [5] [6] [7] [8] [9] [10] [11] [12] [13] [14]
(./mptextmp.mp) (./mptextmp.mp) (./mptextmp.mp) (./mptextmp.mp) (./mptextmp.mp)
(./mptextmp.mp) (./mptextmp.mp) [15] [16] [17] [18] [19] [20] [21] [22] [23]
[24] [25] [26] [27] [28] [29] )
 
Here is how much of MetaPost's memory you used:
 1353 strings out of 1638
 17115 string characters out of 26823
 62566 words of memory out of 1500000
 1513 symbolic tokens out of 16384
 9i,75n,12p,197b,4f stack positions out of 300i,84n,5000p,200b,15f
 55 string compactions (moved 712305 characters, 57898 strings)
41 output files written: data.1 .. data.4012

#################### end of metapost log file ####################
converting scraps ... done
making map ... done
######################## pdftex log file #########################
This is pdfTeX, Version 3.1415926-1.40.10 (Web2C 2009) (format=pdftex 2010.1.2)  22 FEB 2017 12:53
entering extended mode
**data.tex
(./data.tex (./th_enc.tex) (./th_texts.tex) (./th_resources.tex
(c:/Program Files (x86)/Therion/texmf/tex/glyphtounicode.tex))
(./th_fontdef.tex{c:/Program Files (x86)/Therion/texmf/fonts/pdftex.map})
(./th_formdef.tex) (./th_pagedef.tex (./th_legendcolor.tex) (./th_legend.tex) <
c:/Users/henry_bennett/Documents/GitHub/SpeleoPhilippines/images/Logo_BEC_300.p
ng>) (./th_pages.tex)
 81 numeric registers used out of 32768
 [1] ) 
Here is how much of TeX's memory you used:
 284 strings out of 95617
 2886 string characters out of 1171098
 32699 words of memory out of 1517677
 1691 multiletter control sequences out of 15000+50000
 21229 words of font info for 66 fonts, out of 1000000 for 2000
 849 hyphenation exceptions out of 1000
 11i,5n,7p,1262b,76s stack positions out of 5000i,500n,10000p,200000b,50000s
<c:/Program Files (x86)/Therion/texmf/fonts/type1/cmmi10.pfb><c:/Program 
Files (x86)/Therion/texmf/fonts/type1/cmr10.pfb><c:/Program Files (x86)/Therion
/texmf/fonts/type1/cmss10.pfb><c:/Program Files (x86)/Therion/texmf/fonts/type1
/cmssi10.pfb>
Output written on data.pdf (1 page, 104110 bytes).
PDF statistics:
 125 PDF objects out of 1000 (max. 8388607)
 0 named destinations out of 1000 (max. 500000)
 300 words of extra memory for PDF output out of 10000 (max. 10000000)


##################### end of pdftex log file #####################
done
writing .\_output\Rhum_Doodle_map.kml ... done
writing .\_output\Rhum_Doodle.kml ... done
writing _output\Rhum_Doodleth.3d ... done
writing _output\Rhum_Doodle.lox .....
C:\Program Files (x86)\Therion\therion.exe: warning -- rdSP2@ND2 -- invalid scrap outline
... done
writing xtherion file ... done
compilation time: 4 sec


###################### scrap distortions #######################
 PROJECTION: plan
 AVERAGE  MAXIMAL  SCRAP
   0.20%    4.58%  rdSP4@ND2
   0.20%    1.30%  rdSP3@ND2
   0.00%    0.06%  rdSP2@ND2
   0.00%    0.03%  rdSP5@ND2
   0.00%    0.02%  rdSP1@ND2
################### end of scrap distortions ###################
