therion 5.4.1 (2017-04-18)
initialization file: C:\Program Files (x86)\Therion/therion.ini
reading ... done
configuration file: thconfig
reading ... done
reading source files ... done
preprocessing database ... done
output coordinate system: UTM51
meridian convergence (deg): 0.3065
geomag declinations (deg):
  2005.1.1  -2.0223
  2006.1.1  -2.0683
  2007.1.1  -2.1145
  2008.1.1  -2.1606
  2009.1.1  -2.2068
  2010.1.1  -2.2530
  2011.1.1  -2.3333
  2012.1.1  -2.4137
  2013.1.1  -2.4940
  2014.1.1  -2.5744
  2015.1.1  -2.6548
scanning centreline tree ... done
searching for centerline loops ... done
calculating station coordinates ... done
average loop error: 8.48%
processing survey data ... 
####################### cavern log file ########################
 1> Survex 1.2.30
 2> Copyright ¸ 1990-2016 Olly Betts
 3> 
 4> Survey contains 3077 survey stations, joined by 3077 shots.
 5> There are 2 loops.
 6> Survey has 2 connected components.
 7> Total length of survey shots = 25377.67m (25374.09m adjusted)
 8> Total plan length of survey shots = 22791.12m
 9> Total vertical length of survey shots = 5451.72m
10> Vertical range = 110.45m (from 3058 at 311.67m to 1568 at 201.23m)
11> North-South range = 387.56m (from 2915 at 1993174.99m to 1568 at 1992787.43m)
12> East-West range = 839.26m (from 3077 at 394790.61m to 1560 at 393951.35m)
13> 2757 1-nodes.
14>   36 2-nodes.
15>    7 3-nodes.
16>   12 4-nodes.
17>   19 5-nodes.
18>   53 6-nodes.
19>   16 7-nodes.
20>   27 8-nodes.
21>   15 9-nodes.
22>   13 10-nodes.
23>   10 11-nodes.
24>   15 12-nodes.
25>   10 13-nodes.
26>   14 14-nodes.
27>    8 15-nodes.
28>   10 16-nodes.
29>    6 17-nodes.
30>    6 18-nodes.
31>    2 19-nodes.
32>    9 20-nodes.
33>    1 21-node.
34>    4 22-nodes.
35>    5 23-nodes.
36>    1 24-node.
37>    3 26-nodes.
38>    2 27-nodes.
39>    1 28-node.
40>    1 29-node.
41>    5 30-nodes.
42>    1 31-node.
43>    2 32-nodes.
44>    1 33-node.
45>    1 34-node.
46>    1 36-node.
47>    1 37-node.
48>    1 44-node.
49>    1 60-node.
50> 
######################### transcription ########################
 4> 3077 : -@bluewater -- 3077 : -@bluewater
 5> 2 : -@twiglet.bluewater
 6> 2 : -@twiglet.bluewater
10> 3058 : -@bluewater -- 1568 : -@bluewater
11> 2915 : -@bluewater -- 1568 : -@bluewater
12> 3077 : -@bluewater -- 1560 : -@bluewater
13> 2757 : -@bluewater
14> 36 : -@twiglet.bluewater
15> 7 : -@twiglet.bluewater
16> 12 : -@twiglet.bluewater
17> 19 : -@twiglet.bluewater
18> 53 : -@twiglet.bluewater
19> 16 : -@twiglet.bluewater
20> 27 : -@twiglet.bluewater
21> 15 : -@twiglet.bluewater
22> 13 : -@twiglet.bluewater
23> 10 : -@twiglet.bluewater
24> 15 : -@twiglet.bluewater
25> 10 : -@twiglet.bluewater
26> 14 : -@twiglet.bluewater
27> 8 : -@twiglet.bluewater
28> 10 : -@twiglet.bluewater
29> 6 : -@twiglet.bluewater
30> 6 : -@twiglet.bluewater
31> 2 : -@twiglet.bluewater
32> 9 : -@twiglet.bluewater
33> 1 : 1.0@twiglet.bluewater
34> 4 : -@twiglet.bluewater
35> 5 : -@twiglet.bluewater
36> 1 : 1.0@twiglet.bluewater
37> 3 : -@twiglet.bluewater
38> 2 : -@twiglet.bluewater
39> 1 : 1.0@twiglet.bluewater
40> 1 : 1.0@twiglet.bluewater
41> 5 : -@twiglet.bluewater
42> 1 : 1.0@twiglet.bluewater
43> 2 : -@twiglet.bluewater
44> 1 : 1.0@twiglet.bluewater
45> 1 : 1.0@twiglet.bluewater
46> 1 : 1.0@twiglet.bluewater
47> 1 : 1.0@twiglet.bluewater
48> 1 : 1.0@twiglet.bluewater
49> 1 : 1.0@twiglet.bluewater
#################### end of cavern log file ####################
done
calculating basic statistics ... done
processing extended elevation ... done
processing references ... done
selecting export objects ... done
processing projection plan ... done
average distortion: 0.87%
writing .\_output\bluewater.pdf ...
####################### metapost log file ########################
This is MetaPost, version 1.209 (kpathsea version 5.1.0) (mem=mpost 2010.01.31)  4 MAY 2017 10:06
**data.mp
(./data.mp [4001] [4002] [4003] [4004] [4005] [4006] [4007] [4008] [4009] [4010
] [4011] [4012] [4013]

(c:/Users/henry_bennett/Documents/GitHub/SpeleoPhilippines/CodeLibrary/_grid_x_
hair_to_continuos_line.mp)
(c:/Users/henry_bennett/Documents/GitHub/SpeleoPhilippines/CodeLibrary/_scaleba
r_large_format.mp)
(c:/Users/henry_bennett/Documents/GitHub/SpeleoPhilippines/CodeLibrary/_legend_
large_format.mp)
(c:/Users/henry_bennett/Documents/GitHub/SpeleoPhilippines/CodeLibrary/_north_a
rrow_150.mp) [1] [2] [3] [4]
[Warning: scrap outline intersects itself in scrap bluewater-above-climb-1-S2@b
luewater] [5] [6] [7] [8] [9] [10] [11] [12] [13] [14]
[Warning: text scaled down to fit the path in scrap bluewater-above-olympic-poo
l@bluewater] [15] [16] [17] [18] [19] [20] [21] [22] [23] [24] [25]
[Warning: text scaled down to fit the path in scrap bluewater-entrance-olympic-
pool@bluewater] [26] [27]
[Warning: scrap outline intersects itself in scrap bluewater-entrance_detail@bl
uewater]
[Warning: scrap outline intersects itself in scrap bluewater-entrance_detail@bl
uewater]
[Warning: scrap outline intersects itself in scrap bluewater-entrance_detail@bl
uewater] [28] [29] [30] [31] [32] [33] [34] [35] (./mptextmp.mp) (./mptextmp.mp
) (./mptextmp.mp) (./mptextmp.mp) (./mptextmp.mp) (./mptextmp.mp)
(./mptextmp.mp) [36] [37] [38] [39] [40] [41] [42] [43] [44] [45] [46] [47]
[48] [49] [50] [51] [52] [53] [54] [55] [56] [57] [58] [59] [60] [61] [62]
[63] [64] [65] [66] [67] [68] [69] [70] )
 
Here is how much of MetaPost's memory you used:
 1503 strings out of 1638
 17813 string characters out of 26823
 99138 words of memory out of 1500000
 1542 symbolic tokens out of 16384
 11i,75n,16p,349b,5f stack positions out of 300i,84n,5000p,390b,15f
 245 string compactions (moved 3868798 characters, 332134 strings)
83 output files written: data.1 .. data.4013

#################### end of metapost log file ####################
converting scraps ... done
making map ... done
######################## pdftex log file #########################
This is pdfTeX, Version 3.1415926-1.40.10 (Web2C 2009) (format=pdftex 2010.1.2)  4 MAY 2017 10:06
entering extended mode
**data.tex
(./data.tex (./th_enc.tex) (./th_texts.tex) (./th_resources.tex
(c:/Program Files (x86)/Therion/texmf/tex/glyphtounicode.tex))
(./th_fontdef.tex{c:/Program Files (x86)/Therion/texmf/fonts/pdftex.map})
(./th_formdef.tex) (./th_pagedef.tex
Overfull \hbox (170.71652pt too wide) in paragraph at lines 12--12
[] [] |

\hbox(194.7275+0.0)x995.84645
.\hbox(0.0+0.0)x0.0
.\glue 170.71652
.\hbox(194.7275+0.0)x995.84645, glue set 823.20146fil
..\glue 0.0 plus 1.0fil
..\pdfrefxform(194.7275+0.0)x172.64499
.\penalty 10000
.\glue(\parfillskip) 0.0 plus 1.0fil
.etc.

(./th_legend.tex) <c:/Users/henry_bennett/Documents/GitHub/SpeleoPhilippines/im
ages/Logo_BEC_1250.png> <c:/Users/henry_bennett/Documents/GitHub/SpeleoPhilippi
nes/images/Logo_SMOC_1250.png>) (./th_pages.tex)
 129 numeric registers used out of 32768
 [1] ) 
Here is how much of TeX's memory you used:
 329 strings out of 95617
 3261 string characters out of 1171098
 172961 words of memory out of 1646939
 1739 multiletter control sequences out of 15000+50000
 21229 words of font info for 66 fonts, out of 1000000 for 2000
 849 hyphenation exceptions out of 1000
 10i,8n,7p,1719b,97s stack positions out of 5000i,500n,10000p,200000b,50000s
<c:/Program Files (x86)/Therion/texmf/fonts/type1/cmmi10.pfb><c:/Program 
Files (x86)/Therion/texmf/fonts/type1/cmr10.pfb><c:/Program Files (x86)/Therion
/texmf/fonts/type1/cmss10.pfb><c:/Program Files (x86)/Therion/texmf/fonts/type1
/cmssi10.pfb>
Output written on data.pdf (1 page, 579612 bytes).
PDF statistics:
 215 PDF objects out of 1000 (max. 8388607)
 0 named destinations out of 1000 (max. 500000)
 571 words of extra memory for PDF output out of 10000 (max. 10000000)


##################### end of pdftex log file #####################
done
writing xtherion file ... done
compilation time: 7 sec


######################### loop errors ##########################
REL-ERR ABS-ERR TOTAL-L STS X-ERROR Y-ERROR Z-ERROR STATIONS
  8.48%   20.5m  241.3m  54  -10.1m   17.7m    1.7m [1.17@bluewater - 2.0 - 2.1 - 2.2 - 2.3 - 2.4 - 2.5 - 2.6 - 2.7 - 2.8 - 2.9 - 2.10 - 2.11 - 2.12 - 2.13 - 2.14 - 2.15 - 2.16 - 2.17 - 2.18 - 2.19 - 2.20 - 3.0 - 3.1 - 3.2 - 3.3 - 3.4 - 3.5 - 3.6 - 3.7 - 3.8 - 3.9 - 3.10 - 3.11 - 3.12 - 3.13 - 3.14 - 3.15 - 3.16 - 3.17 - 3.18 - 3.19 - 3.20 - 3.21 - 3.22 - 3.23 - 3.24 - 3.25 - 3.26 - 3.27 - 3.28 - 3.29 = 1.14 - 1.15 - 1.16 - 1.17]
##################### end of loop errors #######################


###################### scrap distortions #######################
 PROJECTION: plan
 AVERAGE  MAXIMAL  SCRAP
   7.65%  100.00%  bluewater-fossil@bluewater
   1.86%   74.00%  bluewater-above-olympic-pool@bluewater
   4.46%   40.41%  overlap-not-used@bluewater
   0.05%   13.12%  bluewater-entrance_detail@bluewater
   0.51%    1.96%  bluewater-entrance-overlay-passage@bluewater
   0.07%    1.94%  bluewater-olympic-pool@bluewater
   0.02%    0.45%  bluewater-above-climb-2@bluewater
   0.01%    0.45%  twigletSP1@twiglet.bluewater
   0.01%    0.42%  bluewater-above-climb-1-S1@bluewater
   0.01%    0.39%  bluewater-above-climb-1-S2@bluewater
   0.04%    0.24%  bluewater-entrance-olympic-pool@bluewater
   0.00%    0.00%  nullscrap@bluewater
################### end of scrap distortions ###################
