therion 5.3.16
initialization file: C:\Program Files (x86)\Therion/therion.ini
reading ... done
configuration file: thconfig.thc
reading ... done
reading source files ... done
preprocessing database ... done
output coordinate system: UTM51
meridian convergence (deg): 0.3002
geomag declinations (deg):
  2015.1.1  -2.6578
  2016.1.1  -2.7471
scanning centreline tree ... done
searching for centerline loops ... done
calculating station coordinates ... done
processing survey data ... 
####################### cavern log file ########################
 1> Survex 1.2.12
 2> Copyright ¸ 1990-2014 Olly Betts
 3> 
 4> Survey contains 111 survey stations, joined by 110 shots.
 5> There is 1 loop.
 6> Survey has 2 connected components.
 7> Total length of survey shots =  634.98m ( 634.98m adjusted)
 8> Total plan length of survey shots =  459.47m
 9> Total vertical length of survey shots =  298.59m
10> Vertical range = 41.60m (from 111 at 502.21m to 80 at 460.61m)
11> North-South range = 28.63m (from 10 at 1993397.22m to 34 at 1993368.59m)
12> East-West range = 65.67m (from 111 at 397332.36m to 76 at 397266.69m)
13>   95 1-nodes.
14>    1 2-node.
15>    1 4-node.
16>    5 6-nodes.
17>    1 7-node.
18>    1 8-node.
19>    3 9-nodes.
20>    1 11-node.
21>    3 12-nodes.
22> 
######################### transcription ########################
 4> 111 : -@white_lightning -- 110 : 1.15@white_lightning
 5> 1 : 1.0@white_lightning
 6> 2 : -@white_lightning
10> 111 : -@white_lightning -- 80 : -@white_lightning
11> 10 : -@white_lightning -- 34 : -@white_lightning
12> 111 : -@white_lightning -- 76 : -@white_lightning
13> 95 : -@white_lightning
14> 1 : 1.0@white_lightning
15> 1 : 1.0@white_lightning
16> 5 : -@white_lightning
17> 1 : 1.0@white_lightning
18> 1 : 1.0@white_lightning
19> 3 : -@white_lightning
20> 1 : 1.0@white_lightning
21> 3 : -@white_lightning
#################### end of cavern log file ####################
done
calculating basic statistics ... done
processing extended elevation ... done
processing references ... done
selecting export objects ... done
writing .\output\WhiteLightning.3d ... done
writing .\output\WhiteLightning.lox ...
processing projection plan ... done
average distortion: 0.03%
.... done
writing .\output\WhiteLightning.pdf ...
####################### metapost log file ########################
This is MetaPost, version 1.209 (kpathsea version 5.1.0) (mem=mpost 2010.01.31)  13 NOV 2015 22:32
**data.mp
(./data.mp [4001] [4002] [4003] [4004] [4005] [4006] [4007] [4008] [4009] [4010
] [4011] [4012]
[1]
[Warning: scrap outline intersects itself in scrap wlSP3@white_lightning] [2]
[3] [4] [5] [6] [7] [8] [9] [10] [11] [12] [13] [14] [15] [16] [17] [18]
(./mptextmp.mp) [19] )
 
Here is how much of MetaPost's memory you used:
 1086 strings out of 1162
 13238 string characters out of 20720
 78727 words of memory out of 1500000
 1369 symbolic tokens out of 16384
 11i,75n,16p,267b,5f stack positions out of 300i,84n,5000p,312b,15f
 72 string compactions (moved 752140 characters, 61709 strings)
31 output files written: data.1 .. data.4012

#################### end of metapost log file ####################
converting scraps ... done
making map ... done
######################## pdftex log file #########################
This is pdfTeX, Version 3.1415926-1.40.10 (Web2C 2009) (format=pdftex 2010.1.2)  13 NOV 2015 22:32
entering extended mode
**data.tex
(./data.tex (./th_enc.tex) (./th_texts.tex) (./th_resources.tex
(c:/Program Files (x86)/Therion/texmf/tex/glyphtounicode.tex))
(./th_fontdef.tex{c:/Program Files (x86)/Therion/texmf/fonts/pdftex.map})
(./th_formdef.tex) (./th_pagedef.tex) (./th_pages.tex)
 80 numeric registers used out of 32768
 [1] ) 
Here is how much of TeX's memory you used:
 277 strings out of 95617
 2826 string characters out of 1171098
 66238 words of memory out of 1546216
 1690 multiletter control sequences out of 15000+50000
 20080 words of font info for 63 fonts, out of 1000000 for 2000
 849 hyphenation exceptions out of 1000
 9i,5n,8p,238b,58s stack positions out of 5000i,500n,10000p,200000b,50000s
<c:/Program Files (x86)/Therion/texmf/fonts/type1/cmss10.pfb><c:/Program 
Files (x86)/Therion/texmf/fonts/type1/cmssi10.pfb>
Output written on data.pdf (1 page, 64633 bytes).
PDF statistics:
 97 PDF objects out of 1000 (max. 8388607)
 0 named destinations out of 1000 (max. 500000)
 251 words of extra memory for PDF output out of 10000 (max. 10000000)


##################### end of pdftex log file #####################
done
C:\Program Files (x86)\Therion\therion.exe: warning --  [0] -- source layout not found -- local
writing .\output\WhiteLightning.kml ... done
writing xtherion file ... done
compilation time: 3 sec


###################### scrap distortions #######################
 PROJECTION: plan
 AVERAGE  MAXIMAL  SCRAP
   0.05%    1.98%  wlSP2@white_lightning
   0.01%    0.22%  wlSP1@white_lightning
   0.04%    0.18%  wlSP3@white_lightning
   0.02%    0.16%  wlSP4@white_lightning
################### end of scrap distortions ###################
