therion 5.3.16
initialization file: C:\Program Files (x86)\Therion/therion.ini
reading ... done
configuration file: thconfig
reading ... done
reading source files ... done
preprocessing database ... done
scanning centreline tree ... done
searching for centerline loops ... done
calculating station coordinates ... done
processing survey data ... 
####################### cavern log file ########################
 1> Survex 1.2.12
 2> Copyright ¸ 1990-2014 Olly Betts
 3> Survey has no fixed points. Therefore I've fixed 1 at (0,0,0)
 4> 
 5> Survey contains 30 survey stations, joined by 29 shots.
 6> There are 0 loops.
 7> Total length of survey shots =  107.13m ( 107.13m adjusted)
 8> Total plan length of survey shots =   97.60m
 9> Total vertical length of survey shots =   23.80m
10> Vertical range = 7.75m (from 30 at 4.32m to 28 at -3.43m)
11> North-South range = 12.95m (from 2 at 0.00m to 15 at -12.95m)
12> East-West range = 21.43m (from 18 at 3.19m to 28 at -18.25m)
13>   26 1-nodes.
14>    1 2-node.
15>    1 9-node.
16>    1 10-node.
17>    1 11-node.
18> 
######################### transcription ########################
 3> 1 : 28.3@odessa-up-loop-28d3-36d3
 5> 30 : -@odessa-up-loop-28d3-36d3 -- 29 : -@odessa-up-loop-28d3-36d3
10> 30 : -@odessa-up-loop-28d3-36d3 -- 28 : -@odessa-up-loop-28d3-36d3
11> 2 : 36.0@odessa-up-loop-28d3-36d3 -- 15 : -@odessa-up-loop-28d3-36d3
12> 18 : -@odessa-up-loop-28d3-36d3 -- 28 : -@odessa-up-loop-28d3-36d3
13> 26 : -@odessa-up-loop-28d3-36d3
14> 1 : 28.3@odessa-up-loop-28d3-36d3
15> 1 : 28.3@odessa-up-loop-28d3-36d3
16> 1 : 28.3@odessa-up-loop-28d3-36d3
17> 1 : 28.3@odessa-up-loop-28d3-36d3
#################### end of cavern log file ####################
done
calculating basic statistics ... done
processing extended elevation ... done
processing references ... done
selecting export objects ... done
processing projection plan ... done
average distortion: 0.01%
writing odessa-up-loop-28d3-36d3.pdf ...
####################### metapost log file ########################
This is MetaPost, version 1.209 (kpathsea version 5.1.0) (mem=mpost 2010.01.31)  30 APR 2016 13:06
**data.mp
(./data.mp [4001] [4002] [4003] [4004] [4005] [4006] [4007] [4008] [4009] [4010
] [4011] [4012]
[1] [2] [3] [4] (./mptextmp.mp) [5] )
 
Here is how much of MetaPost's memory you used:
 1024 strings out of 1162
 13097 string characters out of 20720
 59725 words of memory out of 1500000
 1367 symbolic tokens out of 16384
 8i,75n,11p,197b,4f stack positions out of 300i,84n,5000p,200b,15f
 33 string compactions (moved 240863 characters, 19812 strings)
17 output files written: data.1 .. data.4012

#################### end of metapost log file ####################
converting scraps ... done
making map ... done
######################## pdftex log file #########################
This is pdfTeX, Version 3.1415926-1.40.10 (Web2C 2009) (format=pdftex 2010.1.2)  30 APR 2016 13:06
entering extended mode
**data.tex
(./data.tex (./th_enc.tex) (./th_texts.tex) (./th_resources.tex
(c:/Program Files (x86)/Therion/texmf/tex/glyphtounicode.tex))
(./th_fontdef.tex{c:/Program Files (x86)/Therion/texmf/fonts/pdftex.map})
(./th_formdef.tex) (./th_pagedef.tex) (./th_pages.tex)
 53 numeric registers used out of 32768
 [1] ) 
Here is how much of TeX's memory you used:
 250 strings out of 95617
 2539 string characters out of 1171098
 18362 words of memory out of 1505340
 1663 multiletter control sequences out of 15000+50000
 20080 words of font info for 63 fonts, out of 1000000 for 2000
 849 hyphenation exceptions out of 1000
 9i,5n,8p,260b,58s stack positions out of 5000i,500n,10000p,200000b,50000s
<c:/Program Files (x86)/Therion/texmf/fonts/type1/cmss10.pfb><c:/Program 
Files (x86)/Therion/texmf/fonts/type1/cmssi10.pfb>
Output written on data.pdf (1 page, 22141 bytes).
PDF statistics:
 40 PDF objects out of 1000 (max. 8388607)
 0 named destinations out of 1000 (max. 500000)
 79 words of extra memory for PDF output out of 10000 (max. 10000000)


##################### end of pdftex log file #####################
done
writing odessa-up-loop-28d3-36d3th.3d ... done
writing xtherion file ... done
compilation time: 2 sec


###################### scrap distortions #######################
 PROJECTION: plan
 AVERAGE  MAXIMAL  SCRAP
   0.01%    0.07%  odessa-up-loop-28d3-36d3SP1@odessa-up-loop-28d3-36d3
################### end of scrap distortions ###################
