therion 5.3.16
initialization file: C:\Program Files (x86)\Therion/therion.ini
reading ... done
configuration file: thconfig
reading ... done
reading source files ... done
preprocessing database ... done
scanning centreline tree ... done
searching for centerline loops ... done
calculating station coordinates ... done
processing survey data ... 
####################### cavern log file ########################
 1> Survex 1.2.12
 2> Copyright ¸ 1990-2014 Olly Betts
 3> Survey has no fixed points. Therefore I've fixed 1 at (0,0,0)
 4> 
 5> Survey contains 183 survey stations, joined by 182 shots.
 6> There are 0 loops.
 7> Total length of survey shots =  293.69m ( 293.69m adjusted)
 8> Total plan length of survey shots =  260.71m
 9> Total vertical length of survey shots =   61.03m
10> Vertical range = 3.09m (from 141 at 2.14m to 21 at -0.95m)
11> North-South range = 92.86m (from 3 at 0.69m to 180 at -92.17m)
12> East-West range = 53.56m (from 2 at 0.00m to 140 at -53.56m)
13>  143 1-nodes.
14>    5 2-nodes.
15>    2 4-nodes.
16>    9 5-nodes.
17>   17 6-nodes.
18>    4 7-nodes.
19>    1 8-node.
20>    2 10-nodes.
21> 
######################### transcription ########################
 3> 1 : 28.61@seriouscavingupstream
 5> 183 : 43.40@seriouscavingupstream -- 182 : -@seriouscavingupstream
10> 141 : -@seriouscavingupstream -- 21 : -@seriouscavingupstream
11> 3 : 43.1@seriouscavingupstream -- 180 : -@seriouscavingupstream
12> 2 : 43.0@seriouscavingupstream -- 140 : -@seriouscavingupstream
13> 143 : 43.31@seriouscavingupstream
14> 5 : -@seriouscavingupstream
15> 2 : 43.0@seriouscavingupstream
16> 9 : -@seriouscavingupstream
17> 17 : 43.5@seriouscavingupstream
18> 4 : 43.2@seriouscavingupstream
19> 1 : 28.61@seriouscavingupstream
20> 2 : 43.0@seriouscavingupstream
#################### end of cavern log file ####################
done
calculating basic statistics ... done
processing extended elevation ... done
processing references ... done
selecting export objects ... done
processing projection plan ... done
average distortion: 0.02%
writing seriouscavingupstream.pdf ...
####################### metapost log file ########################
This is MetaPost, version 1.209 (kpathsea version 5.1.0) (mem=mpost 2010.01.31)  5 MAY 2016 19:21
**data.mp
(./data.mp [4001] [4002] [4003] [4004] [4005] [4006] [4007] [4008] [4009] [4010
] [4011] [4012]
[1] [2] [3] [4] (./mptextmp.mp) [5] )
 
Here is how much of MetaPost's memory you used:
 1078 strings out of 1162
 13171 string characters out of 20720
 155907 words of memory out of 1500000
 1367 symbolic tokens out of 16384
 11i,75n,14p,197b,4f stack positions out of 300i,84n,5000p,200b,15f
 53 string compactions (moved 501642 characters, 40305 strings)
17 output files written: data.1 .. data.4012

#################### end of metapost log file ####################
converting scraps ... done
making map ... done
######################## pdftex log file #########################
This is pdfTeX, Version 3.1415926-1.40.10 (Web2C 2009) (format=pdftex 2010.1.2)  5 MAY 2016 19:21
entering extended mode
**data.tex
(./data.tex (./th_enc.tex) (./th_texts.tex) (./th_resources.tex
(c:/Program Files (x86)/Therion/texmf/tex/glyphtounicode.tex))
(./th_fontdef.tex{c:/Program Files (x86)/Therion/texmf/fonts/pdftex.map})
(./th_formdef.tex) (./th_pagedef.tex) (./th_pages.tex)
 54 numeric registers used out of 32768
 [1] ) 
Here is how much of TeX's memory you used:
 251 strings out of 95617
 2543 string characters out of 1171098
 215790 words of memory out of 1688768
 1664 multiletter control sequences out of 15000+50000
 20080 words of font info for 63 fonts, out of 1000000 for 2000
 849 hyphenation exceptions out of 1000
 9i,5n,8p,241b,58s stack positions out of 5000i,500n,10000p,200000b,50000s
<c:/Program Files (x86)/Therion/texmf/fonts/type1/cmss10.pfb><c:/Program 
Files (x86)/Therion/texmf/fonts/type1/cmssi10.pfb>
Output written on data.pdf (1 page, 110300 bytes).
PDF statistics:
 41 PDF objects out of 1000 (max. 8388607)
 0 named destinations out of 1000 (max. 500000)
 83 words of extra memory for PDF output out of 10000 (max. 10000000)


##################### end of pdftex log file #####################
done
writing seriouscavingupstreamth.3d ... done
writing xtherion file ... done
compilation time: 4 sec


###################### scrap distortions #######################
 PROJECTION: plan
 AVERAGE  MAXIMAL  SCRAP
   0.02%    1.71%  seriouscavingupstreamSP1@seriouscavingupstream
################### end of scrap distortions ###################
