therion 5.3.16
initialization file: C:\Program Files (x86)\Therion/therion.ini
reading ... done
configuration file: thconfig
reading ... done
reading source files ... done
preprocessing database ... done
scanning centreline tree ... done
searching for centerline loops ... done
calculating station coordinates ... done
average loop error: 13.58%
processing survey data ... 
####################### cavern log file ########################
 1> Survex 1.2.12
 2> Copyright ¸ 1990-2014 Olly Betts
 3> Survey has no fixed points. Therefore I've fixed 1 at (0,0,0)
 4> 
 5> Survey contains 19 survey stations, joined by 19 shots.
 6> There is 1 loop.
 7> Total length of survey shots =  363.93m ( 363.69m adjusted)
 8> Total plan length of survey shots =  363.93m
 9> Total vertical length of survey shots =    0.00m
10> Vertical range = 0.00m (from 19 at 0.00m to 19 at 0.00m)
11> North-South range = 220.99m (from 11 at 220.99m to 1 at 0.00m)
12> East-West range = 91.14m (from 1 at 0.00m to 7 at -91.14m)
13>    4 1-nodes.
14>   12 2-nodes.
15>    2 3-nodes.
16>    1 4-node.
17> 
######################### transcription ########################
 3> 1 : 1.0@MainWestSide
 5> 19 : 3.2@MainWestSide -- 19 : 3.2@MainWestSide
 6> 1 : 1.0@MainWestSide
10> 19 : 3.2@MainWestSide -- 19 : 3.2@MainWestSide
11> 11 : 1.10@MainWestSide -- 1 : 1.0@MainWestSide
12> 1 : 1.0@MainWestSide -- 7 : 1.6@MainWestSide
13> 4 : 1.3@MainWestSide
14> 12 : 2.1@MainWestSide
15> 2 : 1.1@MainWestSide
16> 1 : 1.0@MainWestSide
#################### end of cavern log file ####################
done
calculating basic statistics ... done
processing extended elevation ... done
processing references ... done
selecting export objects ... done
processing projection plan ... done
average distortion: 6.12%
writing Main2Sewer.pdf ...
####################### metapost log file ########################
This is MetaPost, version 1.209 (kpathsea version 5.1.0) (mem=mpost 2010.01.31)  5 MAY 2016 17:01
**data.mp
(./data.mp [4001] [4002] [4003] [4004] [4005] [4006] [4007] [4008] [4009] [4010
] [4011] [4012]
[1] [2] [3] (./mptextmp.mp) [4] )
 
Here is how much of MetaPost's memory you used:
 1025 strings out of 1162
 13970 string characters out of 20720
 60488 words of memory out of 1500000
 1367 symbolic tokens out of 16384
 8i,75n,11p,197b,4f stack positions out of 300i,84n,5000p,200b,15f
 33 string compactions (moved 282314 characters, 22944 strings)
16 output files written: data.1 .. data.4012

#################### end of metapost log file ####################
converting scraps ... done
making map ... done
######################## pdftex log file #########################
This is pdfTeX, Version 3.1415926-1.40.10 (Web2C 2009) (format=pdftex 2010.1.2)  5 MAY 2016 17:01
entering extended mode
**data.tex
(./data.tex (./th_enc.tex) (./th_texts.tex) (./th_resources.tex
(c:/Program Files (x86)/Therion/texmf/tex/glyphtounicode.tex))
(./th_fontdef.tex{c:/Program Files (x86)/Therion/texmf/fonts/pdftex.map})
(./th_formdef.tex) (./th_pagedef.tex) (./th_pages.tex)
 52 numeric registers used out of 32768
 [1] ) 
Here is how much of TeX's memory you used:
 249 strings out of 95617
 2529 string characters out of 1171098
 18146 words of memory out of 1505124
 1662 multiletter control sequences out of 15000+50000
 20080 words of font info for 63 fonts, out of 1000000 for 2000
 849 hyphenation exceptions out of 1000
 9i,5n,8p,238b,58s stack positions out of 5000i,500n,10000p,200000b,50000s
<c:/Program Files (x86)/Therion/texmf/fonts/type1/cmss10.pfb><c:/Program 
Files (x86)/Therion/texmf/fonts/type1/cmssi10.pfb>
Output written on data.pdf (1 page, 20651 bytes).
PDF statistics:
 38 PDF objects out of 1000 (max. 8388607)
 0 named destinations out of 1000 (max. 500000)
 73 words of extra memory for PDF output out of 10000 (max. 10000000)


##################### end of pdftex log file #####################
C:\Program Files (x86)\Therion\therion.exe: error -- cp exit code -- 1
writing xtherion file ... done
