therion 5.3.16
initialization file: C:\Program Files (x86)\Therion/therion.ini
reading ... done
configuration file: thconfig
reading ... done
reading source files ... done
preprocessing database ... done
output coordinate system: UTM51
meridian convergence (deg): 0.3571
geomag declinations (deg):
  2016.1.1  -2.6800
  2017.1.1  -2.7693
scanning centreline tree ... done
searching for centerline loops ... done
calculating station coordinates ... done
processing survey data ... 
####################### cavern log file ########################
 1> Survex 1.2.12
 2> Copyright ¸ 1990-2014 Olly Betts
 3> 
 4> Survey contains 3025 survey stations, joined by 3024 shots.
 5> There are 0 loops.
 6> Total length of survey shots = 14541.05m (14541.05m adjusted)
 7> Total plan length of survey shots = 13523.66m
 8> Total vertical length of survey shots = 2700.84m
 9> Vertical range = 34.70m (from 2167 at 176.80m to 3009 at 142.10m)
10> North-South range = 548.23m (from 3004 at 1966043.59m to 1273 at 1965495.37m)
11> East-West range = 433.78m (from 3024 at 376351.79m to 791 at 375918.00m)
12> 2854 1-nodes.
13>    9 2-nodes.
14>    3 3-nodes.
15>    1 4-node.
16>    3 5-nodes.
17>    3 6-nodes.
18>    3 7-nodes.
19>    3 8-nodes.
20>    3 9-nodes.
21>    4 10-nodes.
22>    3 11-nodes.
23>    6 12-nodes.
24>    4 13-nodes.
25>   10 14-nodes.
26>    9 15-nodes.
27>    7 16-nodes.
28>    8 17-nodes.
29>    9 18-nodes.
30>    6 19-nodes.
31>   13 20-nodes.
32>    4 21-nodes.
33>   10 22-nodes.
34>    4 23-nodes.
35>    4 24-nodes.
36>    6 25-nodes.
37>    3 26-nodes.
38>    5 27-nodes.
39>    5 28-nodes.
40>    5 29-nodes.
41>    2 30-nodes.
42>    2 31-nodes.
43>    1 32-node.
44>    4 33-nodes.
45>    2 35-nodes.
46>    1 37-node.
47>    1 39-node.
48>    1 42-node.
49>    2 45-nodes.
50>    1 47-node.
51>    1 51-node.
52> 
######################### transcription ########################
 4> 3025 : 51.2@Daquioag -- 3024 : -@Daquioag
 9> 2167 : -@Daquioag -- 3009 : -@Daquioag
10> 3004 : -@Daquioag -- 1273 : -@Daquioag
11> 3024 : -@Daquioag -- 791 : -@Daquioag
12> 2854 : -@Daquioag
13> 9 : -@Daquioag
14> 3 : 1.1@Daquioag
15> 1 : 1.0@Daquioag
16> 3 : 1.1@Daquioag
17> 3 : 1.1@Daquioag
18> 3 : 1.1@Daquioag
19> 3 : 1.1@Daquioag
20> 3 : 1.1@Daquioag
21> 4 : 1.2@Daquioag
22> 3 : 1.1@Daquioag
23> 6 : 1.3@Daquioag
24> 4 : 1.2@Daquioag
25> 10 : -@Daquioag
26> 9 : -@Daquioag
27> 7 : -@Daquioag
28> 8 : -@Daquioag
29> 9 : -@Daquioag
30> 6 : 1.3@Daquioag
31> 13 : 1.4@Daquioag
32> 4 : 1.2@Daquioag
33> 10 : -@Daquioag
34> 4 : 1.2@Daquioag
35> 4 : 1.2@Daquioag
36> 6 : 1.3@Daquioag
37> 3 : 1.1@Daquioag
38> 5 : -@Daquioag
39> 5 : -@Daquioag
40> 5 : -@Daquioag
41> 2 : -@Daquioag
42> 2 : -@Daquioag
43> 1 : 1.0@Daquioag
44> 4 : 1.2@Daquioag
45> 2 : -@Daquioag
46> 1 : 1.0@Daquioag
47> 1 : 1.0@Daquioag
48> 1 : 1.0@Daquioag
49> 2 : -@Daquioag
50> 1 : 1.0@Daquioag
51> 1 : 1.0@Daquioag
#################### end of cavern log file ####################
done
calculating basic statistics ... done
processing extended elevation ... done
processing references ... done
selecting export objects ... done
processing projection plan ... done
average distortion: 0.00%
writing .\_output\Daquioag.pdf ...
processing projection none ... done
####################### metapost log file ########################
This is MetaPost, version 1.209 (kpathsea version 5.1.0) (mem=mpost 2010.01.31)  13 MAY 2016 18:27
**data.mp
(./data.mp [4001] [4002] [4003] [4004] [4005] [4006] [4007] [4008] [4009] [4010
] [4011] [4012]
[4013] [1] [2] [3]
[Warning: text scaled down to fit the path in scrap DaquioagSP1@Daquioag]
[Warning: text scaled down to fit the path in scrap DaquioagSP1@Daquioag]
[Warning: text scaled down to fit the path in scrap DaquioagSP1@Daquioag]
[Warning: text scaled down to fit the path in scrap DaquioagSP1@Daquioag] [4]
[5] [6] [7] [8] [9] [10] [11] [12] [13] [14] [15] [16] [17] [18] [19] [20]
[21] [22] [23] [24]
[Warning: scrap outline intersects itself in scrap DaquioagSPX20.12@Daquioag]
[25] [26] [27] [28] [29] [30] [31] [32] [33] [34] (./mptextmp.mp)
(./mptextmp.mp) (./mptextmp.mp) (./mptextmp.mp) (./mptextmp.mp) (./mptextmp.mp)
(./mptextmp.mp) [35] [36] [37] [38] [39] [40] [41] [42] [43] [44] )
 
Here is how much of MetaPost's memory you used:
 1940 strings out of 2233
 18139 string characters out of 34452
 505366 words of memory out of 1500000
 1530 symbolic tokens out of 16384
 11i,75n,16p,576b,5f stack positions out of 300i,84n,5000p,608b,15f
 389 string compactions (moved 6013392 characters, 563080 strings)
57 output files written: data.1 .. data.4013

#################### end of metapost log file ####################
converting scraps ... done
making map ... done
######################## pdftex log file #########################
This is pdfTeX, Version 3.1415926-1.40.10 (Web2C 2009) (format=pdftex 2010.1.2)  13 MAY 2016 18:27
entering extended mode
**data.tex
(./data.tex (./th_enc.tex) (./th_texts.tex) (./th_resources.tex
(c:/Program Files (x86)/Therion/texmf/tex/glyphtounicode.tex))
(./th_fontdef.tex{c:/Program Files (x86)/Therion/texmf/fonts/pdftex.map})
(./th_formdef.tex) (./th_pagedef.tex
Overfull \hbox (169.89368pt too wide) in paragraph at lines 12--12
[]\thfb Odessa Sys-tem - Daquioag|

\hbox(83.33336+23.33336)x1138.11023, glue set - 1.0
.\hbox(0.0+0.0)x0.0
.\thfb O
.\thfb d
.\thfb e
.\thfb s
.etc.

(./th_legend.tex) (./th_legendcolor.tex)) (./th_pages.tex)
 109 numeric registers used out of 32768
 [1] ) 
Here is how much of TeX's memory you used:
 312 strings out of 95617
 3194 string characters out of 1171098
 1252919 words of memory out of 2651897
 1719 multiletter control sequences out of 15000+50000
 20080 words of font info for 63 fonts, out of 1000000 for 2000
 849 hyphenation exceptions out of 1000
 10i,5n,6p,1577b,62s stack positions out of 5000i,500n,10000p,200000b,50000s
<c:/Program Files (x86)/Therion/texmf/fonts/type1/cmmi10.pfb><c:/Program 
Files (x86)/Therion/texmf/fonts/type1/cmr10.pfb><c:/Program Files (x86)/Therion
/texmf/fonts/type1/cmss10.pfb><c:/Program Files (x86)/Therion/texmf/fonts/type1
/cmssi10.pfb>
Output written on data.pdf (1 page, 607161 bytes).
PDF statistics:
 159 PDF objects out of 1000 (max. 8388607)
 0 named destinations out of 1000 (max. 500000)
 409 words of extra memory for PDF output out of 10000 (max. 10000000)


##################### end of pdftex log file #####################
done
writing .\_output\Daquioag-map.kml ... done
writing .\_output\Daquioag-model.kml ... done
writing .\_output\Daquioag.3d ... done
writing xtherion file ... done
compilation time: 17 sec


###################### scrap distortions #######################
 PROJECTION: plan
 AVERAGE  MAXIMAL  SCRAP
   0.00%    2.44%  DaquioagSP1@Daquioag
   0.00%    0.00%  Road@Daquioag
################### end of scrap distortions ###################
