therion 5.3.16
initialization file: C:\Program Files\Therion/therion.ini
reading ... done
configuration file: thconfig
reading ... done
reading source files ... done
preprocessing database ... done
output coordinate system: UTM51
meridian convergence (deg): 0.3537
geomag declinations (deg):
  2005.1.1  -1.9618
  2006.1.1  -2.0078
scanning centreline tree ... done
searching for centerline loops ... done
calculating station coordinates ... done
average loop error: 1.05%
processing survey data ... 
####################### cavern log file ########################
 1> Survex 1.2.17
 2> Copyright ¸ 1990-2015 Olly Betts
 3> 
 4> Survey contains 168 survey stations, joined by 168 legs.
 5> There is 1 loop.
 6> Total length of survey legs = 1287.19m (1287.17m adjusted)
 7> Total plan length of survey legs = 1248.75m
 8> Total vertical length of survey legs =  159.90m
 9> Vertical range = 9.35m (from 27 at 169.50m to 50 at 160.14m)
10> North-South range = 114.99m (from 2 at 1966711.40m to 167 at 1966596.41m)
11> East-West range = 36.44m (from 74 at 377314.60m to 144 at 377278.15m)
12>  146 1-nodes.
13>    8 2-nodes.
14>    1 3-node.
15>    4 4-nodes.
16>    2 7-nodes.
17>    1 8-node.
18>    1 11-node.
19>    1 20-node.
20>    2 22-nodes.
21>    1 23-node.
22>    1 35-node.
23> 
######################### transcription ########################
 4> 168 : 4.1@Diffan -- 168 : 4.1@Diffan
 5> 1 : 1.0@Diffan
 9> 27 : -@Diffan -- 50 : -@Diffan
10> 2 : -@Diffan -- 167 : -@Diffan
11> 74 : -@Diffan -- 144 : -@Diffan
12> 146 : -@Diffan
13> 8 : -@Diffan
14> 1 : 1.0@Diffan
15> 4 : -@Diffan
16> 2 : -@Diffan
17> 1 : 1.0@Diffan
18> 1 : 1.0@Diffan
19> 1 : 1.0@Diffan
20> 2 : -@Diffan
21> 1 : 1.0@Diffan
22> 1 : 1.0@Diffan
#################### end of cavern log file ####################
done
calculating basic statistics ... done
processing extended elevation ... done
processing references ... done
selecting export objects ... done
processing projection plan ... done
average distortion: 0.06%
writing Diffan.pdf ...
####################### metapost log file ########################
This is MetaPost, version 1.209 (kpathsea version 5.1.0) (mem=mpost 2010.01.31)  19 APR 2016 19:36
**data.mp
(./data.mp [4001] [4002] [4003] [4004] [4005] [4006] [4007] [4008] [4009] [4010
] [4011] [4012]
[1] [2] [3] [4] (./mptextmp.mp) [5] )
 
Here is how much of MetaPost's memory you used:
 1021 strings out of 1162
 13053 string characters out of 20720
 61193 words of memory out of 1500000
 1367 symbolic tokens out of 16384
 8i,75n,11p,197b,4f stack positions out of 300i,84n,5000p,200b,15f
 48 string compactions (moved 414826 characters, 33343 strings)
17 output files written: data.1 .. data.4012

#################### end of metapost log file ####################
converting scraps ... done
making map ... done
######################## pdftex log file #########################
This is pdfTeX, Version 3.1415926-1.40.10 (Web2C 2009) (format=pdftex 2010.1.2)  19 APR 2016 19:36
entering extended mode
**data.tex
(./data.tex (./th_enc.tex) (./th_texts.tex) (./th_resources.tex
(c:/Program Files/Therion/texmf/tex/glyphtounicode.tex)) (./th_fontdef.tex{c:/P
rogram Files/Therion/texmf/fonts/pdftex.map})
(./th_formdef.tex) (./th_pagedef.tex) (./th_pages.tex)
 54 numeric registers used out of 32768
 [1] ) 
Here is how much of TeX's memory you used:
 251 strings out of 95617
 2525 string characters out of 1171098
 22706 words of memory out of 1509684
 1664 multiletter control sequences out of 15000+50000
 20080 words of font info for 63 fonts, out of 1000000 for 2000
 849 hyphenation exceptions out of 1000
 9i,5n,8p,238b,58s stack positions out of 5000i,500n,10000p,200000b,50000s
<c:/Program Files/Therion/texmf/fonts/type1/cmss10.pfb><c:/Program Files/
Therion/texmf/fonts/type1/cmssi10.pfb>
Output written on data.pdf (1 page, 28682 bytes).
PDF statistics:
 41 PDF objects out of 1000 (max. 8388607)
 0 named destinations out of 1000 (max. 500000)
 83 words of extra memory for PDF output out of 10000 (max. 10000000)


##################### end of pdftex log file #####################
done
writing Diffanth.3d ... done
writing xtherion file ... done
compilation time: 2 sec


######################### loop errors ##########################
REL-ERR ABS-ERR TOTAL-L STS X-ERROR Y-ERROR Z-ERROR STATIONS
  1.05%    0.3m   25.8m   6   -0.2m    0.1m   -0.1m [1.12@Diffan - 1.17 - 1.16 - 1.15 - 1.14 - 1.13 - 1.12]
##################### end of loop errors #######################


###################### scrap distortions #######################
 PROJECTION: plan
 AVERAGE  MAXIMAL  SCRAP
   0.06%    4.74%  DiffanSP1@Diffan
################### end of scrap distortions ###################
