therion 5.3.16
initialization file: C:\Program Files\Therion/therion.ini
reading ... done
configuration file: thconfig
reading ... done
reading source files ... done
preprocessing database ... done
scanning centreline tree ... done
searching for centerline loops ... done
calculating station coordinates ... done
processing survey data ... 
####################### cavern log file ########################
 1> Survex 1.2.17
 2> Copyright ¸ 1990-2015 Olly Betts
 3> Survey has no fixed points. Therefore I've fixed 1 at (0,0,0)
 4> 
 5> Survey contains 416 survey stations, joined by 415 legs.
 6> There are 0 loops.
 7> Total length of survey legs = 2222.07m (2222.07m adjusted)
 8> Total plan length of survey legs = 1985.47m
 9> Total vertical length of survey legs =  494.39m
10> Vertical range = 22.03m (from 250 at 17.09m to 14 at -4.94m)
11> North-South range = 224.26m (from 38 at 7.30m to 408 at -216.96m)
12> East-West range = 103.45m (from 194 at 45.12m to 74 at -58.32m)
13>  372 1-nodes.
14>    1 2-node.
15>    1 4-node.
16>    2 5-nodes.
17>    4 6-nodes.
18>    1 7-node.
19>    3 8-nodes.
20>    5 9-nodes.
21>    8 10-nodes.
22>    4 11-nodes.
23>    4 12-nodes.
24>    3 13-nodes.
25>    3 14-nodes.
26>    1 15-node.
27>    1 16-node.
28>    2 18-nodes.
29>    1 22-node.
30> 
######################### transcription ########################
 3> 1 : 1.23@upstream
 5> 416 : -@upstream -- 415 : -@upstream
10> 250 : -@upstream -- 14 : -@upstream
11> 38 : -@upstream -- 408 : -@upstream
12> 194 : -@upstream -- 74 : -@upstream
13> 372 : 20.39@upstream
14> 1 : 1.23@upstream
15> 1 : 1.23@upstream
16> 2 : 20.0@upstream
17> 4 : -@upstream
18> 1 : 1.23@upstream
19> 3 : 20.1@upstream
20> 5 : -@upstream
21> 8 : 20.2@upstream
22> 4 : -@upstream
23> 4 : -@upstream
24> 3 : 20.1@upstream
25> 3 : 20.1@upstream
26> 1 : 1.23@upstream
27> 1 : 1.23@upstream
28> 2 : 20.0@upstream
29> 1 : 1.23@upstream
#################### end of cavern log file ####################
done
calculating basic statistics ... done
processing extended elevation ... done
processing references ... done
selecting export objects ... done
writing upstreamth.3d ... done
writing xtherion file ... done
compilation time: 0 sec
