therion 5.3.16
initialization file: C:\Program Files\Therion/therion.ini
reading ... done
configuration file: thconfig
reading ... done
reading source files ... done
preprocessing database ... done
output coordinate system: UTM51
meridian convergence (deg): 0.3571
geomag declinations (deg):
  2016.1.1  -2.6800
  2017.1.1  -2.7693
scanning centreline tree ... done
searching for centerline loops ... done
calculating station coordinates ... done
processing survey data ... 
####################### cavern log file ########################
 1> Survex 1.2.17
 2> Copyright ¸ 1990-2015 Olly Betts
 3> 
 4> Survey contains 1287 survey stations, joined by 1286 legs.
 5> There are 0 loops.
 6> Total length of survey legs = 5215.99m (5215.99m adjusted)
 7> Total plan length of survey legs = 4599.05m
 8> Total vertical length of survey legs = 1394.98m
 9> Vertical range = 24.78m (from 1016 at 169.22m to 1285 at 144.44m)
10> North-South range = 130.04m (from 914 at 1965625.41m to 1273 at 1965495.37m)
11> East-West range = 245.89m (from 1281 at 376163.89m to 791 at 375918.00m)
12> 1201 1-nodes.
13>    6 2-nodes.
14>    3 3-nodes.
15>    1 4-node.
16>    2 5-nodes.
17>    3 6-nodes.
18>    2 7-nodes.
19>    3 8-nodes.
20>    3 9-nodes.
21>    3 10-nodes.
22>    1 11-node.
23>    3 12-nodes.
24>    2 13-nodes.
25>    6 14-nodes.
26>    7 15-nodes.
27>    4 16-nodes.
28>    5 17-nodes.
29>    4 18-nodes.
30>    2 19-nodes.
31>    5 20-nodes.
32>    2 22-nodes.
33>    1 23-node.
34>    1 24-node.
35>    3 25-nodes.
36>    2 27-nodes.
37>    2 28-nodes.
38>    3 29-nodes.
39>    1 30-node.
40>    1 32-node.
41>    2 33-nodes.
42>    1 35-node.
43>    1 37-node.
44>    1 39-node.
45> 
######################### transcription ########################
 4> 1287 : -@Daquioag -- 1286 : -@Daquioag
 9> 1016 : -@Daquioag -- 1285 : -@Daquioag
10> 914 : -@Daquioag -- 1273 : -@Daquioag
11> 1281 : -@Daquioag -- 791 : -@Daquioag
12> 1201 : -@Daquioag
13> 6 : 1.3@Daquioag
14> 3 : 1.1@Daquioag
15> 1 : 1.0@Daquioag
16> 2 : -@Daquioag
17> 3 : 1.1@Daquioag
18> 2 : -@Daquioag
19> 3 : 1.1@Daquioag
20> 3 : 1.1@Daquioag
21> 3 : 1.1@Daquioag
22> 1 : 1.0@Daquioag
23> 3 : 1.1@Daquioag
24> 2 : -@Daquioag
25> 6 : 1.3@Daquioag
26> 7 : -@Daquioag
27> 4 : 1.2@Daquioag
28> 5 : -@Daquioag
29> 4 : 1.2@Daquioag
30> 2 : -@Daquioag
31> 5 : -@Daquioag
32> 2 : -@Daquioag
33> 1 : 1.0@Daquioag
34> 1 : 1.0@Daquioag
35> 3 : 1.1@Daquioag
36> 2 : -@Daquioag
37> 2 : -@Daquioag
38> 3 : 1.1@Daquioag
39> 1 : 1.0@Daquioag
40> 1 : 1.0@Daquioag
41> 2 : -@Daquioag
42> 1 : 1.0@Daquioag
43> 1 : 1.0@Daquioag
44> 1 : 1.0@Daquioag
#################### end of cavern log file ####################
done
calculating basic statistics ... done
processing extended elevation ... done
processing references ... done
selecting export objects ... done
processing projection plan ... done
average distortion: 0.01%
writing Daquioag.pdf ...
####################### metapost log file ########################
This is MetaPost, version 1.209 (kpathsea version 5.1.0) (mem=mpost 2010.01.31)  8 APR 2016 18:34
**data.mp
(./data.mp [4001] [4002] [4003] [4004] [4005] [4006] [4007] [4008] [4009] [4010
] [4011] [4012]
[1] [2] (./mptextmp.mp) [3] )
 
Here is how much of MetaPost's memory you used:
 1097 strings out of 1162
 12973 string characters out of 15838
 63546 words of memory out of 1500000
 1367 symbolic tokens out of 16384
 8i,75n,11p,197b,4f stack positions out of 300i,84n,5000p,200b,15f
 29 string compactions (moved 189072 characters, 15811 strings)
15 output files written: data.1 .. data.4012

#################### end of metapost log file ####################
converting scraps ... done
making map ... done
######################## pdftex log file #########################
This is pdfTeX, Version 3.1415926-1.40.10 (Web2C 2009) (format=pdftex 2010.1.2)  8 APR 2016 18:34
entering extended mode
**data.tex
(./data.tex (./th_enc.tex) (./th_texts.tex) (./th_resources.tex
(c:/Program Files/Therion/texmf/tex/glyphtounicode.tex)) (./th_fontdef.tex{c:/P
rogram Files/Therion/texmf/fonts/pdftex.map})
(./th_formdef.tex) (./th_pagedef.tex) (./th_pages.tex)
 50 numeric registers used out of 32768
 [1] ) 
Here is how much of TeX's memory you used:
 247 strings out of 95617
 2489 string characters out of 1171098
 79277 words of memory out of 1560255
 1660 multiletter control sequences out of 15000+50000
 20080 words of font info for 63 fonts, out of 1000000 for 2000
 849 hyphenation exceptions out of 1000
 9i,5n,8p,238b,58s stack positions out of 5000i,500n,10000p,200000b,50000s
<c:/Program Files/Therion/texmf/fonts/type1/cmss10.pfb><c:/Program Files/
Therion/texmf/fonts/type1/cmssi10.pfb>
Output written on data.pdf (1 page, 32023 bytes).
PDF statistics:
 34 PDF objects out of 1000 (max. 8388607)
 0 named destinations out of 1000 (max. 500000)
 61 words of extra memory for PDF output out of 10000 (max. 10000000)


##################### end of pdftex log file #####################
done
writing Daquioag.kml ... done
writing Daquioagth.3d ... done
writing xtherion file ... done
compilation time: 3 sec


###################### scrap distortions #######################
 PROJECTION: plan
 AVERAGE  MAXIMAL  SCRAP
   0.01%    0.95%  DaquioagSP1@Daquioag
################### end of scrap distortions ###################
