therion 5.4.0 (2017-04-03)
initialization file: C:\Program Files\Therion/therion.ini
reading ... done
configuration file: thconfig-BlueWater-System
reading ... done
reading source files ... done
preprocessing database ... done
output coordinate system: UTM51
meridian convergence (deg): 0.3041
geomag declinations (deg):
  2005.1.1  -2.0227
  2006.1.1  -2.0688
  2007.1.1  -2.1149
  2008.1.1  -2.1610
  2009.1.1  -2.2072
  2010.1.1  -2.2534
  2011.1.1  -2.3338
  2012.1.1  -2.4141
  2013.1.1  -2.4945
  2014.1.1  -2.5749
  2015.1.1  -2.6553
  2016.1.1  -2.7446
  2017.1.1  -2.8339
scanning centreline tree ... done
searching for centerline loops ... done
calculating station coordinates ... done
average loop error: 3.01%
processing survey data ... 
####################### cavern log file ########################
 1> Survex 1.2.17
 2> Copyright ¸ 1990-2015 Olly Betts
 3> 
 4> Survey contains 13224 survey stations, joined by 13216 legs.
 5> There are 12 loops.
 6> Survey has 20 connected components.
 7> Total length of survey legs = 105996.60m (106014.86m adjusted)
 8> Total plan length of survey legs = 94011.06m
 9> Total vertical length of survey legs = 26318.30m
10> Vertical range = 358.24m (from 3789 at 484.60m to 11543 at 126.36m)
11> North-South range = 2109.16m (from 11677 at 1993507.79m to 10972 at 1991398.62m)
12> East-West range = 4949.54m (from 6961 at 398258.32m to 11208 at 393308.79m)
13> 11646 1-nodes.
14>   142 2-nodes.
15>    37 3-nodes.
16>    54 4-nodes.
17>   143 5-nodes.
18>   273 6-nodes.
19>   110 7-nodes.
20>   126 8-nodes.
21>    93 9-nodes.
22>    88 10-nodes.
23>    89 11-nodes.
24>    70 12-nodes.
25>    51 13-nodes.
26>    59 14-nodes.
27>    36 15-nodes.
28>    38 16-nodes.
29>    24 17-nodes.
30>    26 18-nodes.
31>    13 19-nodes.
32>    19 20-nodes.
33>    11 21-nodes.
34>     9 22-nodes.
35>    11 23-nodes.
36>     4 24-nodes.
37>     6 25-nodes.
38>     6 26-nodes.
39>     6 27-nodes.
40>     2 28-nodes.
41>     5 29-nodes.
42>     8 30-nodes.
43>     3 31-nodes.
44>     4 32-nodes.
45>     2 33-nodes.
46>     2 34-nodes.
47>     1 35-node.
48>     2 36-nodes.
49>     1 37-node.
50>     1 38-node.
51>     1 40-node.
52>     1 44-node.
53>     1 60-node.
54> 
######################### transcription ########################
 4> 13224 : -@jurness20lastchamber.juness.BlueWaterSystem -- 13216 : -@jurness20lastchamber.juness.BlueWaterSystem
 5> 12 : -@twiglet.bluewater.BlueWaterSystem
 6> 20 : -@twiglet.bluewater.BlueWaterSystem
10> 3789 : -@beast20170424.C4HelicopterHole.BlueWaterSystem -- 11543 : -@naganakan.BlueWaterSystem
11> 11677 : -@ovimph.BlueWaterSystem -- 10972 : 1.1@Minichasma.BlueWaterSystem
12> 6961 : -@romeo_entrance.romeo.BlueWaterSystem -- 11208 : -@naganakan.BlueWaterSystem
13> 11646 : -@ovimph.BlueWaterSystem
14> 142 : -@twiglet.bluewater.BlueWaterSystem
15> 37 : -@twiglet.bluewater.BlueWaterSystem
16> 54 : -@twiglet.bluewater.BlueWaterSystem
17> 143 : -@twiglet.bluewater.BlueWaterSystem
18> 273 : -@twiglet.bluewater.BlueWaterSystem
19> 110 : -@twiglet.bluewater.BlueWaterSystem
20> 126 : -@twiglet.bluewater.BlueWaterSystem
21> 93 : -@twiglet.bluewater.BlueWaterSystem
22> 88 : -@twiglet.bluewater.BlueWaterSystem
23> 89 : -@twiglet.bluewater.BlueWaterSystem
24> 70 : -@twiglet.bluewater.BlueWaterSystem
25> 51 : -@twiglet.bluewater.BlueWaterSystem
26> 59 : -@twiglet.bluewater.BlueWaterSystem
27> 36 : -@twiglet.bluewater.BlueWaterSystem
28> 38 : -@twiglet.bluewater.BlueWaterSystem
29> 24 : -@twiglet.bluewater.BlueWaterSystem
30> 26 : -@twiglet.bluewater.BlueWaterSystem
31> 13 : -@twiglet.bluewater.BlueWaterSystem
32> 19 : -@twiglet.bluewater.BlueWaterSystem
33> 11 : -@twiglet.bluewater.BlueWaterSystem
34> 9 : -@twiglet.bluewater.BlueWaterSystem
35> 11 : -@twiglet.bluewater.BlueWaterSystem
36> 4 : -@twiglet.bluewater.BlueWaterSystem
37> 6 : -@twiglet.bluewater.BlueWaterSystem
38> 6 : -@twiglet.bluewater.BlueWaterSystem
39> 6 : -@twiglet.bluewater.BlueWaterSystem
40> 2 : -@twiglet.bluewater.BlueWaterSystem
41> 5 : -@twiglet.bluewater.BlueWaterSystem
42> 8 : -@twiglet.bluewater.BlueWaterSystem
43> 3 : -@twiglet.bluewater.BlueWaterSystem
44> 4 : -@twiglet.bluewater.BlueWaterSystem
45> 2 : -@twiglet.bluewater.BlueWaterSystem
46> 2 : -@twiglet.bluewater.BlueWaterSystem
47> 1 : 1.0@twiglet.bluewater.BlueWaterSystem
48> 2 : -@twiglet.bluewater.BlueWaterSystem
49> 1 : 1.0@twiglet.bluewater.BlueWaterSystem
50> 1 : 1.0@twiglet.bluewater.BlueWaterSystem
51> 1 : 1.0@twiglet.bluewater.BlueWaterSystem
52> 1 : 1.0@twiglet.bluewater.BlueWaterSystem
53> 1 : 1.0@twiglet.bluewater.BlueWaterSystem
#################### end of cavern log file ####################
SCANNING: 577 - 715 - 718 - 723 - 728 - 733 - 738 - 743 - 748 - 754 - 760 - 765 - 774 - 777 - 782 - 788 - 793 - 797 - 806 - 810 - 815 - 830 - 871 - 872 - 875 - 878 - 881 - 888 - 893 - 898 - 903 - 908 - 913 - 918 - 926 - 931 - 936 - 951 - 958 - 963 - 968 - 969 - 974 - 979 - 983 - 992 - 997 - 999 - 1009 - 1010 - 1011 - 1012 = 
577

FROM: 577
-
715
TO: 715 715
-
718
TO: 718 718
-
723
TO: 723 723
-
728
TO: 728 728
-
733
TO: 733 733
-
738
TO: 738 738
-
743
TO: 743 743
-
748
TO: 748 748
-
754
TO: 754 754
-
760
TO: 760 760
-
765
TO: 765 765
-
774
TO: 774 774
-
777
TO: 777 777
-
782
TO: 782 782
-
788
TO: 788 788
-
793
TO: 793 793
-
797
TO: 797 797
-
806
TO: 806 806
-
810
TO: 810 810
-
815
TO: 815 815
-
830
TO: 830 830
-
871
TO: 871 871
-
872
TO: 872 872
-
875
TO: 875 875
-
878
TO: 878 878
-
881
TO: 881 881
-
888
TO: 888 888
-
893
TO: 893 893
-
898
TO: 898 898
-
903
TO: 903 903
-
908
TO: 908 908
-
913
TO: 913 913
-
918
TO: 918 918
-
926
TO: 926 926
-
931
TO: 931 931
-
936
TO: 936 936
-
951
TO: 951 951
-
958
TO: 958 958
-
963
TO: 963 963
-
968
TO: 968 968
-
969
TO: 969 969
-
974
TO: 974 974
-
979
TO: 979 979
-
983
TO: 983 983
-
992
TO: 992 992
-
997
TO: 997 997
-
999
TO: 999 999
-
1009
TO: 1009 1009
-
1010
TO: 1010 1010
-
1011
TO: 1011 1011
-
1012
TO: 1012 1012
=
E: 28.72
SCANNING: 
SCANNING: 577 - 576 - 569 - 540
577

FROM: 577
-
576
TO: 576 576
-
569
TO: 569 569
-
540
TO: 540 540
E: 11.06
SCANNING: 
SCANNING: 1103 - 1517 - 1485 - 1474 - 1460 - 1432 - 1419 - 1404 - 1376 - 1347 - 1318 - 1293 - 1291 - 1289 - 1280 - 1276 - 1217 - 1192 - 1159 - 1143 - 1127 - 1105 - 1104 - 714 - 713 - 712 - 690 - 659 - 653 - 648 - 643 - 632 - 631 - 627 - 616 - 612 - 607 - 603 - 586 - 582 - 577
1103

FROM: 1103
-
1517
TO: 1517 1517
-
1485
TO: 1485 1485
-
1474
TO: 1474 1474
-
1460
TO: 1460 1460
-
1432
TO: 1432 1432
-
1419
TO: 1419 1419
-
1404
TO: 1404 1404
-
1376
TO: 1376 1376
-
1347
TO: 1347 1347
-
1318
TO: 1318 1318
-
1293
TO: 1293 1293
-
1291
TO: 1291 1291
-
1289
TO: 1289 1289
-
1280
TO: 1280 1280
-
1276
TO: 1276 1276
-
1217
TO: 1217 1217
-
1192
TO: 1192 1192
-
1159
TO: 1159 1159
-
1143
TO: 1143 1143
-
1127
TO: 1127 1127
-
1105
TO: 1105 1105
-
1104
TO: 1104 1104
-
714
TO: 714 714
-
713
TO: 713 713
-
712
TO: 712 712
-
690
TO: 690 690
-
659
TO: 659 659
-
653
TO: 653 653
-
648
TO: 648 648
-
643
TO: 643 643
-
632
TO: 632 632
-
631
TO: 631 631
-
627
TO: 627 627
-
616
TO: 616 616
-
612
TO: 612 612
-
607
TO: 607 607
-
603
TO: 603 603
-
586
TO: 586 586
-
582
TO: 582 582
-
577
TO: 577 577
E: 7.57
SCANNING: 
SCANNING: 4920 - 4932 - 4938 - 4944 - 4951 - 4959 - 4966 - 4971 - 4980 - 4986 - 4995 - 5005 - 5010 - 5029 - 5039 - 5044 - 5050 - 5057 - 5070 - 5083 - 5092 - 5098 - 5106 - 5107 - 5126 - 5137 - 5145 - 5174 - 5181 - 5191 - 5196 - 5213 - 5221 - 5232 - 5256 - 5265 - 5275 - 5280 - 5288 - 5296 - 5305 - 5315 - 5322 - 5335 - 5344 - 5353 - 5367 - 5368 - 5378 - 5387 - 5398 - 5404 - 5410 - 5417 - 5425 - 5432 - 5443 - 5446 - 5453 - 5460 - 5473 - 5480 - 5498 - 5513 - 5527 = 3064 - 3056 - 3052 - 3047 - 3038 - 3028 - 3021 - 3015 - 3014 - 3009 - 3001 - 2989 - 2984 - 2977 - 2972 - 2961 - 2951 - 2947 - 2935 - 2919 - 2911 - 2910 - 2898 - 2894 - 2893 - 2890 - 2886 - 2878 - 2871 - 2861 - 2854 - 2835 - 2827 - 2825 - 2819 - 2813 - 2798 - 2791 - 2785 - 2775 - 2756 - 2741 - 2730 - 2719 - 2706 - 2697 - 2676 - 2668 - 2649 - 2644 - 2630 - 2618 - 2605 - 2593 - 2582 - 2574 - 2573 - 2571 - 2483 - 2473 - 2462 - 2455 - 2448 - 2447 - 2446 - 2433 - 2408 - 2394 - 2372 - 2337 - 2323 - 2320 - 2313 - 2298 - 2285 - 2264 - 2238 - 2225 - 2211 - 2203 - 2182 - 2175 - 2163 - 2158 - 2060 - 2040 - 2033 - 2016 - 2014 - 2009 - 1994 - 1993 - 1986 - 1985 - 1970 - 1953 - 1948 - 1940 - 1935 - 1924 - 1915 - 1904 - 1885 - 1866 - 1856 - 1851 - 1837 - 1801 - 1800 - 1799 - 1798 - 
4920

FROM: 4920
-
4932
TO: 4932 4932
-
4938
TO: 4938 4938
-
4944
TO: 4944 4944
-
4951
TO: 4951 4951
-
4959
TO: 4959 4959
-
4966
TO: 4966 4966
-
4971
TO: 4971 4971
-
4980
TO: 4980 4980
-
4986
TO: 4986 4986
-
4995
TO: 4995 4995
-
5005
TO: 5005 5005
-
5010
TO: 5010 5010
-
5029
TO: 5029 5029
-
5039
TO: 5039 5039
-
5044
TO: 5044 5044
-
5050
TO: 5050 5050
-
5057
TO: 5057 5057
-
5070
TO: 5070 5070
-
5083
TO: 5083 5083
-
5092
TO: 5092 5092
-
5098
TO: 5098 5098
-
5106
TO: 5106 5106
-
5107
TO: 5107 5107
-
5126
TO: 5126 5126
-
5137
TO: 5137 5137
-
5145
TO: 5145 5145
-
5174
TO: 5174 5174
-
5181
TO: 5181 5181
-
5191
TO: 5191 5191
-
5196
TO: 5196 5196
-
5213
TO: 5213 5213
-
5221
TO: 5221 5221
-
5232
TO: 5232 5232
-
5256
TO: 5256 5256
-
5265
TO: 5265 5265
-
5275
TO: 5275 5275
-
5280
TO: 5280 5280
-
5288
TO: 5288 5288
-
5296
TO: 5296 5296
-
5305
TO: 5305 5305
-
5315
TO: 5315 5315
-
5322
TO: 5322 5322
-
5335
TO: 5335 5335
-
5344
TO: 5344 5344
-
5353
TO: 5353 5353
-
5367
TO: 5367 5367
-
5368
TO: 5368 5368
-
5378
TO: 5378 5378
-
5387
TO: 5387 5387
-
5398
TO: 5398 5398
-
5404
TO: 5404 5404
-
5410
TO: 5410 5410
-
5417
TO: 5417 5417
-
5425
TO: 5425 5425
-
5432
TO: 5432 5432
-
5443
TO: 5443 5443
-
5446
TO: 5446 5446
-
5453
TO: 5453 5453
-
5460
TO: 5460 5460
-
5473
TO: 5473 5473
-
5480
TO: 5480 5480
-
5498
TO: 5498 5498
-
5513
TO: 5513 5513
-
5527
TO: 5527 5527
=
3064
EQ: 3064 3064
-
3056
TO: 3056 3056
-
3052
TO: 3052 3052
-
3047
TO: 3047 3047
-
3038
TO: 3038 3038
-
3028
TO: 3028 3028
-
3021
TO: 3021 3021
-
3015
TO: 3015 3015
-
3014
TO: 3014 3014
-
3009
TO: 3009 3009
-
3001
TO: 3001 3001
-
2989
TO: 2989 2989
-
2984
TO: 2984 2984
-
2977
TO: 2977 2977
-
2972
TO: 2972 2972
-
2961
TO: 2961 2961
-
2951
TO: 2951 2951
-
2947
TO: 2947 2947
-
2935
TO: 2935 2935
-
2919
TO: 2919 2919
-
2911
TO: 2911 2911
-
2910
TO: 2910 2910
-
2898
TO: 2898 2898
-
2894
TO: 2894 2894
-
2893
TO: 2893 2893
-
2890
TO: 2890 2890
-
2886
TO: 2886 2886
-
2878
TO: 2878 2878
-
2871
TO: 2871 2871
-
2861
TO: 2861 2861
-
2854
TO: 2854 2854
-
2835
TO: 2835 2835
-
2827
TO: 2827 2827
-
2825
TO: 2825 2825
-
2819
TO: 2819 2819
-
2813
TO: 2813 2813
-
2798
TO: 2798 2798
-
2791
TO: 2791 2791
-
2785
TO: 2785 2785
-
2775
TO: 2775 2775
-
2756
TO: 2756 2756
-
2741
TO: 2741 2741
-
2730
TO: 2730 2730
-
2719
TO: 2719 2719
-
2706
TO: 2706 2706
-
2697
TO: 2697 2697
-
2676
TO: 2676 2676
-
2668
TO: 2668 2668
-
2649
TO: 2649 2649
-
2644
TO: 2644 2644
-
2630
TO: 2630 2630
-
2618
TO: 2618 2618
-
2605
TO: 2605 2605
-
2593
TO: 2593 2593
-
2582
TO: 2582 2582
-
2574
TO: 2574 2574
-
2573
TO: 2573 2573
-
2571
TO: 2571 2571
-
2483
TO: 2483 2483
-
2473
TO: 2473 2473
-
2462
TO: 2462 2462
-
2455
TO: 2455 2455
-
2448
TO: 2448 2448
-
2447
TO: 2447 2447
-
2446
TO: 2446 2446
-
2433
TO: 2433 2433
-
2408
TO: 2408 2408
-
2394
TO: 2394 2394
-
2372
TO: 2372 2372
-
2337
TO: 2337 2337
-
2323
TO: 2323 2323
-
2320
TO: 2320 2320
-
2313
TO: 2313 2313
-
2298
TO: 2298 2298
-
2285
TO: 2285 2285
-
2264
TO: 2264 2264
-
2238
TO: 2238 2238
-
2225
TO: 2225 2225
-
2211
TO: 2211 2211
-
2203
TO: 2203 2203
-
2182
TO: 2182 2182
-
2175
TO: 2175 2175
-
2163
TO: 2163 2163
-
2158
TO: 2158 2158
-
2060
TO: 2060 2060
-
2040
TO: 2040 2040
-
2033
TO: 2033 2033
-
2016
TO: 2016 2016
-
2014
TO: 2014 2014
-
2009
TO: 2009 2009
-
1994
TO: 1994 1994
-
1993
TO: 1993 1993
-
1986
TO: 1986 1986
-
1985
TO: 1985 1985
-
1970
TO: 1970 1970
-
1953
TO: 1953 1953
-
1948
TO: 1948 1948
-
1940
TO: 1940 1940
-
1935
TO: 1935 1935
-
1924
TO: 1924 1924
-
1915
TO: 1915 1915
-
1904
TO: 1904 1904
-
1885
TO: 1885 1885
-
1866
TO: 1866 1866
-
1856
TO: 1856 1856
-
1851
TO: 1851 1851
-
1837
TO: 1837 1837
-
1801
TO: 1801 1801
-
1800
TO: 1800 1800
-
1799
TO: 1799 1799
-
1798
TO: 1798 1798
-
E: 24.28
SCANNING: 
SCANNING: 7798 - 7804 - 7811 - 7816 - 7821 - 7829 - 7834 - 7842 - 7850 - 7855 - 7866 = 7910 - 7911 - 7942 - 7960 - 8016 - 8017 - 8031 - 8048 - 8092 - 8093 - 8097 - 8123 - 8138 - 8141 - 8153 - 8160 - 8167 - 8184 - 8191 - 8196 - 8201 = 8225 - 8236 - 8253 - 8267 - 8276 - 8286 - 8307 - 8312 - 8313 - 8349 - 8350 - 8363 - 8372 - 8387 - 8395 - 8412 - 8433 - 8454 - 8469 - 8471 - 8484 = 8658 - 8659 - 8660 - 8669 - 8679 - 8688 - 8710 - 8726 - 8734 = 8748 - 8751 - 8761 - 8777 - 8788 - 8814 - 8826 - 8850 - 8901 - 8908 - 8927 - 8935 - 8936 - 8954 - 8962 - 8970 - 8987 - 8998 - 9008 - 9014 - 9033 - 9048 - 9073 - 9084 - 9097 - 9110 - 9122 - 9142 - 9157 - 9169 - 9173 - 9185 - 9198 - 9214 - 9234 - 9242 - 9252 - 9266 - 9279 - 9297 - 9306 - 9318 - 9329 - 9338 - 9347 = 9356 - 9357 - 9365 - 9377 - 9387 - 9394 - 9401 - 9425 - 9436 - 9444 - 9455 - 9468 - 9475 - 9493 - 9507 - 9518 - 9530 - 9537 - 9551 - 9560 - 9570 - 9576 - 9582 - 9586 - 9593 - 9598 - 9607 - 9617 = 10804 - 10806 - 10812 - 10817 - 10822 - 10830 - 10839 - 10846 - 10851 - 10856 - 10857 - 10864 - 10875 - 10885 - 10896 - 10900 - 10903 - 10907 - 10908 - 10912 - 10919 - 10926 - 10929 - 10936 - 10940 - 10942 - 10946 - 10951 - 10956 - 10960 = 5822 - 5820 - 5819 - 5808 - 5801 - 5795 - 5788 - 5783 - 5774 - 5768 - 5762 - 5753 - 5744 - 5733 - 5728 - 5719 - 5712 - 5707 - 5695 - 5688 - 5679 - 5673 - 5665 - 5646 - 5639 - 5634 - 5629 - 5622 - 5613 - 5608 - 5599 - 5592 - 5585 - 5576 - 5556 - 5545 - 5538 - 5530 - 4912 - 4905 - 4897 - 4888 - 4873 - 4860 - 4855 - 4852 - 4842 - 4829 - 4820 - 4816 - 4800 - 4799 - 4789 - 4777 - 4765 - 4758 - 4746 - 4717 - 4702 - 4685 - 4655 - 4644 - 4637 - 4921 - 4922 - 4920
7798

FROM: 7798
-
7804
TO: 7804 7804
-
7811
TO: 7811 7811
-
7816
TO: 7816 7816
-
7821
TO: 7821 7821
-
7829
TO: 7829 7829
-
7834
TO: 7834 7834
-
7842
TO: 7842 7842
-
7850
TO: 7850 7850
-
7855
TO: 7855 7855
-
7866
TO: 7866 7866
=
7910
EQ: 7910 7910
-
7911
TO: 7911 7911
-
7942
TO: 7942 7942
-
7960
TO: 7960 7960
-
8016
TO: 8016 8016
-
8017
TO: 8017 8017
-
8031
TO: 8031 8031
-
8048
TO: 8048 8048
-
8092
TO: 8092 8092
-
8093
TO: 8093 8093
-
8097
TO: 8097 8097
-
8123
TO: 8123 8123
-
8138
TO: 8138 8138
-
8141
TO: 8141 8141
-
8153
TO: 8153 8153
-
8160
TO: 8160 8160
-
8167
TO: 8167 8167
-
8184
TO: 8184 8184
-
8191
TO: 8191 8191
-
8196
TO: 8196 8196
-
8201
TO: 8201 8201
=
8225
EQ: 8225 8225
-
8236
TO: 8236 8236
-
8253
TO: 8253 8253
-
8267
TO: 8267 8267
-
8276
TO: 8276 8276
-
8286
TO: 8286 8286
-
8307
TO: 8307 8307
-
8312
TO: 8312 8312
-
8313
TO: 8313 8313
-
8349
TO: 8349 8349
-
8350
TO: 8350 8350
-
8363
TO: 8363 8363
-
8372
TO: 8372 8372
-
8387
TO: 8387 8387
-
8395
TO: 8395 8395
-
8412
TO: 8412 8412
-
8433
TO: 8433 8433
-
8454
TO: 8454 8454
-
8469
TO: 8469 8469
-
8471
TO: 8471 8471
-
8484
TO: 8484 8484
=
8658
EQ: 8658 8658
-
8659
TO: 8659 8659
-
8660
TO: 8660 8660
-
8669
TO: 8669 8669
-
8679
TO: 8679 8679
-
8688
TO: 8688 8688
-
8710
TO: 8710 8710
-
8726
TO: 8726 8726
-
8734
TO: 8734 8734
=
8748
EQ: 8748 8748
-
8751
TO: 8751 8751
-
8761
TO: 8761 8761
-
8777
TO: 8777 8777
-
8788
TO: 8788 8788
-
8814
TO: 8814 8814
-
8826
TO: 8826 8826
-
8850
TO: 8850 8850
-
8901
TO: 8901 8901
-
8908
TO: 8908 8908
-
8927
TO: 8927 8927
-
8935
TO: 8935 8935
-
8936
TO: 8936 8936
-
8954
TO: 8954 8954
-
8962
TO: 8962 8962
-
8970
TO: 8970 8970
-
8987
TO: 8987 8987
-
8998
TO: 8998 8998
-
9008
TO: 9008 9008
-
9014
TO: 9014 9014
-
9033
TO: 9033 9033
-
9048
TO: 9048 9048
-
9073
TO: 9073 9073
-
9084
TO: 9084 9084
-
9097
TO: 9097 9097
-
9110
TO: 9110 9110
-
9122
TO: 9122 9122
-
9142
TO: 9142 9142
-
9157
TO: 9157 9157
-
9169
TO: 9169 9169
-
9173
TO: 9173 9173
-
9185
TO: 9185 9185
-
9198
TO: 9198 9198
-
9214
TO: 9214 9214
-
9234
TO: 9234 9234
-
9242
TO: 9242 9242
-
9252
TO: 9252 9252
-
9266
TO: 9266 9266
-
9279
TO: 9279 9279
-
9297
TO: 9297 9297
-
9306
TO: 9306 9306
-
9318
TO: 9318 9318
-
9329
TO: 9329 9329
-
9338
TO: 9338 9338
-
9347
TO: 9347 9347
=
9356
EQ: 9356 9356
-
9357
TO: 9357 9357
-
9365
TO: 9365 9365
-
9377
TO: 9377 9377
-
9387
TO: 9387 9387
-
9394
TO: 9394 9394
-
9401
TO: 9401 9401
-
9425
TO: 9425 9425
-
9436
TO: 9436 9436
-
9444
TO: 9444 9444
-
9455
TO: 9455 9455
-
9468
TO: 9468 9468
-
9475
TO: 9475 9475
-
9493
TO: 9493 9493
-
9507
TO: 9507 9507
-
9518
TO: 9518 9518
-
9530
TO: 9530 9530
-
9537
TO: 9537 9537
-
9551
TO: 9551 9551
-
9560
TO: 9560 9560
-
9570
TO: 9570 9570
-
9576
TO: 9576 9576
-
9582
TO: 9582 9582
-
9586
TO: 9586 9586
-
9593
TO: 9593 9593
-
9598
TO: 9598 9598
-
9607
TO: 9607 9607
-
9617
TO: 9617 9617
=
10804
EQ: 10804 10804
-
10806
TO: 10806 10806
-
10812
TO: 10812 10812
-
10817
TO: 10817 10817
-
10822
TO: 10822 10822
-
10830
TO: 10830 10830
-
10839
TO: 10839 10839
-
10846
TO: 10846 10846
-
10851
TO: 10851 10851
-
10856
TO: 10856 10856
-
10857
TO: 10857 10857
-
10864
TO: 10864 10864
-
10875
TO: 10875 10875
-
10885
TO: 10885 10885
-
10896
TO: 10896 10896
-
10900
TO: 10900 10900
-
10903
TO: 10903 10903
-
10907
TO: 10907 10907
-
10908
TO: 10908 10908
-
10912
TO: 10912 10912
-
10919
TO: 10919 10919
-
10926
TO: 10926 10926
-
10929
TO: 10929 10929
-
10936
TO: 10936 10936
-
10940
TO: 10940 10940
-
10942
TO: 10942 10942
-
10946
TO: 10946 10946
-
10951
TO: 10951 10951
-
10956
TO: 10956 10956
-
10960
TO: 10960 10960
=
5822
EQ: 5822 5822
-
5820
TO: 5820 5820
-
5819
TO: 5819 5819
-
5808
TO: 5808 5808
-
5801
TO: 5801 5801
-
5795
TO: 5795 5795
-
5788
TO: 5788 5788
-
5783
TO: 5783 5783
-
5774
TO: 5774 5774
-
5768
TO: 5768 5768
-
5762
TO: 5762 5762
-
5753
TO: 5753 5753
-
5744
TO: 5744 5744
-
5733
TO: 5733 5733
-
5728
TO: 5728 5728
-
5719
TO: 5719 5719
-
5712
TO: 5712 5712
-
5707
TO: 5707 5707
-
5695
TO: 5695 5695
-
5688
TO: 5688 5688
-
5679
TO: 5679 5679
-
5673
TO: 5673 5673
-
5665
TO: 5665 5665
-
5646
TO: 5646 5646
-
5639
TO: 5639 5639
-
5634
TO: 5634 5634
-
5629
TO: 5629 5629
-
5622
TO: 5622 5622
-
5613
TO: 5613 5613
-
5608
TO: 5608 5608
-
5599
TO: 5599 5599
-
5592
TO: 5592 5592
-
5585
TO: 5585 5585
-
5576
TO: 5576 5576
-
5556
TO: 5556 5556
-
5545
TO: 5545 5545
-
5538
TO: 5538 5538
-
5530
TO: 5530 5530
-
4912
TO: 4912 4912
-
4905
TO: 4905 4905
-
4897
TO: 4897 4897
-
4888
TO: 4888 4888
-
4873
TO: 4873 4873
-
4860
TO: 4860 4860
-
4855
TO: 4855 4855
-
4852
TO: 4852 4852
-
4842
TO: 4842 4842
-
4829
TO: 4829 4829
-
4820
TO: 4820 4820
-
4816
TO: 4816 4816
-
4800
TO: 4800 4800
-
4799
TO: 4799 4799
-
4789
TO: 4789 4789
-
4777
TO: 4777 4777
-
4765
TO: 4765 4765
-
4758
TO: 4758 4758
-
4746
TO: 4746 4746
-
4717
TO: 4717 4717
-
4702
TO: 4702 4702
-
4685
TO: 4685 4685
-
4655
TO: 4655 4655
-
4644
TO: 4644 4644
-
4637
TO: 4637 4637
-
4921
TO: 4921 4921
-
4922
TO: 4922 4922
-
4920
TO: 4920 4920
E: 17.61
SCANNING: 
done
calculating basic statistics ... done
processing extended elevation ... done
processing references ... done
selecting export objects ... done
processing projection plan ... done
average distortion: 0.76%
writing .\_output\BlueWater-System.kml ... done
writing .\_output\BlueWater-System-model.kml ... done
writing .\_output\bluewater-System-survex.3d ... done
writing xtherion file ... done
compilation time: 38 sec


######################### loop errors ##########################
REL-ERR ABS-ERR TOTAL-L STS X-ERROR Y-ERROR Z-ERROR STATIONS
  8.48%   20.5m  241.3m  54  -10.1m   17.7m    1.7m [1.17@bluewater.BlueWaterSystem - 2.0 - 2.1 - 2.2 - 2.3 - 2.4 - 2.5 - 2.6 - 2.7 - 2.8 - 2.9 - 2.10 - 2.11 - 2.12 - 2.13 - 2.14 - 2.15 - 2.16 - 2.17 - 2.18 - 2.19 - 2.20 - 3.0 - 3.1 - 3.2 - 3.3 - 3.4 - 3.5 - 3.6 - 3.7 - 3.8 - 3.9 - 3.10 - 3.11 - 3.12 - 3.13 - 3.14 - 3.15 - 3.16 - 3.17 - 3.18 - 3.19 - 3.20 - 3.21 - 3.22 - 3.23 - 3.24 - 3.25 - 3.26 - 3.27 - 3.28 - 3.29 = 1.14 - 1.15 - 1.16 - 1.17]
  2.79%   75.0m 2683.8m 218   66.5m   32.4m  -11.8m [11.23@bluewater.BlueWaterSystem - 11.22 - 11.21 - 11.20 - 11.19 - 11.17 - 11.16 - 11.15 - 11.14 - 11.13 - 11.12 - 11.11 - 11.10 - 11.9 - 11.8 - 11.7 - 11.6 - 11.5 - 11.4 - 11.3 - 11.2 - 11.1 - 11.0 - 1.34 - 1.33 - 1.32 - 1.31 - 1.30 - 1.29 - 1.28 - 1.27 - 1.26 - 1.25 - 1.24 - 1.23 - 1.22 - 1.21 - 1.20 - 1.19 - 1.18 - 1.17 - 1.16 - 1.15 - 1.14 - 12.0 - 12.1 - 12.2 - 12.3 - 12.4 - 12.5 - 12.6 - 12.7 - 12.8 - 12.9 - 12.10 - 12.11 - 12.12 - 12.13 - 12.14 - 12.15 - 12.16 - 12.17 - 12.18 - 12.19 - 12.20 - 12.21 - 12.22 - 12.23 - 12.24 - 12.25 - 12.26 - 14.0 - 14.1 - 14.2 - 14.3 - 14.4 - 14.5 - 14.6 - 14.7 - 14.8 - 14.9 - 14.10 - 14.11 - 14.12 - 14.13 - 14.14 - 14.15 - 14.16 - 14.17 - 14.18 - 14.19 - 14.20 - 14.21 - 14.22 - 14.23 - 14.24 - 14.25 - 15.0 - 15.1 - 15.2 - 15.3 - 15.4 - 15.5 - 15.6 - 15.7 - 15.8 - 15.9 - 15.10 - 15.11 - 15.12 - 15.13 - 15.14 - 15.15 - 15.16 - 15.17 - 15.18 - 15.19 - 15.20 - 15.21 - 15.22 - 15.23 - 15.24 - 15.25 - 15.26 - 15.27 - 15.28 - 15.29 - 15.30 - 15.31 - 15.32 - 15.33 - 15.34 - 15.35 - 15.36 - 15.37 - 15.38 - 15.39 - 15.40 - 15.41 - 15.42 - 15.43 - 15.44 - 15.45 - 15.46 - 15.47 - 15.48 - 15.49 - 15.50 - 15.51 - 15.52 - 15.53 - 15.54 - 15.55 - 15.56 - 15.57 = 6.66@C4HelicopterHole.BlueWaterSystem - 6.65 - 6.64 - 6.63 - 6.62 - 6.61 - 6.60 - 6.59 - 6.58 - 6.57 - 6.56 - 6.55 - 6.54 - 6.53 - 6.52 - 6.51 - 6.50 - 6.49 - 6.48 - 6.47 - 6.46 - 6.45 - 6.44 - 6.43 - 6.42 - 6.41 - 6.40 - 6.39 - 6.38 - 6.37 - 6.36 - 6.35 - 6.34 - 6.33 - 6.32 - 6.31 - 6.30 - 6.29 - 6.28 - 6.27 - 6.26 - 6.25 - 6.24 - 6.23 - 6.22 - 6.21 - 6.20 - 6.19 - 6.18 - 6.17 - 6.16 - 6.15 - 6.14 - 6.13 - 6.12 - 6.11 - 6.10 - 6.9 - 6.8 - 6.7 - 6.6 - 6.5 - 6.4 - 6.3 - 6.2]
  1.90%   51.2m 2696.5m 223   24.8m   34.8m   28.1m [6.2@C4HelicopterHole.BlueWaterSystem - 6.1 - 6.0 - 1.1 - 1.2 - 1.3 - 1.4 - 1.5 - 1.6 - 1.7 - 1.8 - 1.9 - 1.10 - 1.11 - 1.12 - 1.13 - 1.14 - 1.15 - 1.16 - 1.17 - 1.18 - 1.19 - 1.20 - 1.21 - 1.22 - 1.23 - 1.24 - 1.25 - 1.31 - 1.32 - 1.33 - 1.34 - 1.35 - 1.36 - 1.37 - 1.38 - 1.39 - 1.40 - 1.41 - 1.42 - 1.43 - 1.44 - 1.45 - 1.46 - 1.47 - 1.48 - 1.49 - 1.50 - 1.51 - 1.52 - 1.53 - 1.54 - 1.55 - 1.56 - 1.57 - 1.58 - 1.59 - 1.60 - 1.61 - 1.62 - 1.63 - 1.64 - 1.65 - 1.66 - 16.0 - 16.1 = 33.232@whitelightning12.white_lightning.BlueWaterSystem - 33.231 - 33.230 - 33.229 - 33.228 - 33.227 - 33.226 - 33.225 - 33.224 - 33.223 - 33.222 - 33.221 - 33.220 - 33.219 - 33.218 - 33.217 - 33.216 - 33.215 - 33.214 - 33.213 - 33.212 - 33.211 - 33.210 - 33.209 - 33.208 - 33.207 - 33.206 - 33.205 - 33.204 - 33.80 = 33.80@whitelightning6.white_lightning.BlueWaterSystem - 33.79 - 33.78 - 33.77 - 33.76 - 33.75 - 33.74 - 33.73 - 33.72 - 33.71 - 33.70 - 33.69 - 33.68 - 33.67 - 33.66 - 33.65 - 33.64 - 33.63 - 33.62 - 33.61 - 33.60 - 33.59 - 33.58 - 33.57 - 33.56 - 33.55 - 33.54 - 33.53 = 33.53@whitelightning5.white_lightning.BlueWaterSystem - 33.52 - 33.51 - 33.50 - 33.49 - 33.48 - 33.47 - 33.46 - 33.45 - 33.44 - 33.43 - 33.42 - 33.41 - 33.40 - 33.39 - 33.38 - 33.37 - 33.36 - 33.35 - 33.34 - 33.33 - 33.32 - 33.31 - 33.30 - 33.29 - 33.28 - 33.27 - 33.26 - 33.25 - 33.24 - 33.23 - 33.22 - 33.21 - 33.20 - 33.19 - 33.18 - 33.17 - 33.14 - 33.13 - 33.12 - 33.11 - 33.10 - 33.9 - 33.8 - 33.7 = 33.7@whitelightning4.white_lightning.BlueWaterSystem - 33.6 - 33.5 - 33.4 - 33.3 - 33.2 - 33.1 - 33.0 - 30.11 = 30.11@whitelightning3.white_lightning.BlueWaterSystem - 30.10 - 30.9 - 30.8 - 30.7 - 30.6 - 30.5 - 30.4 - 30.3 - 30.2 - 30.1 - 30.0 - 29.8 - 29.7 - 29.6 - 29.5 - 29.4 - 29.3 - 29.2 - 29.1 - 29.0 = 28.12@whitelightning2a.white_lightning.BlueWaterSystem - 28.11 - 28.10 - 28.9 - 28.8 - 28.7 - 28.6 - 28.5 - 28.4 - 28.3 - 28.2 - 28.1 - 28.0 - 26.3 - 26.2 - 26.1 - 26.0 - 25.3 - 25.2 - 25.1 - 25.0 = 1.10@white_lightning_data.white_lightning.BlueWaterSystem - 1.9 - 1.8 - 1.7 - 1.6 - 1.5 - 1.4 - 1.3 - 1.2 - 1.1 - 1.0]
##################### end of loop errors #######################


###################### scrap distortions #######################
 PROJECTION: plan
 AVERAGE  MAXIMAL  SCRAP
   7.65%  100.00%  bluewater-fossil@bluewater.BlueWaterSystem
   1.01%  100.00%  juness2SP1@juness2.juness.BlueWaterSystem
   0.57%   99.06%  lumioSP1@lumio.romeo.BlueWaterSystem
   0.62%   81.37%  Romeo_1.12SP1@fatcamp.romeo.BlueWaterSystem
   2.02%   74.56%  romeoSP5@romeo_entrance.romeo.BlueWaterSystem
   2.50%   73.27%  bluewater-above-olympic-pool@bluewater.BlueWaterSystem
   2.08%   57.89%  romeo_cathedralSP1@romeo_cathedral.romeo.BlueWaterSystem
   1.61%   56.57%  bluewater-entrance_detail@bluewater.BlueWaterSystem
   4.42%   40.50%  overlap-not-used@bluewater.BlueWaterSystem
   2.68%   38.06%  Beauty_Above_Pitch_3_Sec_1@C4HelicopterHole.BlueWaterSystem
   0.37%   32.39%  romeoSP1@romeo_entrance.romeo.BlueWaterSystem
   0.40%   27.52%  Beast_Sec_3@C4HelicopterHole.BlueWaterSystem
   0.52%   25.39%  romeoSP3@romeo_entrance.romeo.BlueWaterSystem
   1.21%   25.01%  bluewater-above-climb-1-S1@bluewater.BlueWaterSystem
   0.46%   19.59%  Romeo_21_1SP1@Romeo_W_loop.romeo.BlueWaterSystem
   1.09%   18.08%  Beauty_Above_Pitch_3_Sec_2@C4HelicopterHole.BlueWaterSystem
   0.32%   17.84%  bluewater-above-climb-2@bluewater.BlueWaterSystem
   0.40%   15.52%  romeoSP4@romeo_entrance.romeo.BlueWaterSystem
   2.73%   14.02%  dolineSP1@doline.C4HelicopterHole.BlueWaterSystem
   1.35%   11.33%  Beast_Sec_1@C4HelicopterHole.BlueWaterSystem
   3.81%   11.28%  bluewater-entrance-overlay-passage@bluewater.BlueWaterSystem
   0.71%   10.69%  wlSP1@white_lightning_data.white_lightning.BlueWaterSystem
   0.47%   10.43%  wl3SP1@whitelightning3.white_lightning.BlueWaterSystem
   0.86%    9.66%  bluewater-above-climb-1-S2@bluewater.BlueWaterSystem
   0.98%    6.69%  whitelightning4SP1@whitelightning4.white_lightning.BlueWaterSystem
   1.05%    6.18%  Beast_Sec_2@C4HelicopterHole.BlueWaterSystem
   0.54%    6.02%  whitelightning6SP1@whitelightning6.white_lightning.BlueWaterSystem
   0.74%    5.81%  bluewater-olympic-pool@bluewater.BlueWaterSystem
   0.43%    4.77%  whitelightning5SP1@whitelightning5.white_lightning.BlueWaterSystem
   0.66%    4.72%  wlSP4@white_lightning_data.white_lightning.BlueWaterSystem
   0.24%    4.39%  wlSP2@white_lightning_data.white_lightning.BlueWaterSystem
   0.69%    3.96%  whitelightning12SP1@whitelightning12.white_lightning.BlueWaterSystem
   0.99%    3.90%  bluewater-entrance-olympic-pool@bluewater.BlueWaterSystem
   0.27%    3.76%  whitelightning2aSP1@whitelightning2a.white_lightning.BlueWaterSystem
   0.05%    1.62%  s1-lower@Area51.BlueWaterSystem
   0.16%    1.18%  wl3SP4@whitelightning3.white_lightning.BlueWaterSystem
   0.03%    1.17%  ovimphSP1@ovimph.BlueWaterSystem
   0.11%    1.08%  s1-entrance_upper_west@Area51.BlueWaterSystem
   0.14%    0.98%  wlSP3@white_lightning_data.white_lightning.BlueWaterSystem
   0.02%    0.94%  romeoSP0@romeo_entrance.romeo.BlueWaterSystem
   0.00%    0.89%  beast20170424bSP1@beast20170424b.C4HelicopterHole.BlueWaterSystem
   0.04%    0.87%  s1-main@Area51.BlueWaterSystem
   0.04%    0.85%  juness5SP1@juness5.juness.BlueWaterSystem
   0.09%    0.79%  s1-pitchhead@Area51.BlueWaterSystem
   0.05%    0.75%  MinichasmaSP2@Minichasma.BlueWaterSystem
   0.02%    0.67%  whitelightning11SP1@whitelightning11.white_lightning.BlueWaterSystem
   0.01%    0.56%  Romeo_1_12SP1@Romeo_1_12.romeo.BlueWaterSystem
   0.02%    0.54%  MinichasmaSP5@Minichasma.BlueWaterSystem
   0.02%    0.51%  ts-log-lowerSP1@ts-log-lower.BlueWaterSink.BlueWaterSystem
   0.01%    0.50%  romeoSP2@romeo_entrance.romeo.BlueWaterSystem
   0.01%    0.46%  NaganakanSP001@naganakan.BlueWaterSystem
   0.03%    0.45%  pio_potSP1@pio_pot.juness.BlueWaterSystem
   0.05%    0.42%  juness4SP1@juness4.juness.BlueWaterSystem
   0.03%    0.41%  juness3SP1@juness3.juness.BlueWaterSystem
   0.01%    0.41%  whitelightning8SP1@whitelightning8.white_lightning.BlueWaterSystem
   0.12%    0.40%  s1-upper@Area51.BlueWaterSystem
   0.00%    0.39%  beast20170424SP1@beast20170424.C4HelicopterHole.BlueWaterSystem
   0.04%    0.38%  wl3SP2@whitelightning3.white_lightning.BlueWaterSystem
   0.05%    0.35%  MinichasmaSP3@Minichasma.BlueWaterSystem
   0.05%    0.31%  bluewater_sink_canyonSP1@bluewater_sink_canyon.BlueWaterSink.BlueWaterSystem
   0.01%    0.30%  twigletSP1@twiglet.bluewater.BlueWaterSystem
   0.02%    0.29%  jurness20lastchamberSP1@jurness20lastchamber.juness.BlueWaterSystem
   0.04%    0.28%  bluewater_sink_canyonSP2@bluewater_sink_canyon.BlueWaterSink.BlueWaterSystem
   0.02%    0.28%  traverse21SP1@traverse21.BlueWaterSink.BlueWaterSystem
   0.07%    0.28%  wl3SP5@whitelightning3.white_lightning.BlueWaterSystem
   0.03%    0.20%  bluewater_sink_lowerSP2@bluewater_sink_lower.BlueWaterSink.BlueWaterSystem
   0.01%    0.18%  whitelightning7SP1@whitelightning7.white_lightning.BlueWaterSystem
   0.03%    0.18%  MinichasmaSP1@Minichasma.BlueWaterSystem
   0.02%    0.16%  MinichasmaSP4@Minichasma.BlueWaterSystem
   0.01%    0.13%  Beast_Sec_5@C4HelicopterHole.BlueWaterSystem
   0.02%    0.13%  whitelightning10SP1@whitelightning10.white_lightning.BlueWaterSystem
   0.01%    0.13%  Beast20170423SP1@Beast20170423.C4HelicopterHole.BlueWaterSystem
   0.01%    0.13%  whitelightning9SP1@whitelightning9.white_lightning.BlueWaterSystem
   0.00%    0.12%  Beast_Sec_4@C4HelicopterHole.BlueWaterSystem
   0.02%    0.09%  s1-entrance@Area51.BlueWaterSystem
   0.01%    0.09%  MinichasmaOutside@Minichasma.BlueWaterSystem
   0.01%    0.07%  bluewater_sink_lowerSP1@bluewater_sink_lower.BlueWaterSink.BlueWaterSystem
   0.00%    0.00%  scrap28@whitelightning2a.white_lightning.BlueWaterSystem
   0.00%    0.00%  wl3SP3@whitelightning3.white_lightning.BlueWaterSystem
   0.00%    0.00%  nullscrap@bluewater.BlueWaterSystem
################### end of scrap distortions ###################
