therion 5.3.16 (beta Vladimir)
initialization file: C:\Program Files (x86)\Therion/therion.ini
reading ... done
configuration file: thconfig
reading ... done
reading source files ... done
preprocessing database ... done
output coordinate system: UTM51
meridian convergence (deg): 0.3570
geomag declinations (deg):
  2005.1.1  -1.9606
  2006.1.1  -2.0067
scanning centreline tree ... done
searching for centerline loops ... done
calculating station coordinates ... done
processing survey data ... 
####################### cavern log file ########################
 1> Survex 1.2.30
 2> Copyright ¸ 1990-2016 Olly Betts
 3> 
 4> Survey contains 368 survey stations, joined by 367 shots.
 5> There is 1 loop.
 6> Survey has 2 connected components.
 7> Total length of survey shots =  968.12m ( 968.12m adjusted)
 8> Total plan length of survey shots =  898.31m
 9> Total vertical length of survey shots =  138.33m
10> Vertical range = 5.72m (from 21 at 166.69m to 76 at 160.97m)
11> North-South range = 108.38m (from 368 at 1966533.43m to 10 at 1966425.04m)
12> East-West range = 48.91m (from 368 at 376156.28m to 185 at 376107.36m)
13>  336 1-nodes.
14>    1 7-node.
15>    1 8-node.
16>    2 9-nodes.
17>    5 10-nodes.
18>    2 11-nodes.
19>    6 12-nodes.
20>    4 13-nodes.
21>    3 14-nodes.
22>    4 15-nodes.
23>    2 16-nodes.
24>    1 17-node.
25>    1 18-node.
26> 
######################### transcription ########################
 4> 368 : -@PathCave1 -- 367 : -@PathCave1
 5> 1 : 1.0@PathCave1
 6> 2 : -@PathCave1
10> 21 : -@PathCave1 -- 76 : -@PathCave1
11> 368 : -@PathCave1 -- 10 : -@PathCave1
12> 368 : -@PathCave1 -- 185 : -@PathCave1
13> 336 : -@PathCave1
14> 1 : 1.0@PathCave1
15> 1 : 1.0@PathCave1
16> 2 : -@PathCave1
17> 5 : -@PathCave1
18> 2 : -@PathCave1
19> 6 : -@PathCave1
20> 4 : -@PathCave1
21> 3 : -@PathCave1
22> 4 : -@PathCave1
23> 2 : -@PathCave1
24> 1 : 1.0@PathCave1
25> 1 : 1.0@PathCave1
#################### end of cavern log file ####################
done
calculating basic statistics ... done
processing extended elevation ... done
processing references ... done
selecting export objects ... done
processing projection plan ... done
average distortion: 0.02%
writing _output\PathCave1.pdf ...
processing projection none ... done
####################### metapost log file ########################
This is MetaPost, version 1.209 (kpathsea version 5.1.0) (mem=mpost 2010.01.31)  19 MAR 2017 00:31
**data.mp
(./data.mp [4001] [4002] [4003] [4004] [4005] [4006] [4007] [4008] [4009] [4010
] [4011] [4012]
[1] [2] [3] [4] [5] (./mptextmp.mp) [6] [7] [8] [9] [10] [11] [12] [13] [14]
[15] [16] [17] )
 
Here is how much of MetaPost's memory you used:
 1033 strings out of 1162
 13929 string characters out of 20720
 63205 words of memory out of 1500000
 1369 symbolic tokens out of 16384
 8i,75n,11p,197b,4f stack positions out of 300i,84n,5000p,200b,15f
 46 string compactions (moved 509124 characters, 40042 strings)
29 output files written: data.1 .. data.4012

#################### end of metapost log file ####################
converting scraps ... done
making map ... done
######################## pdftex log file #########################
This is pdfTeX, Version 3.1415926-1.40.10 (Web2C 2009) (format=pdftex 2010.1.2)  19 MAR 2017 00:31
entering extended mode
**data.tex
(./data.tex (./th_enc.tex) (./th_texts.tex) (./th_resources.tex
(c:/Program Files (x86)/Therion/texmf/tex/glyphtounicode.tex))
(./th_fontdef.tex{c:/Program Files (x86)/Therion/texmf/fonts/pdftex.map})
(./th_formdef.tex) (./th_pagedef.tex (./th_legend.tex) <c:/Users/henry_bennett/
Documents/GitHub/SpeleoPhilippines/images/Logo_BEC_300.png> <c:/Users/henry_ben
nett/Documents/GitHub/SpeleoPhilippines/images/Logo_GaiaEC_150.jpg> <c:/Users/h
enry_bennett/Documents/GitHub/SpeleoPhilippines/images/Logo_SMOC_500.png>)
(./th_pages.tex)
 66 numeric registers used out of 32768
 [1] ) 
Here is how much of TeX's memory you used:
 266 strings out of 95617
 2685 string characters out of 1171098
 30682 words of memory out of 1514660
 1676 multiletter control sequences out of 15000+50000
 21229 words of font info for 66 fonts, out of 1000000 for 2000
 849 hyphenation exceptions out of 1000
 13i,8n,8p,1884b,87s stack positions out of 5000i,500n,10000p,200000b,50000s
<c:/Program Files (x86)/Therion/texmf/fonts/type1/cmss10.pfb><c:/Program 
Files (x86)/Therion/texmf/fonts/type1/cmssi10.pfb>
Output written on data.pdf (1 page, 99554 bytes).
PDF statistics:
 72 PDF objects out of 1000 (max. 8388607)
 0 named destinations out of 1000 (max. 500000)
 172 words of extra memory for PDF output out of 10000 (max. 10000000)


##################### end of pdftex log file #####################
done
writing _output\PathCave1th.3d ... done
writing xtherion file ... done
compilation time: 2 sec


###################### scrap distortions #######################
 PROJECTION: plan
 AVERAGE  MAXIMAL  SCRAP
   0.02%    0.40%  PathCave1SP1@PathCave1
################### end of scrap distortions ###################
