therion 5.3.16
initialization file: C:\Program Files\Therion/therion.ini
reading ... done
configuration file: thconfig
reading ... done
reading source files ... done
preprocessing database ... done
scanning centreline tree ... done
searching for centerline loops ... done
calculating station coordinates ... done
processing survey data ... 
####################### cavern log file ########################
 1> Survex 1.2.17
 2> Copyright ¸ 1990-2015 Olly Betts
 3> Survey has no fixed points. Therefore I've fixed 1 at (0,0,0)
 4> 
 5> Survey contains 809 survey stations, joined by 808 legs.
 6> There are 0 loops.
 7> Total length of survey legs = 3757.64m (3757.64m adjusted)
 8> Total plan length of survey legs = 3706.03m
 9> Total vertical length of survey legs =  265.77m
10> Vertical range = 10.72m (from 7 at 0.75m to 519 at -9.98m)
11> North-South range = 433.70m (from 806 at 429.29m to 8 at -4.41m)
12> East-West range = 78.51m (from 806 at 14.19m to 358 at -64.32m)
13>  748 1-nodes.
14>    2 2-nodes.
15>    1 3-node.
16>    1 4-node.
17>    1 6-node.
18>    2 7-nodes.
19>    1 9-node.
20>    1 10-node.
21>    1 11-node.
22>    2 12-nodes.
23>    6 13-nodes.
24>    7 14-nodes.
25>   10 15-nodes.
26>    9 16-nodes.
27>    4 17-nodes.
28>    8 18-nodes.
29>    2 19-nodes.
30>    2 20-nodes.
31>    1 23-node.
32> 
######################### transcription ########################
 3> 1 : 4.75@odessa1204
 5> 809 : -@odessa1204 -- 808 : -@odessa1204
10> 7 : -@odessa1204 -- 519 : -@odessa1204
11> 806 : -@odessa1204 -- 8 : -@odessa1204
12> 806 : -@odessa1204 -- 358 : -@odessa1204
13> 748 : -@odessa1204
14> 2 : 5.0@odessa1204
15> 1 : 4.75@odessa1204
16> 1 : 4.75@odessa1204
17> 1 : 4.75@odessa1204
18> 2 : 5.0@odessa1204
19> 1 : 4.75@odessa1204
20> 1 : 4.75@odessa1204
21> 1 : 4.75@odessa1204
22> 2 : 5.0@odessa1204
23> 6 : -@odessa1204
24> 7 : -@odessa1204
25> 10 : -@odessa1204
26> 9 : -@odessa1204
27> 4 : -@odessa1204
28> 8 : -@odessa1204
29> 2 : 5.0@odessa1204
30> 2 : 5.0@odessa1204
31> 1 : 4.75@odessa1204
#################### end of cavern log file ####################
done
calculating basic statistics ... done
processing extended elevation ... done
processing references ... done
selecting export objects ... done
writing odessa1204th.3d ... done
writing xtherion file ... done
compilation time: 1 sec
