therion 5.3.16 (beta Vladimir)
initialization file: C:\Program Files (x86)\Therion/therion.ini
reading ... done
configuration file: thconfig
reading ... done
reading source files ... done
preprocessing database ... done
scanning centreline tree ... done
searching for centerline loops ... done
calculating station coordinates ... done
processing survey data ... 
####################### cavern log file ########################
 1> Survex 1.2.30
 2> Copyright ¸ 1990-2016 Olly Betts
 3> Survey has no control points. Therefore I've fixed 1 at (0,0,0)
 4> 
 5> Survey contains 108 survey stations, joined by 107 shots.
 6> There is 1 loop.
 7> Survey has 2 connected components.
 8> Total length of survey shots =  464.80m ( 464.80m adjusted)
 9> Total plan length of survey shots =  329.58m
10> Total vertical length of survey shots =  194.45m
11> Vertical range = 27.51m (from 28 at 1.06m to 56 at -26.46m)
12> North-South range = 29.05m (from 75 at 6.35m to 52 at -22.70m)
13> East-West range = 35.19m (from 96 at 17.43m to 13 at -17.76m)
14>   92 1-nodes.
15>    2 2-nodes.
16>    1 4-node.
17>    3 6-nodes.
18>    4 7-nodes.
19>    1 8-node.
20>    3 9-nodes.
21>    1 11-node.
22>    1 22-node.
23> 
######################### transcription ########################
 3> 1 : 1.0@mintys_hole
 5> 108 : 5.10@mintys_hole -- 107 : 5.9@mintys_hole
 6> 1 : 1.0@mintys_hole
 7> 2 : -@mintys_hole
11> 28 : -@mintys_hole -- 56 : -@mintys_hole
12> 75 : -@mintys_hole -- 52 : -@mintys_hole
13> 96 : -@mintys_hole -- 13 : -@mintys_hole
14> 92 : -@mintys_hole
15> 2 : -@mintys_hole
16> 1 : 1.0@mintys_hole
17> 3 : -@mintys_hole
18> 4 : -@mintys_hole
19> 1 : 1.0@mintys_hole
20> 3 : -@mintys_hole
21> 1 : 1.0@mintys_hole
22> 1 : 1.0@mintys_hole
#################### end of cavern log file ####################
done
calculating basic statistics ... done
processing extended elevation ... done
processing references ... done
selecting export objects ... done
processing projection plan ... done
average distortion: 0.03%
writing ./_output/mintys_hole.pdf ...
####################### metapost log file ########################
This is MetaPost, version 1.209 (kpathsea version 5.1.0) (mem=mpost 2010.01.31)  7 APR 2017 00:36
**data.mp
(./data.mp [4001] [4002] [4003] [4004] [4005] [4006] [4007] [4008] [4009] [4010
] [4011] [4012]
[1] [2] [3] [4] (./mptextmp.mp) [5] )
 
Here is how much of MetaPost's memory you used:
 1047 strings out of 1162
 13162 string characters out of 20720
 61922 words of memory out of 1500000
 1369 symbolic tokens out of 16384
 8i,75n,11p,197b,4f stack positions out of 300i,84n,5000p,200b,15f
 37 string compactions (moved 391536 characters, 30938 strings)
17 output files written: data.1 .. data.4012

#################### end of metapost log file ####################
converting scraps ... done
making map ... done
######################## pdftex log file #########################
This is pdfTeX, Version 3.1415926-1.40.10 (Web2C 2009) (format=pdftex 2010.1.2)  7 APR 2017 00:36
entering extended mode
**data.tex
(./data.tex (./th_enc.tex) (./th_texts.tex) (./th_resources.tex
(c:/Program Files (x86)/Therion/texmf/tex/glyphtounicode.tex))
(./th_fontdef.tex{c:/Program Files (x86)/Therion/texmf/fonts/pdftex.map})
(./th_formdef.tex) (./th_pagedef.tex) (./th_pages.tex)
 53 numeric registers used out of 32768
 [1] ) 
Here is how much of TeX's memory you used:
 250 strings out of 95617
 2539 string characters out of 1171098
 33143 words of memory out of 1519121
 1663 multiletter control sequences out of 15000+50000
 20080 words of font info for 63 fonts, out of 1000000 for 2000
 849 hyphenation exceptions out of 1000
 9i,5n,8p,238b,58s stack positions out of 5000i,500n,10000p,200000b,50000s
<c:/Program Files (x86)/Therion/texmf/fonts/type1/cmss10.pfb><c:/Program 
Files (x86)/Therion/texmf/fonts/type1/cmssi10.pfb>
Output written on data.pdf (1 page, 35659 bytes).
PDF statistics:
 40 PDF objects out of 1000 (max. 8388607)
 0 named destinations out of 1000 (max. 500000)
 79 words of extra memory for PDF output out of 10000 (max. 10000000)


##################### end of pdftex log file #####################
done
writing ./_output/mintys_holeth.3d ... done
writing ./_output/mintys_hole.lox .... done
writing xtherion file ... done
compilation time: 2 sec


###################### scrap distortions #######################
 PROJECTION: plan
 AVERAGE  MAXIMAL  SCRAP
   0.03%    3.93%  mintys_holeSP1@mintys_hole
################### end of scrap distortions ###################
