therion 5.3.16
initialization file: C:\Program Files\Therion/therion.ini
reading ... done
configuration file: C:\Users\Dell\Documents\Philippines\2016\surveying\survey\NoodleDoodle\thconfig
reading ... done
reading source files ... done
preprocessing database ... done
scanning centreline tree ... done
searching for centerline loops ... done
calculating station coordinates ... done
processing survey data ... 
####################### cavern log file ########################
 1> Survex 1.2.17
 2> Copyright ¸ 1990-2015 Olly Betts
 3> Survey has no fixed points. Therefore I've fixed 1 at (0,0,0)
 4> 
 5> Survey contains 196 survey stations, joined by 195 legs.
 6> There is 1 loop.
 7> Survey has 2 connected components.
 8> Total length of survey legs =  617.29m ( 617.29m adjusted)
 9> Total plan length of survey legs =  463.05m
10> Total vertical length of survey legs =  197.61m
11> Vertical range = 123.52m (from 27 at 122.15m to 154 at -1.37m)
12> North-South range = 25.74m (from 3 at 1.26m to 148 at -24.49m)
13> East-West range = 19.15m (from 57 at 4.32m to 97 at -14.83m)
14>  171 1-nodes.
15>    4 2-nodes.
16>    1 3-node.
17>    1 5-node.
18>    4 6-nodes.
19>    2 7-nodes.
20>    1 8-node.
21>    1 9-node.
22>    4 11-nodes.
23>    1 12-node.
24>    1 13-node.
25>    1 14-node.
26>    2 15-nodes.
27>    1 16-node.
28>    1 19-node.
29> 
######################### transcription ########################
 3> 1 : 1.0@NoodleDoodle
 5> 196 : -@NoodleDoodle -- 195 : -@NoodleDoodle
 6> 1 : 1.0@NoodleDoodle
 7> 2 : -@NoodleDoodle
11> 27 : -@NoodleDoodle -- 154 : -@NoodleDoodle
12> 3 : -@NoodleDoodle -- 148 : -@NoodleDoodle
13> 57 : -@NoodleDoodle -- 97 : 1.9@NoodleDoodle
14> 171 : -@NoodleDoodle
15> 4 : -@NoodleDoodle
16> 1 : 1.0@NoodleDoodle
17> 1 : 1.0@NoodleDoodle
18> 4 : -@NoodleDoodle
19> 2 : -@NoodleDoodle
20> 1 : 1.0@NoodleDoodle
21> 1 : 1.0@NoodleDoodle
22> 4 : -@NoodleDoodle
23> 1 : 1.0@NoodleDoodle
24> 1 : 1.0@NoodleDoodle
25> 1 : 1.0@NoodleDoodle
26> 2 : -@NoodleDoodle
27> 1 : 1.0@NoodleDoodle
28> 1 : 1.0@NoodleDoodle
#################### end of cavern log file ####################
done
calculating basic statistics ... done
processing extended elevation ... done
processing references ... done
selecting export objects ... done
writing NoodleDoodleth.3d ... done
compilation time: 0 sec
