therion 5.3.16
initialization file: C:\Program Files\Therion/therion.ini
reading ... done
configuration file: thconfig
reading ... done
reading source files ... done
preprocessing database ... done
scanning centreline tree ... done
searching for centerline loops ... done
calculating station coordinates ... done
processing survey data ... 
####################### cavern log file ########################
 1> Survex 1.2.17
 2> Copyright ¸ 1990-2015 Olly Betts
 3> Survey has no fixed points. Therefore I've fixed 1 at (0,0,0)
 4> 
 5> Survey contains 116 survey stations, joined by 115 legs.
 6> There are 0 loops.
 7> Total length of survey legs =  491.92m ( 491.92m adjusted)
 8> Total plan length of survey legs =  456.50m
 9> Total vertical length of survey legs =   85.40m
10> Vertical range = 10.27m (from 84 at 8.88m to 34 at -1.39m)
11> North-South range = 75.97m (from 116 at 10.36m to 46 at -65.61m)
12> East-West range = 130.21m (from 2 at 0.00m to 116 at -130.21m)
13>   96 1-nodes.
14>    1 2-node.
15>    2 5-nodes.
16>   13 6-nodes.
17>    1 8-node.
18>    2 10-nodes.
19>    1 16-node.
20> 
######################### transcription ########################
 3> 1 : 20.60@odessa-up-side-1
 5> 116 : 25.12@odessa-up-side-1 -- 115 : -@odessa-up-side-1
10> 84 : -@odessa-up-side-1 -- 34 : -@odessa-up-side-1
11> 116 : 25.12@odessa-up-side-1 -- 46 : -@odessa-up-side-1
12> 2 : 24.0@odessa-up-side-1 -- 116 : 25.12@odessa-up-side-1
13> 96 : 25.8@odessa-up-side-1
14> 1 : 20.60@odessa-up-side-1
15> 2 : 24.0@odessa-up-side-1
16> 13 : 24.2@odessa-up-side-1
17> 1 : 20.60@odessa-up-side-1
18> 2 : 24.0@odessa-up-side-1
19> 1 : 20.60@odessa-up-side-1
#################### end of cavern log file ####################
done
calculating basic statistics ... done
processing extended elevation ... done
processing references ... done
selecting export objects ... done
writing odessa-up-side-1th.3d ... done
writing xtherion file ... done
compilation time: 0 sec
