therion 5.3.16
initialization file: C:\Program Files (x86)\Therion/therion.ini
reading ... done
configuration file: thconfig
reading ... done
reading source files ... done
preprocessing database ... done
scanning centreline tree ... done
searching for centerline loops ... done
calculating station coordinates ... done
processing survey data ... 
####################### cavern log file ########################
 1> Survex 1.2.12
 2> Copyright ¸ 1990-2014 Olly Betts
 3> Survey has no fixed points. Therefore I've fixed 1 at (0,0,0)
 4> 
 5> Survey contains 336 survey stations, joined by 335 shots.
 6> There is 1 loop.
 7> Survey has 2 connected components.
 8> Total length of survey shots = 1881.26m (1881.26m adjusted)
 9> Total plan length of survey shots = 1553.50m
10> Total vertical length of survey shots =  702.93m
11> Vertical range = 51.29m (from 3 at 0.39m to 327 at -50.89m)
12> North-South range = 86.38m (from 207 at 85.29m to 3 at -1.09m)
13> East-West range = 135.45m (from 4 at 0.86m to 321 at -134.59m)
14>  285 1-nodes.
15>    5 2-nodes.
16>    2 3-nodes.
17>    3 4-nodes.
18>    4 5-nodes.
19>   12 6-nodes.
20>    8 7-nodes.
21>    7 8-nodes.
22>    1 9-node.
23>    1 11-node.
24>    1 13-node.
25>    2 14-nodes.
26>    1 15-node.
27>    2 16-nodes.
28>    1 21-node.
29>    1 24-node.
30> 
######################### transcription ########################
 3> 1 : 1.0@C1
 5> 336 : -@C1 -- 335 : -@C1
 6> 1 : 1.0@C1
 7> 2 : -@C1
11> 3 : -@C1 -- 327 : -@C1
12> 207 : -@C1 -- 3 : -@C1
13> 4 : -@C1 -- 321 : -@C1
14> 285 : -@C1
15> 5 : -@C1
16> 2 : -@C1
17> 3 : -@C1
18> 4 : -@C1
19> 12 : 1.3@C1
20> 8 : -@C1
21> 7 : 1.1@C1
22> 1 : 1.0@C1
23> 1 : 1.0@C1
24> 1 : 1.0@C1
25> 2 : -@C1
26> 1 : 1.0@C1
27> 2 : -@C1
28> 1 : 1.0@C1
29> 1 : 1.0@C1
#################### end of cavern log file ####################
done
calculating basic statistics ... done
processing extended elevation ... done
processing references ... done
selecting export objects ... done
processing projection plan ... done
average distortion: 0.02%
writing ./output/C1.pdf ...
####################### metapost log file ########################
This is MetaPost, version 1.209 (kpathsea version 5.1.0) (mem=mpost 2010.01.31)  18 NOV 2015 09:24
**data.mp
(./data.mp [4001] [4002] [4003] [4004] [4005] [4006] [4007] [4008] [4009] [4010
] [4011] [4012]

(c:/Users/henry_bennett/Documents/GitHub/philippine-surveys-2015/bluewater-v7/c
ode/_grid_x_hair_to_continuos_line.mp)
[Error: area borders l172-3256-5540 and l176-2932-5420 don't intersect in scrap
 C1SP1@C1 (file C1.th2 [995])]
[Error: area borders l142-5404-5352 and l143-5256-5444 don't intersect in scrap
 C1SP1@C1 (file C1.th2 [957])] [1] [2] [3] [4] [5]
[Warning: scrap outline intersects itself in scrap C1SP2@C1] [6] [7] [8]
[Warning: scrap outline intersects itself in scrap C1SP2@C1] [9] [10]
(./mptextmp.mp) (./mptextmp.mp) (./mptextmp.mp) (./mptextmp.mp) (./mptextmp.mp)
(./mptextmp.mp) [11] [12] [13] [14] [15] [16] [17] [18] [19] [20] )
 
Here is how much of MetaPost's memory you used:
 1364 strings out of 1638
 16171 string characters out of 26823
 203167 words of memory out of 1500000
 1517 symbolic tokens out of 16384
 11i,75n,16p,403b,5f stack positions out of 300i,84n,5000p,487b,15f
 86 string compactions (moved 1038991 characters, 85423 strings)
32 output files written: data.1 .. data.4012

#################### end of metapost log file ####################
converting scraps ... done
making map ... done
######################## pdftex log file #########################
This is pdfTeX, Version 3.1415926-1.40.10 (Web2C 2009) (format=pdftex 2010.1.2)  18 NOV 2015 09:25
entering extended mode
**data.tex
(./data.tex (./th_enc.tex) (./th_texts.tex) (./th_resources.tex
(c:/Program Files (x86)/Therion/texmf/tex/glyphtounicode.tex))
(./th_fontdef.tex{c:/Program Files (x86)/Therion/texmf/fonts/pdftex.map})
(./th_formdef.tex) (./th_pagedef.tex (./th_legend.tex)) (./th_pages.tex)
 75 numeric registers used out of 32768

[1] ) 
Here is how much of TeX's memory you used:
 275 strings out of 95617
 2782 string characters out of 1171098
 274466 words of memory out of 1729444
 1685 multiletter control sequences out of 15000+50000
 21229 words of font info for 66 fonts, out of 1000000 for 2000
 849 hyphenation exceptions out of 1000
 10i,5n,6p,1134b,73s stack positions out of 5000i,500n,10000p,200000b,50000s
<c:/Program Files (x86)/Therion/texmf/fonts/type1/cmmi10.pfb><c:/Program F
iles (x86)/Therion/texmf/fonts/type1/cmr10.pfb><c:/Program Files (x86)/Therion/
texmf/fonts/type1/cmss10.pfb><c:/Program Files (x86)/Therion/texmf/fonts/type1/
cmssi10.pfb><c:/Program Files (x86)/Therion/texmf/fonts/type1/cmsy10.pfb>
Output written on data.pdf (1 page, 161128 bytes).
PDF statistics:
 102 PDF objects out of 1000 (max. 8388607)
 0 named destinations out of 1000 (max. 500000)
 221 words of extra memory for PDF output out of 10000 (max. 10000000)


##################### end of pdftex log file #####################
done
writing ./output/C1th.3d ... done
writing xtherion file ... done
compilation time: 5 sec


###################### scrap distortions #######################
 PROJECTION: plan
 AVERAGE  MAXIMAL  SCRAP
   0.02%    2.33%  C1SP1@C1
   0.03%    0.19%  C1SP2@C1
################### end of scrap distortions ###################
