therion 5.3.16
initialization file: C:\Program Files (x86)\Therion/therion.ini
reading ... done
configuration file: C:\Users\henry_bennett\Documents\GitHub\SpeleoPhilippines\Region-2\Penablanca\PathCave1\thconfig
reading ... done
reading source files ... done
preprocessing database ... done
scanning centreline tree ... done
searching for centerline loops ... done
calculating station coordinates ... done
processing survey data ... 
####################### cavern log file ########################
 1> Survex 1.2.12
 2> Copyright ¸ 1990-2014 Olly Betts
 3> Survey has no fixed points. Therefore I've fixed 1 at (0,0,0)
 4> 
 5> Survey contains 368 survey stations, joined by 367 shots.
 6> There is 1 loop.
 7> Survey has 2 connected components.
 8> Total length of survey shots =  968.12m ( 968.12m adjusted)
 9> Total plan length of survey shots =  898.31m
10> Total vertical length of survey shots =  138.33m
11> Vertical range = 5.72m (from 21 at 2.69m to 76 at -3.03m)
12> North-South range = 107.14m (from 365 at 104.11m to 10 at -3.03m)
13> East-West range = 50.70m (from 368 at 44.39m to 185 at -6.31m)
14>  336 1-nodes.
15>    1 7-node.
16>    1 8-node.
17>    2 9-nodes.
18>    5 10-nodes.
19>    2 11-nodes.
20>    6 12-nodes.
21>    4 13-nodes.
22>    3 14-nodes.
23>    4 15-nodes.
24>    2 16-nodes.
25>    1 17-node.
26>    1 18-node.
27> 
######################### transcription ########################
 3> 1 : 1.0@PathCave1
 5> 368 : -@PathCave1 -- 367 : -@PathCave1
 6> 1 : 1.0@PathCave1
 7> 2 : -@PathCave1
11> 21 : -@PathCave1 -- 76 : -@PathCave1
12> 365 : -@PathCave1 -- 10 : -@PathCave1
13> 368 : -@PathCave1 -- 185 : -@PathCave1
14> 336 : -@PathCave1
15> 1 : 1.0@PathCave1
16> 1 : 1.0@PathCave1
17> 2 : -@PathCave1
18> 5 : -@PathCave1
19> 2 : -@PathCave1
20> 6 : -@PathCave1
21> 4 : -@PathCave1
22> 3 : -@PathCave1
23> 4 : -@PathCave1
24> 2 : -@PathCave1
25> 1 : 1.0@PathCave1
26> 1 : 1.0@PathCave1
#################### end of cavern log file ####################
done
calculating basic statistics ... done
processing extended elevation ... done
processing references ... done
selecting export objects ... done
processing projection plan ... done
writing PathCave1.pdf ...
####################### metapost log file ########################
This is MetaPost, version 1.209 (kpathsea version 5.1.0) (mem=mpost 2010.01.31)  5 MAY 2016 07:48
**data.mp
(./data.mp [4001] [4002] [4003] [4004] [4005] [4006] [4007] [4008] [4009] [4010
] [4011] [4012]
[1] (./mptextmp.mp) [2] )
 
Here is how much of MetaPost's memory you used:
 1015 strings out of 1162
 12968 string characters out of 15838
 59095 words of memory out of 1500000
 1367 symbolic tokens out of 16384
 8i,75n,11p,197b,4f stack positions out of 300i,84n,5000p,200b,15f
 29 string compactions (moved 189129 characters, 15802 strings)
14 output files written: data.1 .. data.4012

#################### end of metapost log file ####################
converting scraps ... done
making map ... done
######################## pdftex log file #########################
This is pdfTeX, Version 3.1415926-1.40.10 (Web2C 2009) (format=pdftex 2010.1.2)  5 MAY 2016 07:48
entering extended mode
**data.tex
(./data.tex (./th_enc.tex) (./th_texts.tex) (./th_resources.tex
(c:/Program Files (x86)/Therion/texmf/tex/glyphtounicode.tex))
(./th_fontdef.tex{c:/Program Files (x86)/Therion/texmf/fonts/pdftex.map})
(./th_formdef.tex) (./th_pagedef.tex
! Missing number, treated as zero.
<to be read again> 
                   i
l.2 \hsize=-i
             nfbp
A number should have been here; I inserted `0'.
(If you can't figure out why I needed to see a number,
look up `weird error' in the index to The TeXbook.)

! Missing number, treated as zero.
<to be read again> 
                   i
l.3 \vsize=-i
             nfbp
A number should have been here; I inserted `0'.
(If you can't figure out why I needed to see a number,
look up `weird error' in the index to The TeXbook.)

! Missing number, treated as zero.
<to be read again> 
                   i
l.10 \newdimen\x \x=-i
                      nfbp
A number should have been here; I inserted `0'.
(If you can't figure out why I needed to see a number,
look up `weird error' in the index to The TeXbook.)

! Missing number, treated as zero.
<to be read again> 
                   i
l.11 \newdimen\y \y=-i
                      nfbp
A number should have been here; I inserted `0'.
(If you can't figure out why I needed to see a number,
look up `weird error' in the index to The TeXbook.)

! Missing number, treated as zero.
<to be read again> 
                   i
l.44 \adjustedHS=-i
                   nfbp\advance\adjustedHS by \extraE\advance\adjustedHS by ...
A number should have been here; I inserted `0'.
(If you can't figure out why I needed to see a number,
look up `weird error' in the index to The TeXbook.)

! Missing number, treated as zero.
<to be read again> 
                   i
l.45 \adjustedVS=-i
                   nfbp\advance\adjustedVS by \extraN\advance\adjustedVS by ...
A number should have been here; I inserted `0'.
(If you can't figure out why I needed to see a number,
look up `weird error' in the index to The TeXbook.)

! Number too big.
<argument> -17976931348
                       62315708145274237317043567980705675258449965989174768...

\calibrX #1->\tmpdimen =#1
                          \advance \tmpdimen by\overlap \advance \tmpdimen b...
l.46 ...9299881250404026184124858368.0000000000bp}
                                                  \tmpdimenX=\tmpdimen
I can only go up to 2147483647='17777777777="7FFFFFFF,
so I'm using that number instead of yours.

! Dimension too large.
<to be read again> 
                   \advance 
\calibrX #1->\tmpdimen =#1\advance 
                                   \tmpdimen by\overlap \advance \tmpdimen b...
l.46 ...9299881250404026184124858368.0000000000bp}
                                                  \tmpdimenX=\tmpdimen
I can't work with sizes bigger than about 19 feet.
Continue and I'll use the largest value I can.

! Number too big.
<argument> -17976931348
                       62315708145274237317043567980705675258449965989174768...

\calibrY #1->\tmpdimen =#1
                          \advance \tmpdimen by\overlap \advance \tmpdimen b...
l.47 ...9299881250404026184124858368.0000000000bp}
                                                  \tmpdimenY=\tmpdimen
I can only go up to 2147483647='17777777777="7FFFFFFF,
so I'm using that number instead of yours.

! Dimension too large.
<to be read again> 
                   \advance 
\calibrY #1->\tmpdimen =#1\advance 
                                   \tmpdimen by\overlap \advance \tmpdimen b...
l.47 ...9299881250404026184124858368.0000000000bp}
                                                  \tmpdimenY=\tmpdimen
I can't work with sizes bigger than about 19 feet.
Continue and I'll use the largest value I can.

! Number too big.
<argument> -17976931348
                       62315708145274237317043567980705675258449965989174768...

\calibrX #1->\tmpdimen =#1
                          \advance \tmpdimen by\overlap \advance \tmpdimen b...
l.49 ...9299881250404026184124858368.0000000000bp}
                                                  \tmpdimenX=\tmpdimen
I can only go up to 2147483647='17777777777="7FFFFFFF,
so I'm using that number instead of yours.

! Dimension too large.
<to be read again> 
                   \advance 
\calibrX #1->\tmpdimen =#1\advance 
                                   \tmpdimen by\overlap \advance \tmpdimen b...
l.49 ...9299881250404026184124858368.0000000000bp}
                                                  \tmpdimenX=\tmpdimen
I can't work with sizes bigger than about 19 feet.
Continue and I'll use the largest value I can.

! Number too big.
<argument> -17976931348
                       62315708145274237317043567980705675258449965989174768...

\calibrY #1->\tmpdimen =#1
                          \advance \tmpdimen by\overlap \advance \tmpdimen b...
l.50 ...9299881250404026184124858368.0000000000bp}
                                                  \tmpdimenY=\tmpdimen
I can only go up to 2147483647='17777777777="7FFFFFFF,
so I'm using that number instead of yours.

! Dimension too large.
<to be read again> 
                   \advance 
\calibrY #1->\tmpdimen =#1\advance 
                                   \tmpdimen by\overlap \advance \tmpdimen b...
l.50 ...9299881250404026184124858368.0000000000bp}
                                                  \tmpdimenY=\tmpdimen
I can't work with sizes bigger than about 19 feet.
Continue and I'll use the largest value I can.

! Number too big.
<argument> -17976931348
                       62315708145274237317043567980705675258449965989174768...

\calibrX #1->\tmpdimen =#1
                          \advance \tmpdimen by\overlap \advance \tmpdimen b...
l.52 ...9299881250404026184124858368.0000000000bp}
                                                  \tmpdimenX=\tmpdimen
I can only go up to 2147483647='17777777777="7FFFFFFF,
so I'm using that number instead of yours.

! Dimension too large.
<to be read again> 
                   \advance 
\calibrX #1->\tmpdimen =#1\advance 
                                   \tmpdimen by\overlap \advance \tmpdimen b...
l.52 ...9299881250404026184124858368.0000000000bp}
                                                  \tmpdimenX=\tmpdimen
I can't work with sizes bigger than about 19 feet.
Continue and I'll use the largest value I can.

! Number too big.
<argument> -17976931348
                       62315708145274237317043567980705675258449965989174768...

\calibrY #1->\tmpdimen =#1
                          \advance \tmpdimen by\overlap \advance \tmpdimen b...
l.53 ...9299881250404026184124858368.0000000000bp}
                                                  \tmpdimenY=\tmpdimen
I can only go up to 2147483647='17777777777="7FFFFFFF,
so I'm using that number instead of yours.

! Dimension too large.
<to be read again> 
                   \advance 
\calibrY #1->\tmpdimen =#1\advance 
                                   \tmpdimen by\overlap \advance \tmpdimen b...
l.53 ...9299881250404026184124858368.0000000000bp}
                                                  \tmpdimenY=\tmpdimen
I can't work with sizes bigger than about 19 feet.
Continue and I'll use the largest value I can.

! Number too big.
<argument> -17976931348
                       62315708145274237317043567980705675258449965989174768...

\calibrX #1->\tmpdimen =#1
                          \advance \tmpdimen by\overlap \advance \tmpdimen b...
l.55 ...9299881250404026184124858368.0000000000bp}
                                                  \tmpdimenX=\tmpdimen
I can only go up to 2147483647='17777777777="7FFFFFFF,
so I'm using that number instead of yours.

! Dimension too large.
<to be read again> 
                   \advance 
\calibrX #1->\tmpdimen =#1\advance 
                                   \tmpdimen by\overlap \advance \tmpdimen b...
l.55 ...9299881250404026184124858368.0000000000bp}
                                                  \tmpdimenX=\tmpdimen
I can't work with sizes bigger than about 19 feet.
Continue and I'll use the largest value I can.

! Number too big.
<argument> -17976931348
                       62315708145274237317043567980705675258449965989174768...

\calibrY #1->\tmpdimen =#1
                          \advance \tmpdimen by\overlap \advance \tmpdimen b...
l.56 ...9299881250404026184124858368.0000000000bp}
                                                  \tmpdimenY=\tmpdimen
I can only go up to 2147483647='17777777777="7FFFFFFF,
so I'm using that number instead of yours.

! Dimension too large.
<to be read again> 
                   \advance 
\calibrY #1->\tmpdimen =#1\advance 
                                   \tmpdimen by\overlap \advance \tmpdimen b...
l.56 ...9299881250404026184124858368.0000000000bp}
                                                  \tmpdimenY=\tmpdimen
I can't work with sizes bigger than about 19 feet.
Continue and I'll use the largest value I can.

! Number too big.
<argument> -17976931348
                       62315708145274237317043567980705675258449965989174768...

\calibrX #1->\tmpdimen =#1
                          \advance \tmpdimen by\overlap \advance \tmpdimen b...
l.58 ...9299881250404026184124858368.0000000000bp}
                                                  \tmpdimenX=\tmpdimen
I can only go up to 2147483647='17777777777="7FFFFFFF,
so I'm using that number instead of yours.

! Dimension too large.
<to be read again> 
                   \advance 
\calibrX #1->\tmpdimen =#1\advance 
                                   \tmpdimen by\overlap \advance \tmpdimen b...
l.58 ...9299881250404026184124858368.0000000000bp}
                                                  \tmpdimenX=\tmpdimen
I can't work with sizes bigger than about 19 feet.
Continue and I'll use the largest value I can.

! Number too big.
<argument> -17976931348
                       62315708145274237317043567980705675258449965989174768...

\calibrY #1->\tmpdimen =#1
                          \advance \tmpdimen by\overlap \advance \tmpdimen b...
l.59 ...9299881250404026184124858368.0000000000bp}
                                                  \tmpdimenY=\tmpdimen
I can only go up to 2147483647='17777777777="7FFFFFFF,
so I'm using that number instead of yours.

! Dimension too large.
<to be read again> 
                   \advance 
\calibrY #1->\tmpdimen =#1\advance 
                                   \tmpdimen by\overlap \advance \tmpdimen b...
l.59 ...9299881250404026184124858368.0000000000bp}
                                                  \tmpdimenY=\tmpdimen
I can't work with sizes bigger than about 19 feet.
Continue and I'll use the largest value I can.

! Number too big.
<argument> -17976931348
                       62315708145274237317043567980705675258449965989174768...

\calibrX #1->\tmpdimen =#1
                          \advance \tmpdimen by\overlap \advance \tmpdimen b...
l.61 ...9299881250404026184124858368.0000000000bp}
                                                  \tmpdimenX=\tmpdimen
I can only go up to 2147483647='17777777777="7FFFFFFF,
so I'm using that number instead of yours.

! Dimension too large.
<to be read again> 
                   \advance 
\calibrX #1->\tmpdimen =#1\advance 
                                   \tmpdimen by\overlap \advance \tmpdimen b...
l.61 ...9299881250404026184124858368.0000000000bp}
                                                  \tmpdimenX=\tmpdimen
I can't work with sizes bigger than about 19 feet.
Continue and I'll use the largest value I can.

! Number too big.
<argument> -17976931348
                       62315708145274237317043567980705675258449965989174768...

\calibrY #1->\tmpdimen =#1
                          \advance \tmpdimen by\overlap \advance \tmpdimen b...
l.62 ...9299881250404026184124858368.0000000000bp}
                                                  \tmpdimenY=\tmpdimen
I can only go up to 2147483647='17777777777="7FFFFFFF,
so I'm using that number instead of yours.

! Dimension too large.
<to be read again> 
                   \advance 
\calibrY #1->\tmpdimen =#1\advance 
                                   \tmpdimen by\overlap \advance \tmpdimen b...
l.62 ...9299881250404026184124858368.0000000000bp}
                                                  \tmpdimenY=\tmpdimen
I can't work with sizes bigger than about 19 feet.
Continue and I'll use the largest value I can.

! Number too big.
<argument> -17976931348
                       62315708145274237317043567980705675258449965989174768...

\calibrX #1->\tmpdimen =#1
                          \advance \tmpdimen by\overlap \advance \tmpdimen b...
l.64 ...9299881250404026184124858368.0000000000bp}
                                                  \tmpdimenX=\tmpdimen
I can only go up to 2147483647='17777777777="7FFFFFFF,
so I'm using that number instead of yours.

! Dimension too large.
<to be read again> 
                   \advance 
\calibrX #1->\tmpdimen =#1\advance 
                                   \tmpdimen by\overlap \advance \tmpdimen b...
l.64 ...9299881250404026184124858368.0000000000bp}
                                                  \tmpdimenX=\tmpdimen
I can't work with sizes bigger than about 19 feet.
Continue and I'll use the largest value I can.

! Number too big.
<argument> -17976931348
                       62315708145274237317043567980705675258449965989174768...

\calibrY #1->\tmpdimen =#1
                          \advance \tmpdimen by\overlap \advance \tmpdimen b...
l.65 ...9299881250404026184124858368.0000000000bp}
                                                  \tmpdimenY=\tmpdimen
I can only go up to 2147483647='17777777777="7FFFFFFF,
so I'm using that number instead of yours.

! Dimension too large.
<to be read again> 
                   \advance 
\calibrY #1->\tmpdimen =#1\advance 
                                   \tmpdimen by\overlap \advance \tmpdimen b...
l.65 ...9299881250404026184124858368.0000000000bp}
                                                  \tmpdimenY=\tmpdimen
I can't work with sizes bigger than about 19 feet.
Continue and I'll use the largest value I can.

! Number too big.
<argument> -17976931348
                       62315708145274237317043567980705675258449965989174768...

\calibrX #1->\tmpdimen =#1
                          \advance \tmpdimen by\overlap \advance \tmpdimen b...
l.67 ...9299881250404026184124858368.0000000000bp}
                                                  \tmpdimenX=\tmpdimen
I can only go up to 2147483647='17777777777="7FFFFFFF,
so I'm using that number instead of yours.

! Dimension too large.
<to be read again> 
                   \advance 
\calibrX #1->\tmpdimen =#1\advance 
                                   \tmpdimen by\overlap \advance \tmpdimen b...
l.67 ...9299881250404026184124858368.0000000000bp}
                                                  \tmpdimenX=\tmpdimen
I can't work with sizes bigger than about 19 feet.
Continue and I'll use the largest value I can.

! Number too big.
<argument> -17976931348
                       62315708145274237317043567980705675258449965989174768...

\calibrY #1->\tmpdimen =#1
                          \advance \tmpdimen by\overlap \advance \tmpdimen b...
l.68 ...9299881250404026184124858368.0000000000bp}
                                                  \tmpdimenY=\tmpdimen
I can only go up to 2147483647='17777777777="7FFFFFFF,
so I'm using that number instead of yours.

! Dimension too large.
<to be read again> 
                   \advance 
\calibrY #1->\tmpdimen =#1\advance 
                                   \tmpdimen by\overlap \advance \tmpdimen b...
l.68 ...9299881250404026184124858368.0000000000bp}
                                                  \tmpdimenY=\tmpdimen
I can't work with sizes bigger than about 19 feet.
Continue and I'll use the largest value I can.

! Number too big.
<argument> -17976931348
                       62315708145274237317043567980705675258449965989174768...

\calibrX #1->\tmpdimen =#1
                          \advance \tmpdimen by\overlap \advance \tmpdimen b...
l.70 ...9299881250404026184124858368.0000000000bp}
                                                  \tmpdimenX=\tmpdimen
I can only go up to 2147483647='17777777777="7FFFFFFF,
so I'm using that number instead of yours.

! Dimension too large.
<to be read again> 
                   \advance 
\calibrX #1->\tmpdimen =#1\advance 
                                   \tmpdimen by\overlap \advance \tmpdimen b...
l.70 ...9299881250404026184124858368.0000000000bp}
                                                  \tmpdimenX=\tmpdimen
I can't work with sizes bigger than about 19 feet.
Continue and I'll use the largest value I can.

! Number too big.
<argument> -17976931348
                       62315708145274237317043567980705675258449965989174768...

\calibrY #1->\tmpdimen =#1
                          \advance \tmpdimen by\overlap \advance \tmpdimen b...
l.71 ...9299881250404026184124858368.0000000000bp}
                                                  \tmpdimenY=\tmpdimen
I can only go up to 2147483647='17777777777="7FFFFFFF,
so I'm using that number instead of yours.

! Dimension too large.
<to be read again> 
                   \advance 
\calibrY #1->\tmpdimen =#1\advance 
                                   \tmpdimen by\overlap \advance \tmpdimen b...
l.71 ...9299881250404026184124858368.0000000000bp}
                                                  \tmpdimenY=\tmpdimen
I can't work with sizes bigger than about 19 feet.
Continue and I'll use the largest value I can.

! Missing number, treated as zero.
<to be read again> 
                   i
l.84 \setbox\xxx=\hbox to -i
                            nfbp{%
A number should have been here; I inserted `0'.
(If you can't figure out why I needed to see a number,
look up `weird error' in the index to The TeXbook.)

! Missing { inserted.
<to be read again> 
                   f
l.84 \setbox\xxx=\hbox to -inf
                              bp{%
A left brace was mandatory here, so I've put one in.
You might want to delete and/or insert some corrections
so that I will find a matching right brace soon.
(If you're confused by all this, try typing `I}' now.)

! Missing number, treated as zero.
<to be read again> 
                   i
l.85 \hfill}\ht\xxx=-i
                      nfbp\dp\xxx=0bp
A number should have been here; I inserted `0'.
(If you can't figure out why I needed to see a number,
look up `weird error' in the index to The TeXbook.)

! pdfTeX error (ext1): \pdfxform cannot be used with a void box.
<recently read> \xxx 
                     
l.86 ...pdfxform attr{/OC \the\oca\space 0 R} \xxx
                                                  \PB{0}{0}{\pdflastxform}%

 
Here is how much of TeX's memory you used:
 240 strings out of 95617
 2435 string characters out of 1171098
 15380 words of memory out of 1502358
 1658 multiletter control sequences out of 15000+50000
 17652 words of font info for 57 fonts, out of 1000000 for 2000
 849 hyphenation exceptions out of 1000
 8i,4n,8p,376b,45s stack positions out of 5000i,500n,10000p,200000b,50000s
!  ==> Fatal error occurred, no output PDF file produced!

##################### end of pdftex log file #####################
C:\Program Files (x86)\Therion\therion.exe: error -- pdftex exit code -- 1
Press ENTER to exit!