therion 5.3.16
initialization file: C:\Program Files (x86)\Therion/therion.ini
reading ... done
configuration file: thconfig
reading ... done
reading source files ... done
preprocessing database ... done
scanning centreline tree ... done
searching for centerline loops ... done
calculating station coordinates ... done
processing survey data ... 
####################### cavern log file ########################
 1> Survex 1.2.12
 2> Copyright ¸ 1990-2014 Olly Betts
 3> Survey has no fixed points. Therefore I've fixed 1 at (0,0,0)
 4> 
 5> Survey contains 325 survey stations, joined by 324 shots.
 6> There are 0 loops.
 7> Total length of survey shots = 1649.83m (1649.83m adjusted)
 8> Total plan length of survey shots = 1591.99m
 9> Total vertical length of survey shots =  202.99m
10> Vertical range = 6.51m (from 104 at 3.95m to 50 at -2.56m)
11> North-South range = 167.72m (from 2 at 0.00m to 256 at -167.72m)
12> East-West range = 153.10m (from 325 at 29.18m to 256 at -123.92m)
13>  288 1-nodes.
14>    3 2-nodes.
15>    1 3-node.
16>   11 6-nodes.
17>    1 7-node.
18>    1 8-node.
19>    2 9-nodes.
20>    2 10-nodes.
21>    4 11-nodes.
22>    4 13-nodes.
23>    3 14-nodes.
24>    1 16-node.
25>    1 17-node.
26>    2 18-nodes.
27>    1 25-node.
28> 
######################### transcription ########################
 3> 1 : 4.61@catcheel
 5> 325 : 17.9@catcheel -- 324 : 17.8@catcheel
10> 104 : -@catcheel -- 50 : -@catcheel
11> 2 : 16.0@catcheel -- 256 : -@catcheel
12> 325 : 17.9@catcheel -- 256 : -@catcheel
13> 288 : -@catcheel
14> 3 : -@catcheel
15> 1 : 4.61@catcheel
16> 11 : -@catcheel
17> 1 : 4.61@catcheel
18> 1 : 4.61@catcheel
19> 2 : 16.0@catcheel
20> 2 : 16.0@catcheel
21> 4 : 16.1@catcheel
22> 4 : 16.1@catcheel
23> 3 : -@catcheel
24> 1 : 4.61@catcheel
25> 1 : 4.61@catcheel
26> 2 : 16.0@catcheel
27> 1 : 4.61@catcheel
#################### end of cavern log file ####################
done
calculating basic statistics ... done
processing extended elevation ... done
processing references ... done
selecting export objects ... done
processing projection plan ... done
average distortion: 0.01%
writing catcheel.pdf ...
####################### metapost log file ########################
This is MetaPost, version 1.209 (kpathsea version 5.1.0) (mem=mpost 2010.01.31)  30 APR 2016 21:42
**data.mp
(./data.mp [4001] [4002] [4003] [4004] [4005] [4006] [4007] [4008] [4009] [4010
] [4011] [4012]
[1]
[Warning: scrap outline intersects itself in scrap catcheelSP1@catcheel] [2]
[3] [4] [5] (./mptextmp.mp) [6] )
 
Here is how much of MetaPost's memory you used:
 1094 strings out of 1162
 13203 string characters out of 20720
 559478 words of memory out of 1500000
 1374 symbolic tokens out of 16384
 11i,75n,16p,339b,5f stack positions out of 300i,84n,5000p,390b,15f
 82 string compactions (moved 918493 characters, 73564 strings)
18 output files written: data.1 .. data.4012

#################### end of metapost log file ####################
converting scraps ... done
making map ... done
######################## pdftex log file #########################
This is pdfTeX, Version 3.1415926-1.40.10 (Web2C 2009) (format=pdftex 2010.1.2)  30 APR 2016 21:42
entering extended mode
**data.tex
(./data.tex (./th_enc.tex) (./th_texts.tex) (./th_resources.tex
(c:/Program Files (x86)/Therion/texmf/tex/glyphtounicode.tex))
(./th_fontdef.tex{c:/Program Files (x86)/Therion/texmf/fonts/pdftex.map})
(./th_formdef.tex) (./th_pagedef.tex) (./th_pages.tex)
 56 numeric registers used out of 32768
 [1] ) 
Here is how much of TeX's memory you used:
 253 strings out of 95617
 2558 string characters out of 1171098
 1238520 words of memory out of 2655498
 1666 multiletter control sequences out of 15000+50000
 20080 words of font info for 63 fonts, out of 1000000 for 2000
 849 hyphenation exceptions out of 1000
 9i,5n,8p,238b,58s stack positions out of 5000i,500n,10000p,200000b,50000s
<c:/Program Files (x86)/Therion/texmf/fonts/type1/cmss10.pfb><c:/Program 
Files (x86)/Therion/texmf/fonts/type1/cmssi10.pfb>
Output written on data.pdf (1 page, 462097 bytes).
PDF statistics:
 44 PDF objects out of 1000 (max. 8388607)
 0 named destinations out of 1000 (max. 500000)
 93 words of extra memory for PDF output out of 10000 (max. 10000000)


##################### end of pdftex log file #####################
done
writing catcheelth.3d ... done
writing xtherion file ... done
compilation time: 6 sec


###################### scrap distortions #######################
 PROJECTION: plan
 AVERAGE  MAXIMAL  SCRAP
   0.01%    1.08%  catcheelSP1@catcheel
################### end of scrap distortions ###################
