therion 5.3.16
initialization file: C:\Program Files\Therion/therion.ini
reading ... done
configuration file: thconfig
reading ... done
reading source files ... done
preprocessing database ... done
output coordinate system: UTM51
meridian convergence (deg): 0.3547
geomag declinations (deg):
  2016.1.1  -2.6844
  2017.1.1  -2.7737
scanning centreline tree ... done
searching for centerline loops ... done
calculating station coordinates ... done
processing survey data ... 
####################### cavern log file ########################
 1> Survex 1.2.17
 2> Copyright ¸ 1990-2015 Olly Betts
 3> 
 4> Survey contains 140 survey stations, joined by 139 legs.
 5> There is 1 loop.
 6> Survey has 2 connected components.
 7> Total length of survey legs =  447.31m ( 447.31m adjusted)
 8> Total plan length of survey legs =  419.97m
 9> Total vertical length of survey legs =   63.10m
10> Vertical range = 4.83m (from 71 at 95.44m to 128 at 90.61m)
11> North-South range = 49.61m (from 6 at 1967563.41m to 140 at 1967513.80m)
12> East-West range = 34.13m (from 128 at 376975.90m to 76 at 376941.77m)
13>  126 1-nodes.
14>    2 2-nodes.
15>    2 6-nodes.
16>    1 10-node.
17>    1 11-node.
18>    1 12-node.
19>    3 13-nodes.
20>    2 14-nodes.
21>    1 15-node.
22>    1 21-node.
23> 
######################### transcription ########################
 4> 140 : 3.2@tumbali-d1-c3 -- 139 : -@tumbali-d1-c3
 5> 1 : 1.0@tumbali-d1-c3
 6> 2 : -@tumbali-d1-c3
10> 71 : -@tumbali-d1-c3 -- 128 : -@tumbali-d1-c3
11> 6 : -@tumbali-d1-c3 -- 140 : 3.2@tumbali-d1-c3
12> 128 : -@tumbali-d1-c3 -- 76 : -@tumbali-d1-c3
13> 126 : -@tumbali-d1-c3
14> 2 : -@tumbali-d1-c3
15> 2 : -@tumbali-d1-c3
16> 1 : 1.0@tumbali-d1-c3
17> 1 : 1.0@tumbali-d1-c3
18> 1 : 1.0@tumbali-d1-c3
19> 3 : -@tumbali-d1-c3
20> 2 : -@tumbali-d1-c3
21> 1 : 1.0@tumbali-d1-c3
22> 1 : 1.0@tumbali-d1-c3
#################### end of cavern log file ####################
done
calculating basic statistics ... done
processing extended elevation ... done
processing references ... done
selecting export objects ... done
processing projection plan ... done
average distortion: 0.02%
writing tumbali-d1-c3.pdf ...
####################### metapost log file ########################
This is MetaPost, version 1.209 (kpathsea version 5.1.0) (mem=mpost 2010.01.31)  8 APR 2016 22:13
**data.mp
(./data.mp [4001] [4002] [4003] [4004] [4005] [4006] [4007] [4008] [4009] [4010
] [4011] [4012]
[1] [2] (./mptextmp.mp) [3] )
 
Here is how much of MetaPost's memory you used:
 1030 strings out of 1162
 12993 string characters out of 15838
 59546 words of memory out of 1500000
 1367 symbolic tokens out of 16384
 8i,75n,11p,197b,4f stack positions out of 300i,84n,5000p,200b,15f
 29 string compactions (moved 189092 characters, 15811 strings)
15 output files written: data.1 .. data.4012

#################### end of metapost log file ####################
converting scraps ... done
making map ... done
######################## pdftex log file #########################
This is pdfTeX, Version 3.1415926-1.40.10 (Web2C 2009) (format=pdftex 2010.1.2)  8 APR 2016 22:13
entering extended mode
**data.tex
(./data.tex (./th_enc.tex) (./th_texts.tex) (./th_resources.tex
(c:/Program Files/Therion/texmf/tex/glyphtounicode.tex)) (./th_fontdef.tex{c:/P
rogram Files/Therion/texmf/fonts/pdftex.map})
(./th_formdef.tex) (./th_pagedef.tex) (./th_pages.tex)
 50 numeric registers used out of 32768
 [1] ) 
Here is how much of TeX's memory you used:
 247 strings out of 95617
 2489 string characters out of 1171098
 24858 words of memory out of 1510836
 1660 multiletter control sequences out of 15000+50000
 20080 words of font info for 63 fonts, out of 1000000 for 2000
 849 hyphenation exceptions out of 1000
 9i,5n,8p,238b,58s stack positions out of 5000i,500n,10000p,200000b,50000s
<c:/Program Files/Therion/texmf/fonts/type1/cmss10.pfb><c:/Program Files/
Therion/texmf/fonts/type1/cmssi10.pfb>
Output written on data.pdf (1 page, 19513 bytes).
PDF statistics:
 34 PDF objects out of 1000 (max. 8388607)
 0 named destinations out of 1000 (max. 500000)
 61 words of extra memory for PDF output out of 10000 (max. 10000000)


##################### end of pdftex log file #####################
done
writing tumbali-d1-c3.kml ... done
writing tumbali-d1-c3th.3d ... done
writing xtherion file ... done
compilation time: 1 sec


###################### scrap distortions #######################
 PROJECTION: plan
 AVERAGE  MAXIMAL  SCRAP
   0.02%    0.11%  tumbali-d1-c3SP1@tumbali-d1-c3
################### end of scrap distortions ###################
