therion 5.3.16
initialization file: C:\Program Files\Therion/therion.ini
reading ... done
configuration file: thconfig
reading ... done
reading source files ... done
preprocessing database ... done
scanning centreline tree ... done
searching for centerline loops ... done
calculating station coordinates ... done
processing survey data ... 
####################### cavern log file ########################
 1> Survex 1.2.17
 2> Copyright ¸ 1990-2015 Olly Betts
 3> Survey has no fixed points. Therefore I've fixed 1 at (0,0,0)
 4> 
 5> Survey contains 217 survey stations, joined by 216 legs.
 6> There are 0 loops.
 7> Total length of survey legs = 1156.90m (1156.90m adjusted)
 8> Total plan length of survey legs = 1055.89m
 9> Total vertical length of survey legs =  256.39m
10> Vertical range = 8.60m (from 112 at 7.05m to 180 at -1.55m)
11> North-South range = 117.98m (from 192 at 117.98m to 1 at 0.00m)
12> East-West range = 43.55m (from 101 at 9.77m to 167 at -33.78m)
13>  194 1-nodes.
14>    1 2-node.
15>    2 5-nodes.
16>    1 6-node.
17>    1 7-node.
18>    3 8-nodes.
19>    3 9-nodes.
20>    1 10-node.
21>    2 11-nodes.
22>    3 12-nodes.
23>    1 13-node.
24>    3 15-nodes.
25>    1 16-node.
26>    1 20-node.
27> 
######################### transcription ########################
 3> 1 : 1.29@downstream129
 5> 217 : 29.5@downstream129 -- 216 : -@downstream129
10> 112 : -@downstream129 -- 180 : -@downstream129
11> 192 : -@downstream129 -- 1 : 1.29@downstream129
12> 101 : -@downstream129 -- 167 : -@downstream129
13> 194 : 29.0@downstream129
14> 1 : 1.29@downstream129
15> 2 : 1.30@downstream129
16> 1 : 1.29@downstream129
17> 1 : 1.29@downstream129
18> 3 : -@downstream129
19> 3 : -@downstream129
20> 1 : 1.29@downstream129
21> 2 : 1.30@downstream129
22> 3 : -@downstream129
23> 1 : 1.29@downstream129
24> 3 : -@downstream129
25> 1 : 1.29@downstream129
26> 1 : 1.29@downstream129
#################### end of cavern log file ####################
done
calculating basic statistics ... done
processing extended elevation ... done
processing references ... done
selecting export objects ... done
writing downstream129th.3d ... done
writing xtherion file ... done
compilation time: 0 sec
