therion 5.3.16
initialization file: C:\Program Files (x86)\Therion/therion.ini
reading ... done
configuration file: thconfig
reading ... done
reading source files ... done
preprocessing database ... done
scanning centreline tree ... done
searching for centerline loops ... done
calculating station coordinates ... done
processing survey data ... 
####################### cavern log file ########################
 1> Survex 1.2.12
 2> Copyright ¸ 1990-2014 Olly Betts
 3> Survey has no fixed points. Therefore I've fixed 1 at (0,0,0)
 4> 
 5> Survey contains 3 survey stations, joined by 2 shots.
 6> There are 0 loops.
 7> Total length of survey shots =   63.50m (  63.50m adjusted)
 8> Total plan length of survey shots =   63.48m
 9> Total vertical length of survey shots =    1.50m
10> Vertical range = 1.50m (from 2 at 0.00m to 3 at -1.50m)
11> North-South range = 63.35m (from 3 at 63.35m to 2 at 0.00m)
12> East-West range = 4.15m (from 2 at 0.00m to 3 at -4.15m)
13>    2 1-nodes.
14>    1 2-node.
15> 
######################### transcription ########################
 3> 1 : 4.70@Main2Sewer
 5> 3 : 50.1@Main2Sewer -- 2 : 50.0@Main2Sewer
10> 2 : 50.0@Main2Sewer -- 3 : 50.1@Main2Sewer
11> 3 : 50.1@Main2Sewer -- 2 : 50.0@Main2Sewer
12> 2 : 50.0@Main2Sewer -- 3 : 50.1@Main2Sewer
13> 2 : 50.0@Main2Sewer
14> 1 : 4.70@Main2Sewer
#################### end of cavern log file ####################
done
calculating basic statistics ... done
processing extended elevation ... done
processing references ... done
selecting export objects ... done
processing projection plan ... done
average distortion: 0.00%
writing Main2Sewer.pdf ...
####################### metapost log file ########################
This is MetaPost, version 1.209 (kpathsea version 5.1.0) (mem=mpost 2010.01.31)  2 MAY 2016 21:19
**data.mp
(./data.mp [4001] [4002] [4003] [4004] [4005] [4006] [4007] [4008] [4009] [4010
] [4011] [4012]
[1] [2] [3] [4] [5] (./mptextmp.mp) [6] )
 
Here is how much of MetaPost's memory you used:
 1035 strings out of 1162
 14042 string characters out of 20720
 62679 words of memory out of 1500000
 1369 symbolic tokens out of 16384
 8i,75n,16p,199b,5f stack positions out of 300i,84n,5000p,200b,15f
 43 string compactions (moved 311597 characters, 25637 strings)
18 output files written: data.1 .. data.4012

#################### end of metapost log file ####################
converting scraps ... done
making map ... done
######################## pdftex log file #########################
This is pdfTeX, Version 3.1415926-1.40.10 (Web2C 2009) (format=pdftex 2010.1.2)  2 MAY 2016 21:19
entering extended mode
**data.tex
(./data.tex (./th_enc.tex) (./th_texts.tex) (./th_resources.tex
(c:/Program Files (x86)/Therion/texmf/tex/glyphtounicode.tex))
(./th_fontdef.tex{c:/Program Files (x86)/Therion/texmf/fonts/pdftex.map})
(./th_formdef.tex) (./th_pagedef.tex) (./th_pages.tex)
 54 numeric registers used out of 32768
 [1] ) 
Here is how much of TeX's memory you used:
 251 strings out of 95617
 2550 string characters out of 1171098
 17009 words of memory out of 1503987
 1664 multiletter control sequences out of 15000+50000
 20080 words of font info for 63 fonts, out of 1000000 for 2000
 849 hyphenation exceptions out of 1000
 9i,5n,8p,238b,58s stack positions out of 5000i,500n,10000p,200000b,50000s
<c:/Program Files (x86)/Therion/texmf/fonts/type1/cmss10.pfb><c:/Program 
Files (x86)/Therion/texmf/fonts/type1/cmssi10.pfb>
Output written on data.pdf (1 page, 18758 bytes).
PDF statistics:
 42 PDF objects out of 1000 (max. 8388607)
 0 named destinations out of 1000 (max. 500000)
 85 words of extra memory for PDF output out of 10000 (max. 10000000)


##################### end of pdftex log file #####################
done
writing xtherion file ... done
compilation time: 2 sec


###################### scrap distortions #######################
 PROJECTION: plan
 AVERAGE  MAXIMAL  SCRAP
   0.00%    0.00%  Main2SewerSP1@Main2Sewer
################### end of scrap distortions ###################
