therion 5.3.16 (beta Vladimir)
initialization file: C:\Program Files (x86)\Therion/therion.ini
reading ... done
configuration file: thconfig
reading ... done
reading source files ... done
preprocessing database ... done
scanning centreline tree ... done
searching for centerline loops ... done
calculating station coordinates ... done
processing survey data ... 
####################### cavern log file ########################
 1> Survex 1.2.30
 2> Copyright ¸ 1990-2016 Olly Betts
 3> Survey has no control points. Therefore I've fixed 1 at (0,0,0)
 4> 
 5> Survey contains 670 survey stations, joined by 669 shots.
 6> There are 0 loops.
 7> Total length of survey shots = 3302.34m (3302.34m adjusted)
 8> Total plan length of survey shots = 3082.87m
 9> Total vertical length of survey shots =  565.31m
10> Vertical range = 16.32m (from 165 at 6.73m to 565 at -9.58m)
11> North-South range = 164.02m (from 607 at 11.78m to 626 at -152.24m)
12> East-West range = 198.12m (from 2 at 0.00m to 581 at -198.12m)
13>  598 1-nodes.
14>   10 2-nodes.
15>    1 4-node.
16>    1 5-node.
17>   10 6-nodes.
18>    6 7-nodes.
19>    4 8-nodes.
20>    7 9-nodes.
21>    4 10-nodes.
22>    4 11-nodes.
23>    2 12-nodes.
24>    3 13-nodes.
25>    1 14-node.
26>    7 15-nodes.
27>    2 16-nodes.
28>    1 17-node.
29>    3 18-nodes.
30>    2 20-nodes.
31>    1 21-node.
32>    1 24-node.
33>    1 28-node.
34>    1 32-node.
35> 
######################### transcription ########################
 3> 1 : 1.4@dafung-down-west
 5> 670 : -@dafung-down-west -- 669 : -@dafung-down-west
10> 165 : -@dafung-down-west -- 565 : -@dafung-down-west
11> 607 : -@dafung-down-west -- 626 : 19.5@dafung-down-west
12> 2 : 8.0@dafung-down-west -- 581 : -@dafung-down-west
13> 598 : -@dafung-down-west
14> 10 : -@dafung-down-west
15> 1 : 1.4@dafung-down-west
16> 1 : 1.4@dafung-down-west
17> 10 : -@dafung-down-west
18> 6 : -@dafung-down-west
19> 4 : -@dafung-down-west
20> 7 : -@dafung-down-west
21> 4 : -@dafung-down-west
22> 4 : -@dafung-down-west
23> 2 : 8.0@dafung-down-west
24> 3 : 8.1@dafung-down-west
25> 1 : 1.4@dafung-down-west
26> 7 : -@dafung-down-west
27> 2 : 8.0@dafung-down-west
28> 1 : 1.4@dafung-down-west
29> 3 : 8.1@dafung-down-west
30> 2 : 8.0@dafung-down-west
31> 1 : 1.4@dafung-down-west
32> 1 : 1.4@dafung-down-west
33> 1 : 1.4@dafung-down-west
34> 1 : 1.4@dafung-down-west
#################### end of cavern log file ####################
done
calculating basic statistics ... done
processing extended elevation ... done
processing references ... done
selecting export objects ... done
processing projection plan ... done
average distortion: 0.04%
writing _output\dafung-down-west.pdf ...
####################### metapost log file ########################
This is MetaPost, version 1.209 (kpathsea version 5.1.0) (mem=mpost 2010.01.31)  10 MAR 2017 21:51
**data.mp
(./data.mp [4001] [4002] [4003] [4004] [4005] [4006] [4007] [4008] [4009] [4010
] [4011] [4012]
[1] [2] [3] [4] [5] [6] [7] [8] [9] [10] [11] [12] [13] [14] [15] [16] [17]
[18] [19] [20] [21] [22] [23] [24] (./mptextmp.mp) [25] )
 
Here is how much of MetaPost's memory you used:
 1237 strings out of 1638
 13819 string characters out of 26823
 1373111 words of memory out of 1500000
 1379 symbolic tokens out of 16384
 11i,75n,16p,437b,5f stack positions out of 300i,84n,5000p,487b,15f
 529 string compactions (moved 7010628 characters, 596271 strings)
37 output files written: data.1 .. data.4012

#################### end of metapost log file ####################
converting scraps ... done
making map ... done
######################## pdftex log file #########################
This is pdfTeX, Version 3.1415926-1.40.10 (Web2C 2009) (format=pdftex 2010.1.2)  10 MAR 2017 21:51
entering extended mode
**data.tex
(./data.tex (./th_enc.tex) (./th_texts.tex) (./th_resources.tex
(c:/Program Files (x86)/Therion/texmf/tex/glyphtounicode.tex))
(./th_fontdef.tex{c:/Program Files (x86)/Therion/texmf/fonts/pdftex.map})
(./th_formdef.tex) (./th_pagedef.tex) (./th_pages.tex)
 93 numeric registers used out of 32768
 [1] ) 
Here is how much of TeX's memory you used:
 290 strings out of 95617
 2967 string characters out of 1171098
 1086127 words of memory out of 2423105
 1703 multiletter control sequences out of 15000+50000
 20080 words of font info for 63 fonts, out of 1000000 for 2000
 849 hyphenation exceptions out of 1000
 9i,5n,8p,238b,58s stack positions out of 5000i,500n,10000p,200000b,50000s
<c:/Program Files (x86)/Therion/texmf/fonts/type1/cmss10.pfb><c:/Program 
Files (x86)/Therion/texmf/fonts/type1/cmssi10.pfb>
Output written on data.pdf (1 page, 394706 bytes).
PDF statistics:
 125 PDF objects out of 1000 (max. 8388607)
 0 named destinations out of 1000 (max. 500000)
 335 words of extra memory for PDF output out of 10000 (max. 10000000)


##################### end of pdftex log file #####################
done
writing _output\dafung-down-westth.3d ... done
writing _output\dafung-down-west.lox ......... done
writing xtherion file ... done
compilation time: 14 sec


###################### scrap distortions #######################
 PROJECTION: plan
 AVERAGE  MAXIMAL  SCRAP
   0.05%    4.51%  dafung-down-westSP1@dafung-down-west
   0.20%    0.56%  seriousdrinking@dafung-down-west
   0.02%    0.55%  west-south@dafung-down-west
   0.05%    0.48%  dafung-down-westSP2@dafung-down-west
   0.09%    0.24%  seriousdrinking2@dafung-down-west
   0.02%    0.24%  dafung-down-westSP3@dafung-down-west
################### end of scrap distortions ###################
