therion 5.4.1 (2017-04-18)
initialization file: C:\Program Files (x86)\Therion/therion.ini
reading ... done
configuration file: thconfig
reading ... done
reading source files ... done
preprocessing database ... done
scanning centreline tree ... done
searching for centerline loops ... done
calculating station coordinates ... done
average loop error: 0.28%
processing survey data ... 
####################### cavern log file ########################
 1> Survex 1.2.34
 2> Copyright ¸ 1990-2017 Olly Betts
 3> Survey has no control points. Therefore I've fixed 1 at (0,0,0)
 4> 
 5> Survey contains 444 survey stations, joined by 447 shots.
 6> There are 4 loops.
 7> Total length of survey shots = 6813.03m (6813.03m adjusted)
 8> Total plan length of survey shots = 6733.29m
 9> Total vertical length of survey shots =  572.86m
10> Vertical range = 57.17m (from 444 at 45.70m to 252 at -11.47m)
11> North-South range = 2483.92m (from 443 at 1322.83m to 121 at -1161.09m)
12> East-West range = 2210.50m (from 444 at 1957.71m to 121 at -252.79m)
13>   15 1-nodes.
14>  410 2-nodes.
15>   17 3-nodes.
16>    2 4-nodes.
17> 
######################### transcription ########################
 3> 1 : 1.0@mountaineye1
 5> 444 : 3.115@mountaineye1
 6> 4 : 101.1@mountaineye1
10> 444 : 3.115@mountaineye1 -- 252 : 203.14@mountaineye1
11> 443 : 3.114@mountaineye1 -- 121 : 1.118@mountaineye1
12> 444 : 3.115@mountaineye1 -- 121 : 1.118@mountaineye1
13> 15 : 1.12@mountaineye1
14> 410 : 301.3@mountaineye1
15> 17 : 1.14@mountaineye1
16> 2 : 1.1@mountaineye1
#################### end of cavern log file ####################
done
calculating basic statistics ... done
processing extended elevation ... done
processing references ... done
selecting export objects ... done
processing projection plan ... done
average distortion: 0.04%
writing mountaineye_th1.pdf ...
####################### metapost log file ########################
This is MetaPost, version 1.209 (kpathsea version 5.1.0) (mem=mpost 2010.01.31)  15 AUG 2018 10:49
**data.mp
(./data.mp [4001] [4002] [4003] [4004] [4005] [4006] [4007] [4008] [4009] [4010
] [4011] [4012] [4013]
[4014] [1]
[Warning: scrap outline intersects itself in scrap scrap1@mountaineye1] [2]
[3] [4] [5] (./mptextmp.mp) (./mptextmp.mp) (./mptextmp.mp) (./mptextmp.mp)
(./mptextmp.mp) (./mptextmp.mp) (./mptextmp.mp) [6] [7] [8] [9] [10] [11] [12]
[13] [14] [15] )
 
Here is how much of MetaPost's memory you used:
 1406 strings out of 1638
 17525 string characters out of 26823
 765281 words of memory out of 1500000
 1547 symbolic tokens out of 16384
 11i,75n,16p,600b,5f stack positions out of 300i,84n,5000p,608b,15f
 68 string compactions (moved 933944 characters, 76530 strings)
29 output files written: data.1 .. data.4014

#################### end of metapost log file ####################
converting scraps ... done
making map ... done
######################## pdftex log file #########################
This is pdfTeX, Version 3.1415926-1.40.10 (Web2C 2009) (format=pdftex 2010.1.2)  15 AUG 2018 10:49
entering extended mode
**data.tex
(./data.tex (./th_enc.tex) (./th_texts.tex) (./th_resources.tex
(c:/Program Files (x86)/Therion/texmf/tex/glyphtounicode.tex))
(./th_fontdef.tex{c:/Program Files (x86)/Therion/texmf/fonts/pdftex.map})
(./th_formdef.tex) (./th_pagedef.tex) (./th_pages.tex)
 63 numeric registers used out of 32768
 [1] ) 
Here is how much of TeX's memory you used:
 260 strings out of 95617
 2622 string characters out of 1171098
 1786380 words of memory out of 3093358
 1673 multiletter control sequences out of 15000+50000
 20080 words of font info for 63 fonts, out of 1000000 for 2000
 849 hyphenation exceptions out of 1000
 10i,6n,12p,238b,125s stack positions out of 5000i,500n,10000p,200000b,50000s
<c:/Program Files (x86)/Therion/texmf/fonts/type1/cmss10.pfb><c:/Program 
Files (x86)/Therion/texmf/fonts/type1/cmssi10.pfb>
Output written on data.pdf (1 page, 468336 bytes).
PDF statistics:
 60 PDF objects out of 1000 (max. 8388607)
 0 named destinations out of 1000 (max. 500000)
 139 words of extra memory for PDF output out of 10000 (max. 10000000)


##################### end of pdftex log file #####################
done
writing xtherion file ... done
compilation time: 5 sec


######################### loop errors ##########################
REL-ERR ABS-ERR TOTAL-L STS X-ERROR Y-ERROR Z-ERROR STATIONS
  0.51%    0.6m  109.3m   3    0.2m    0.5m   -0.1m [201.1@mountaineye1 - 201.2 - 202.1 - 201.1]
  0.40%    0.5m  116.0m  16   -0.0m   -0.1m    0.4m [1.19@mountaineye1 - 106.0 - 106.1 - 106.2 - 106.3 - 106.4 - 106.5 - 1.28 - 1.27 - 1.26 - 1.25 - 1.24 - 1.23 - 1.22 - 1.21 - 1.20 - 1.19]
  0.26%    0.5m  206.1m  10    0.1m   -0.5m    0.2m [2.88@mountaineye1 - 201.1 - 201.2 - 201.3 - 2.94 - 2.93 - 2.92 - 2.91 - 2.90 - 2.89 - 2.88]
  0.26%    0.0m    8.2m   2   -0.0m   -0.0m   -0.0m [103.1@mountaineye1 - 103.0 - 103.1]
  0.12%    0.3m  243.6m  13    0.3m   -0.1m   -0.1m [2.94@mountaineye1 - 204.1 - 204.2 - 204.0 - 204.3 - 204.4 - 204.5 - 204.6 - 204.7 - 204.8 - 2.91 - 2.92 - 2.93 - 2.94]
##################### end of loop errors #######################


###################### scrap distortions #######################
 PROJECTION: plan
 AVERAGE  MAXIMAL  SCRAP
   0.04%   19.45%  scrap1@mountaineye1
################### end of scrap distortions ###################
