therion 5.3.16 (beta Vladimir)
initialization file: C:\Program Files (x86)\Therion/therion.ini
reading ... done
configuration file: thconfig
reading ... done
reading source files ... done
preprocessing database ... done
output coordinate system: UTM51
meridian convergence (deg): 0.2975
geomag declinations (deg):
  2015.1.1  -2.6551
  2016.1.1  -2.7445
scanning centreline tree ... done
searching for centerline loops ... done
calculating station coordinates ... done
calculating basic statistics ... done
processing extended elevation ... done
processing references ... done
selecting export objects ... done
processing projection plan ... done
average distortion: 0.00%
writing .\output\area_51.pdf ...
processing projection none ... done
####################### metapost log file ########################
This is MetaPost, version 1.209 (kpathsea version 5.1.0) (mem=mpost 2010.01.31)  9 FEB 2017 10:13
**data.mp
(./data.mp [4001] [4002] [4003] [4004] [4005] [4006] [4007] [4008] [4009] [4010
] [4011] [4012]
[1]
[Warning: scrap outline intersects itself in scrap s1-lower@s1] [2] [3] [4]
[5] [6] [7] [8] [9] [10] [11] [12] [13] [14] [15] [16] [17] (./mptextmp.mp)
[18] [19] [20] [21] [22] [23] [24] [25] [26] [27] [28] [29] [30] [31] [32]
[33] [34] [35] [36] )
 
Here is how much of MetaPost's memory you used:
 1391 strings out of 1638
 17265 string characters out of 26823
 126794 words of memory out of 1500000
 1519 symbolic tokens out of 16384
 11i,75n,16p,334b,5f stack positions out of 300i,84n,5000p,390b,15f
 70 string compactions (moved 959450 characters, 79273 strings)
48 output files written: data.1 .. data.4012

#################### end of metapost log file ####################
converting scraps ... done
making map ... done
######################## pdftex log file #########################
This is pdfTeX, Version 3.1415926-1.40.10 (Web2C 2009) (format=pdftex 2010.1.2)  9 FEB 2017 10:13
entering extended mode
**data.tex
(./data.tex (./th_enc.tex) (./th_texts.tex) (./th_resources.tex
(c:/Program Files (x86)/Therion/texmf/tex/glyphtounicode.tex))
(./th_fontdef.tex{c:/Program Files (x86)/Therion/texmf/fonts/pdftex.map})
(./th_formdef.tex) (./th_pagedef.tex (./th_legend.tex)) (./th_pages.tex)
 88 numeric registers used out of 32768

[1] ) 
Here is how much of TeX's memory you used:
 288 strings out of 95617
 2893 string characters out of 1171098
 237268 words of memory out of 1710246
 1698 multiletter control sequences out of 15000+50000
 21229 words of font info for 66 fonts, out of 1000000 for 2000
 849 hyphenation exceptions out of 1000
 13i,5n,8p,1134b,74s stack positions out of 5000i,500n,10000p,200000b,50000s
<c:/Program Files (x86)/Therion/texmf/fonts/type1/cmmi10.pfb><c:/Program F
iles (x86)/Therion/texmf/fonts/type1/cmr10.pfb><c:/Program Files (x86)/Therion/
texmf/fonts/type1/cmss10.pfb><c:/Program Files (x86)/Therion/texmf/fonts/type1/
cmssi10.pfb>
Output written on data.pdf (1 page, 156330 bytes).
PDF statistics:
 126 PDF objects out of 1000 (max. 8388607)
 0 named destinations out of 1000 (max. 500000)
 307 words of extra memory for PDF output out of 10000 (max. 10000000)


##################### end of pdftex log file #####################
done
writing .\output\area_51.3d ... done
writing .\output\S1.kml ... done
writing xtherion file ... done
compilation time: 3 sec


###################### scrap distortions #######################
 PROJECTION: plan
 AVERAGE  MAXIMAL  SCRAP
   0.01%    0.17%  s1-lower@s1
   0.00%    0.05%  s1-entrance_chamber@s1
   0.00%    0.05%  s1-main@s1
   0.01%    0.03%  s1-upper@s1
   0.01%    0.02%  s1-entrance@s1
################### end of scrap distortions ###################
