therion 5.3.16
initialization file: C:\Program Files (x86)\Therion/therion.ini
reading ... done
configuration file: thconfig
reading ... done
reading source files ... done
preprocessing database ... done
output coordinate system: UTM51
meridian convergence (deg): 0.3571
scanning centreline tree ... done
searching for centerline loops ... done
calculating station coordinates ... done
processing survey data ... 
####################### cavern log file ########################
 1> Survex 1.2.12
 2> Copyright ¸ 1990-2014 Olly Betts
 3> 
 4> Survey contains 6 survey stations, joined by 5 shots.
 5> There are 0 loops.
 6> Total length of survey shots =   11.02m (  11.02m adjusted)
 7> Total plan length of survey shots =    8.18m
 8> Total vertical length of survey shots =    6.49m
 9> Vertical range = 5.17m (from 3 at 168.00m to 5 at 162.83m)
10> North-South range = 4.85m (from 6 at 1965595.39m to 2 at 1965590.54m)
11> East-West range = 3.55m (from 3 at 376018.11m to 5 at 376014.56m)
12>    3 1-nodes.
13>    2 2-nodes.
14>    1 3-node.
15> 
######################### transcription ########################
 4> 6 : 1.3@Surface_Daquioag -- 5 : -@Surface_Daquioag
 9> 3 : 1.1@Surface_Daquioag -- 5 : -@Surface_Daquioag
10> 6 : 1.3@Surface_Daquioag -- 2 : -@Surface_Daquioag
11> 3 : 1.1@Surface_Daquioag -- 5 : -@Surface_Daquioag
12> 3 : 1.1@Surface_Daquioag
13> 2 : -@Surface_Daquioag
14> 1 : 1.0@Surface_Daquioag
#################### end of cavern log file ####################
done
calculating basic statistics ... done
processing extended elevation ... done
processing references ... done
selecting export objects ... done
processing projection plan ... done
average distortion: 2.96%
writing Surface_Daquioag.pdf ...
####################### metapost log file ########################
This is MetaPost, version 1.209 (kpathsea version 5.1.0) (mem=mpost 2010.01.31)  28 APR 2016 10:00
**data.mp
(./data.mp [4001] [4002] [4003] [4004] [4005] [4006] [4007] [4008] [4009] [4010
] [4011] [4012]
[1] [2] [3] [4] (./mptextmp.mp) [5] )
 
Here is how much of MetaPost's memory you used:
 1021 strings out of 1162
 13974 string characters out of 20720
 62305 words of memory out of 1500000
 1367 symbolic tokens out of 16384
 8i,75n,11p,199b,4f stack positions out of 300i,84n,5000p,200b,15f
 38 string compactions (moved 256693 characters, 21167 strings)
17 output files written: data.1 .. data.4012

#################### end of metapost log file ####################
converting scraps ... done
making map ... done
######################## pdftex log file #########################
This is pdfTeX, Version 3.1415926-1.40.10 (Web2C 2009) (format=pdftex 2010.1.2)  28 APR 2016 10:00
entering extended mode
**data.tex
(./data.tex (./th_enc.tex) (./th_texts.tex) (./th_resources.tex
(c:/Program Files (x86)/Therion/texmf/tex/glyphtounicode.tex))
(./th_fontdef.tex{c:/Program Files (x86)/Therion/texmf/fonts/pdftex.map})
(./th_formdef.tex) (./th_pagedef.tex) (./th_pages.tex)
 53 numeric registers used out of 32768
 [1] ) 
Here is how much of TeX's memory you used:
 250 strings out of 95617
 2539 string characters out of 1171098
 16219 words of memory out of 1503197
 1663 multiletter control sequences out of 15000+50000
 20080 words of font info for 63 fonts, out of 1000000 for 2000
 849 hyphenation exceptions out of 1000
 9i,5n,8p,238b,58s stack positions out of 5000i,500n,10000p,200000b,50000s
<c:/Program Files (x86)/Therion/texmf/fonts/type1/cmss10.pfb><c:/Program 
Files (x86)/Therion/texmf/fonts/type1/cmssi10.pfb>
Output written on data.pdf (1 page, 20060 bytes).
PDF statistics:
 40 PDF objects out of 1000 (max. 8388607)
 0 named destinations out of 1000 (max. 500000)
 79 words of extra memory for PDF output out of 10000 (max. 10000000)


##################### end of pdftex log file #####################
done
writing Surface_Daquioag.3d ... done
writing xtherion file ... done
compilation time: 2 sec


###################### scrap distortions #######################
 PROJECTION: plan
 AVERAGE  MAXIMAL  SCRAP
   2.96%    7.27%  Surface_DaquioagSP1@Surface_Daquioag
################### end of scrap distortions ###################
