therion 5.3.16
initialization file: C:\Program Files (x86)\Therion/therion.ini
reading ... done
configuration file: thconfig
reading ... done
reading source files ... done
preprocessing database ... done
output coordinate system: UTM51
meridian convergence (deg): 0.3569
geomag declinations (deg):
  2016.1.1  -2.6816
  2017.1.1  -2.7708
scanning centreline tree ... done
searching for centerline loops ... done
calculating station coordinates ... done
processing survey data ... 
####################### cavern log file ########################
 1> Survex 1.2.12
 2> Copyright ¸ 1990-2014 Olly Betts
 3> C:\Users\HENRY_~1\AppData\Local\Temp\th17768\data.svx:5: warning: Unused fixed point "1"
 4> C:\Users\HENRY_~1\AppData\Local\Temp\th17768\data.svx:6: warning: Unused fixed point "2"
 5> C:\Users\HENRY_~1\AppData\Local\Temp\th17768\data.svx:7: warning: Unused fixed point "3"
 6> C:\Users\HENRY_~1\AppData\Local\Temp\th17768\data.svx:8: warning: Unused fixed point "4"
 7> C:\Users\HENRY_~1\AppData\Local\Temp\th17768\data.svx:9: warning: Unused fixed point "5"
 8> C:\Users\HENRY_~1\AppData\Local\Temp\th17768\data.svx:10: warning: Unused fixed point "6"
 9> C:\Users\HENRY_~1\AppData\Local\Temp\th17768\data.svx:11: warning: Unused fixed point "7"
10> C:\Users\HENRY_~1\AppData\Local\Temp\th17768\data.svx:12: warning: Unused fixed point "8"
11> C:\Users\HENRY_~1\AppData\Local\Temp\th17768\data.svx:13: warning: Unused fixed point "9"
12> C:\Users\HENRY_~1\AppData\Local\Temp\th17768\data.svx:14: warning: Unused fixed point "10"
13> 
14> Survey contains 10 survey stations, joined by 0 shots.
15> There are 0 loops.
16> Survey has 10 connected components.
17> Total length of survey shots =    0.00m (   0.00m adjusted)
18> Total plan length of survey shots =    0.00m
19> Total vertical length of survey shots =    0.00m
20>   10 0-nodes.
21> There were 10 warning(s).
22> 
######################### transcription ########################
 3> 1 : 201@Surface_Odessa_1.Surface
 3> input:5 -- Surface_Odessa_1/Surface_Odessa_1.th [15]
 3> 1 : 201@Surface_Odessa_1.Surface
 4> 1 : 201@Surface_Odessa_1.Surface
 4> input:6 -- Surface_Odessa_1/Surface_Odessa_1.th [16]
 4> 2 : 202@Surface_Odessa_1.Surface
 5> 1 : 201@Surface_Odessa_1.Surface
 5> input:7 -- Surface_Odessa_2/Surface_Odessa_2.th [15]
 5> 3 : 301@Surface_Odessa_2.Surface
 6> 1 : 201@Surface_Odessa_1.Surface
 6> input:8 -- Surface_Odessa_2/Surface_Odessa_2.th [16]
 6> 4 : 302@Surface_Odessa_2.Surface
 7> 1 : 201@Surface_Odessa_1.Surface
 7> input:9 -- Surface_Odessa_3/Surface_Odessa_3.th [15]
 7> 5 : 401@Surface_Odessa_3.Surface
 8> 1 : 201@Surface_Odessa_1.Surface
 8> input:10 -- Surface_Odessa_3/Surface_Odessa_3.th [16]
 8> 6 : 402@Surface_Odessa_3.Surface
 9> 1 : 201@Surface_Odessa_1.Surface
 9> input:11 -- Surface_Daquioag/Surface_Daquioag.th [16]
 9> 7 : 101@Surface_Daquioag.Surface
10> 1 : 201@Surface_Odessa_1.Surface
10> input:12 -- Surface_Daquioag/Surface_Daquioag.th [17]
10> 8 : 102@Surface_Daquioag.Surface
11> 1 : 201@Surface_Odessa_1.Surface
11> input:13 -- Surface_Daquioag/Surface_Daquioag.th [18]
11> 9 : 103@Surface_Daquioag.Surface
12> 1 : 201@Surface_Odessa_1.Surface
12> input:14 -- Surface_Daquioag/Surface_Daquioag.th [19]
12> 10 : 104@Surface_Daquioag.Surface
14> 10 : 104@Surface_Daquioag.Surface
16> 10 : 104@Surface_Daquioag.Surface
20> 10 : 104@Surface_Daquioag.Surface
21> 10 : 104@Surface_Daquioag.Surface
#################### end of cavern log file ####################
done
calculating basic statistics ... done
processing extended elevation ... done
processing references ... done
selecting export objects ... done
processing projection plan ... done
average distortion: 2.06%
writing Surface.pdf ...
####################### metapost log file ########################
This is MetaPost, version 1.209 (kpathsea version 5.1.0) (mem=mpost 2010.01.31)  9 MAY 2016 20:38
**data.mp
(./data.mp [4001] [4002] [4003] [4004] [4005] [4006] [4007] [4008] [4009] [4010
] [4011] [4012]
[1] [2] [3] [4] [5] [6] [7] [8] [9] [10] [11] [12] [13] [14] [15] [16] [17]
[18] [19] (./mptextmp.mp) [20] )
 
Here is how much of MetaPost's memory you used:
 1054 strings out of 1162
 14019 string characters out of 20720
 63264 words of memory out of 1500000
 1367 symbolic tokens out of 16384
 8i,75n,11p,199b,4f stack positions out of 300i,84n,5000p,200b,15f
 254 string compactions (moved 3055493 characters, 240326 strings)
32 output files written: data.1 .. data.4012

#################### end of metapost log file ####################
converting scraps ... done
making map ... done
######################## pdftex log file #########################
This is pdfTeX, Version 3.1415926-1.40.10 (Web2C 2009) (format=pdftex 2010.1.2)  9 MAY 2016 20:38
entering extended mode
**data.tex
(./data.tex (./th_enc.tex) (./th_texts.tex) (./th_resources.tex
(c:/Program Files (x86)/Therion/texmf/tex/glyphtounicode.tex))
(./th_fontdef.tex{c:/Program Files (x86)/Therion/texmf/fonts/pdftex.map})
(./th_formdef.tex) (./th_pagedef.tex (./th_legendcolor.tex)) (./th_pages.tex)
 79 numeric registers used out of 32768

[1] ) 
Here is how much of TeX's memory you used:
 277 strings out of 95617
 2829 string characters out of 1171098
 37692 words of memory out of 1522670
 1689 multiletter control sequences out of 15000+50000
 19950 words of font info for 63 fonts, out of 1000000 for 2000
 849 hyphenation exceptions out of 1000
 12i,5n,8p,283b,78s stack positions out of 5000i,500n,10000p,200000b,50000s
<c:/Program Files (x86)/Therion/texmf/fonts/type1/cmss10.pfb>
Output written on data.pdf (1 page, 110645 bytes).
PDF statistics:
 111 PDF objects out of 1000 (max. 8388607)
 0 named destinations out of 1000 (max. 500000)
 311 words of extra memory for PDF output out of 10000 (max. 10000000)


##################### end of pdftex log file #####################
done
writing Surface-map.kml ... done
writing Surface-model.kml ... done
writing xtherion file ... done
compilation time: 5 sec


###################### scrap distortions #######################
 PROJECTION: plan
 AVERAGE  MAXIMAL  SCRAP
   1.53%   95.11%  Surface_Odessa_3_SP1@Surface_Odessa_3.Surface
   3.79%   65.85%  Surface_DaquioagSP1@Surface_Daquioag.Surface
   1.64%   57.20%  Surface_Odessa_2_SP1@Surface_Odessa_2.Surface
   0.38%   15.27%  Surface_Odessa_1_SP1@Surface_Odessa_1.Surface
################### end of scrap distortions ###################
