therion 5.3.16
initialization file: C:\Program Files\Therion/therion.ini
reading ... done
configuration file: thconfig
reading ... done
reading source files ... done
preprocessing database ... done
C:\Program Files\Therion\therion.exe: warning -- unable to determine magnetic declination for undated surveys
output coordinate system: UTM51
meridian convergence (deg): 0.3571
geomag declinations (deg):
  2005.1.1  -1.9589
  2006.1.1  -2.0050
  2007.1.1  -2.0510
  2008.1.1  -2.0972
  2009.1.1  -2.1433
  2010.1.1  -2.1895
  2011.1.1  -2.2697
  2012.1.1  -2.3500
  2013.1.1  -2.4302
  2014.1.1  -2.5105
  2015.1.1  -2.5907
  2016.1.1  -2.6800
  2017.1.1  -2.7693
scanning centreline tree ... done
searching for centerline loops ... done
calculating station coordinates ... done
processing survey data ... 
####################### cavern log file ########################
 1> Survex 1.2.17
 2> Copyright ¸ 1990-2015 Olly Betts
 3> 
 4> Survey contains 2997 survey stations, joined by 2996 legs.
 5> There are 0 loops.
 6> Total length of survey legs = 14380.46m (14380.46m adjusted)
 7> Total plan length of survey legs = 13365.87m
 8> Total vertical length of survey legs = 2691.87m
 9> Vertical range = 34.10m (from 2167 at 176.80m to 1968 at 142.69m)
10> North-South range = 546.84m (from 2983 at 1966042.21m to 1273 at 1965495.37m)
11> East-West range = 428.00m (from 2958 at 376346.00m to 791 at 375918.00m)
12> 2829 1-nodes.
13>    8 2-nodes.
14>    3 3-nodes.
15>    1 4-node.
16>    3 5-nodes.
17>    3 6-nodes.
18>    3 7-nodes.
19>    3 8-nodes.
20>    3 9-nodes.
21>    3 10-nodes.
22>    3 11-nodes.
23>    6 12-nodes.
24>    4 13-nodes.
25>   10 14-nodes.
26>    9 15-nodes.
27>    7 16-nodes.
28>    8 17-nodes.
29>    9 18-nodes.
30>    5 19-nodes.
31>   13 20-nodes.
32>    4 21-nodes.
33>   10 22-nodes.
34>    4 23-nodes.
35>    4 24-nodes.
36>    6 25-nodes.
37>    3 26-nodes.
38>    5 27-nodes.
39>    5 28-nodes.
40>    5 29-nodes.
41>    2 30-nodes.
42>    2 31-nodes.
43>    1 32-node.
44>    4 33-nodes.
45>    2 35-nodes.
46>    1 37-node.
47>    1 39-node.
48>    1 42-node.
49>    2 45-nodes.
50>    1 47-node.
51>    1 51-node.
52> 
######################### transcription ########################
 4> 2997 : 22.22@Daquioag -- 2996 : -@Daquioag
 9> 2167 : -@Daquioag -- 1968 : -@Daquioag
10> 2983 : -@Daquioag -- 1273 : -@Daquioag
11> 2958 : -@Daquioag -- 791 : -@Daquioag
12> 2829 : -@Daquioag
13> 8 : -@Daquioag
14> 3 : 1.1@Daquioag
15> 1 : 1.0@Daquioag
16> 3 : 1.1@Daquioag
17> 3 : 1.1@Daquioag
18> 3 : 1.1@Daquioag
19> 3 : 1.1@Daquioag
20> 3 : 1.1@Daquioag
21> 3 : 1.1@Daquioag
22> 3 : 1.1@Daquioag
23> 6 : 1.3@Daquioag
24> 4 : 1.2@Daquioag
25> 10 : -@Daquioag
26> 9 : -@Daquioag
27> 7 : -@Daquioag
28> 8 : -@Daquioag
29> 9 : -@Daquioag
30> 5 : -@Daquioag
31> 13 : 1.4@Daquioag
32> 4 : 1.2@Daquioag
33> 10 : -@Daquioag
34> 4 : 1.2@Daquioag
35> 4 : 1.2@Daquioag
36> 6 : 1.3@Daquioag
37> 3 : 1.1@Daquioag
38> 5 : -@Daquioag
39> 5 : -@Daquioag
40> 5 : -@Daquioag
41> 2 : -@Daquioag
42> 2 : -@Daquioag
43> 1 : 1.0@Daquioag
44> 4 : 1.2@Daquioag
45> 2 : -@Daquioag
46> 1 : 1.0@Daquioag
47> 1 : 1.0@Daquioag
48> 1 : 1.0@Daquioag
49> 2 : -@Daquioag
50> 1 : 1.0@Daquioag
51> 1 : 1.0@Daquioag
#################### end of cavern log file ####################
done
calculating basic statistics ... done
processing extended elevation ... done
processing references ... done
selecting export objects ... done
writing Daquioag.3d ... done
writing xtherion file ... done
compilation time: 1 sec
