therion 5.3.16
initialization file: C:\Program Files (x86)\Therion/therion.ini
reading ... done
configuration file: thconfig
reading ... done
reading source files ... done
preprocessing database ... done
scanning centreline tree ... done
searching for centerline loops ... done
calculating station coordinates ... done
processing survey data ... 
####################### cavern log file ########################
 1> Survex 1.2.12
 2> Copyright ¸ 1990-2014 Olly Betts
 3> Survey has no fixed points. Therefore I've fixed 1 at (0,0,0)
 4> 
 5> Survey contains 1270 survey stations, joined by 1269 shots.
 6> There is 1 loop.
 7> Survey has 2 connected components.
 8> Total length of survey shots = 10565.00m (10565.00m adjusted)
 9> Total plan length of survey shots = 10131.75m
10> Total vertical length of survey shots = 1336.59m
11> Vertical range = 22.46m (from 2 at 0.00m to 912 at -22.46m)
12> North-South range = 871.40m (from 1260 at 868.43m to 5 at -2.98m)
13> East-West range = 255.88m (from 1124 at 192.57m to 160 at -63.31m)
14> 1193 1-nodes.
15>    1 6-node.
16>    3 7-nodes.
17>    3 8-nodes.
18>    5 9-nodes.
19>    4 10-nodes.
20>    3 11-nodes.
21>    6 12-nodes.
22>    5 13-nodes.
23>    6 14-nodes.
24>    7 15-nodes.
25>    1 16-node.
26>    2 17-nodes.
27>    3 18-nodes.
28>    1 19-node.
29>    1 20-node.
30>    1 21-node.
31>    2 22-nodes.
32>    5 23-nodes.
33>    3 24-nodes.
34>    4 25-nodes.
35>    3 26-nodes.
36>    3 27-nodes.
37>    1 30-node.
38>    1 33-node.
39>    1 37-node.
40>    1 46-node.
41>    1 50-node.
42> 
######################### transcription ########################
 3> 1 : 4.13@odessa-downstream-9-5
 5> 1270 : -@odessa-downstream-9-5 -- 1269 : -@odessa-downstream-9-5
 6> 1 : 4.13@odessa-downstream-9-5
 7> 2 : -@odessa-downstream-9-5
11> 2 : -@odessa-downstream-9-5 -- 912 : -@odessa-downstream-9-5
12> 1260 : -@odessa-downstream-9-5 -- 5 : -@odessa-downstream-9-5
13> 1124 : -@odessa-downstream-9-5 -- 160 : -@odessa-downstream-9-5
14> 1193 : -@odessa-downstream-9-5
15> 1 : 4.13@odessa-downstream-9-5
16> 3 : -@odessa-downstream-9-5
17> 3 : -@odessa-downstream-9-5
18> 5 : -@odessa-downstream-9-5
19> 4 : -@odessa-downstream-9-5
20> 3 : -@odessa-downstream-9-5
21> 6 : -@odessa-downstream-9-5
22> 5 : -@odessa-downstream-9-5
23> 6 : -@odessa-downstream-9-5
24> 7 : -@odessa-downstream-9-5
25> 1 : 4.13@odessa-downstream-9-5
26> 2 : -@odessa-downstream-9-5
27> 3 : -@odessa-downstream-9-5
28> 1 : 4.13@odessa-downstream-9-5
29> 1 : 4.13@odessa-downstream-9-5
30> 1 : 4.13@odessa-downstream-9-5
31> 2 : -@odessa-downstream-9-5
32> 5 : -@odessa-downstream-9-5
33> 3 : -@odessa-downstream-9-5
34> 4 : -@odessa-downstream-9-5
35> 3 : -@odessa-downstream-9-5
36> 3 : -@odessa-downstream-9-5
37> 1 : 4.13@odessa-downstream-9-5
38> 1 : 4.13@odessa-downstream-9-5
39> 1 : 4.13@odessa-downstream-9-5
40> 1 : 4.13@odessa-downstream-9-5
41> 1 : 4.13@odessa-downstream-9-5
#################### end of cavern log file ####################
done
calculating basic statistics ... done
processing extended elevation ... done
processing references ... done
selecting export objects ... done
processing projection plan ... done
average distortion: 0.00%
writing odessa-downstream-9-5.pdf ...
####################### metapost log file ########################
This is MetaPost, version 1.209 (kpathsea version 5.1.0) (mem=mpost 2010.01.31)  3 MAY 2016 12:03
**data.mp
(./data.mp [4001] [4002] [4003] [4004] [4005] [4006] [4007] [4008] [4009] [4010
] [4011] [4012]
[1] [2] [3] [4] [5] (./mptextmp.mp) [6] )
 
Here is how much of MetaPost's memory you used:
 1349 strings out of 1638
 17101 string characters out of 26823
 403091 words of memory out of 1500000
 1511 symbolic tokens out of 16384
 11i,75n,16p,225b,5f stack positions out of 300i,84n,5000p,250b,15f
 100 string compactions (moved 1226622 characters, 100546 strings)
18 output files written: data.1 .. data.4012

#################### end of metapost log file ####################
converting scraps ... done
making map ... done
######################## pdftex log file #########################
This is pdfTeX, Version 3.1415926-1.40.10 (Web2C 2009) (format=pdftex 2010.1.2)  3 MAY 2016 12:03
entering extended mode
**data.tex
(./data.tex (./th_enc.tex) (./th_texts.tex) (./th_resources.tex
(c:/Program Files (x86)/Therion/texmf/tex/glyphtounicode.tex))
(./th_fontdef.tex{c:/Program Files (x86)/Therion/texmf/fonts/pdftex.map})
(./th_formdef.tex) (./th_pagedef.tex) (./th_pages.tex)
 55 numeric registers used out of 32768
 [1] ) 
Here is how much of TeX's memory you used:
 252 strings out of 95617
 2554 string characters out of 1171098
 984132 words of memory out of 2408110
 1665 multiletter control sequences out of 15000+50000
 20080 words of font info for 63 fonts, out of 1000000 for 2000
 849 hyphenation exceptions out of 1000
 9i,5n,8p,238b,58s stack positions out of 5000i,500n,10000p,200000b,50000s
<c:/Program Files (x86)/Therion/texmf/fonts/type1/cmss10.pfb><c:/Program 
Files (x86)/Therion/texmf/fonts/type1/cmssi10.pfb>
Output written on data.pdf (1 page, 362268 bytes).
PDF statistics:
 43 PDF objects out of 1000 (max. 8388607)
 0 named destinations out of 1000 (max. 500000)
 89 words of extra memory for PDF output out of 10000 (max. 10000000)


##################### end of pdftex log file #####################
done
writing odessa-downstream-9-5th.3d ... done
writing xtherion file ... done
compilation time: 6 sec


###################### scrap distortions #######################
 PROJECTION: plan
 AVERAGE  MAXIMAL  SCRAP
   0.00%    0.24%  odessa-downstream-9-5SP1@odessa-downstream-9-5
################### end of scrap distortions ###################
