therion 5.3.16
initialization file: C:\Program Files\Therion/therion.ini
reading ... done
configuration file: thconfig
reading ... done
reading source files ... done
preprocessing database ... done
scanning centreline tree ... done
searching for centerline loops ... done
calculating station coordinates ... done
processing survey data ... 
####################### cavern log file ########################
 1> Survex 1.2.17
 2> Copyright ¸ 1990-2015 Olly Betts
 3> Survey has no fixed points. Therefore I've fixed 1 at (0,0,0)
 4> 
 5> Survey contains 119 survey stations, joined by 118 legs.
 6> There are 0 loops.
 7> Total length of survey legs =  780.42m ( 780.42m adjusted)
 8> Total plan length of survey legs =  753.26m
 9> Total vertical length of survey legs =  100.95m
10> Vertical range = 5.67m (from 2 at 0.00m to 53 at -5.67m)
11> North-South range = 41.11m (from 21 at 3.81m to 114 at -37.29m)
12> East-West range = 33.34m (from 2 at 0.00m to 82 at -33.34m)
13>  112 1-nodes.
14>    1 2-node.
15>    1 8-node.
16>    1 16-node.
17>    1 19-node.
18>    1 23-node.
19>    1 25-node.
20>    1 31-node.
21> 
######################### transcription ########################
 3> 1 : 1.24@downside
 5> 119 : -@downside -- 118 : -@downside
10> 2 : 6.0@downside -- 53 : -@downside
11> 21 : -@downside -- 114 : -@downside
12> 2 : 6.0@downside -- 82 : -@downside
13> 112 : -@downside
14> 1 : 1.24@downside
15> 1 : 1.24@downside
16> 1 : 1.24@downside
17> 1 : 1.24@downside
18> 1 : 1.24@downside
19> 1 : 1.24@downside
20> 1 : 1.24@downside
#################### end of cavern log file ####################
done
calculating basic statistics ... done
processing extended elevation ... done
processing references ... done
selecting export objects ... done
writing downsideth.3d ... done
writing xtherion file ... done
compilation time: 0 sec
