therion 5.3.16 (beta Vladimir)
initialization file: C:\Program Files (x86)\Therion/therion.ini
reading ... done
configuration file: thconfig
reading ... done
reading source files ... done
preprocessing database ... done
scanning centreline tree ... done
searching for centerline loops ... done
calculating station coordinates ... done
processing survey data ... 
####################### cavern log file ########################
 1> Survex 1.2.30
 2> Copyright ¸ 1990-2016 Olly Betts
 3> Survey has no control points. Therefore I've fixed 1 at (0,0,0)
 4> 
 5> Survey contains 209 survey stations, joined by 208 shots.
 6> There are 0 loops.
 7> Total length of survey shots =  599.72m ( 599.72m adjusted)
 8> Total plan length of survey shots =  579.56m
 9> Total vertical length of survey shots =   47.17m
10> Vertical range = 6.31m (from 10 at 4.84m to 11 at -1.47m)
11> North-South range = 166.31m (from 7 at 0.77m to 209 at -165.54m)
12> East-West range = 36.29m (from 173 at 17.39m to 97 at -18.89m)
13>  180 1-nodes.
14>    1 2-node.
15>    5 6-nodes.
16>    1 7-node.
17>   11 8-nodes.
18>    5 9-nodes.
19>    4 10-nodes.
20>    2 12-nodes.
21> 
######################### transcription ########################
 3> 1 : 5.1@SewerSouth
 5> 209 : 35.29@SewerSouth -- 208 : -@SewerSouth
10> 10 : -@SewerSouth -- 11 : -@SewerSouth
11> 7 : -@SewerSouth -- 209 : 35.29@SewerSouth
12> 173 : -@SewerSouth -- 97 : -@SewerSouth
13> 180 : 35.24@SewerSouth
14> 1 : 5.1@SewerSouth
15> 5 : -@SewerSouth
16> 1 : 5.1@SewerSouth
17> 11 : -@SewerSouth
18> 5 : -@SewerSouth
19> 4 : -@SewerSouth
20> 2 : 35.0@SewerSouth
#################### end of cavern log file ####################
done
calculating basic statistics ... done
processing extended elevation ... done
processing references ... done
selecting export objects ... done
processing projection plan ... done
average distortion: 0.01%
writing SewerSouth.pdf ...
####################### metapost log file ########################
This is MetaPost, version 1.209 (kpathsea version 5.1.0) (mem=mpost 2010.01.31)  5 MAR 2017 08:26
**data.mp
(./data.mp [4001] [4002] [4003] [4004] [4005] [4006] [4007] [4008] [4009] [4010
] [4011] [4012]
[1] [2] [3] [4] [5] (./mptextmp.mp) [6] )
 
Here is how much of MetaPost's memory you used:
 1184 strings out of 1638
 13605 string characters out of 26823
 62555 words of memory out of 1500000
 1380 symbolic tokens out of 16384
 11i,75n,16p,542b,5f stack positions out of 300i,84n,5000p,608b,15f
 358 string compactions (moved 4712297 characters, 400127 strings)
18 output files written: data.1 .. data.4012

#################### end of metapost log file ####################
converting scraps ... done
making map ... done
######################## pdftex log file #########################
This is pdfTeX, Version 3.1415926-1.40.10 (Web2C 2009) (format=pdftex 2010.1.2)  5 MAR 2017 08:26
entering extended mode
**data.tex
(./data.tex (./th_enc.tex) (./th_texts.tex) (./th_resources.tex
(c:/Program Files (x86)/Therion/texmf/tex/glyphtounicode.tex))
(./th_fontdef.tex{c:/Program Files (x86)/Therion/texmf/fonts/pdftex.map})
(./th_formdef.tex) (./th_pagedef.tex) (./th_pages.tex)
 55 numeric registers used out of 32768
 [1] ) 
Here is how much of TeX's memory you used:
 252 strings out of 95617
 2554 string characters out of 1171098
 55856 words of memory out of 1539834
 1665 multiletter control sequences out of 15000+50000
 20080 words of font info for 63 fonts, out of 1000000 for 2000
 849 hyphenation exceptions out of 1000
 9i,5n,8p,238b,58s stack positions out of 5000i,500n,10000p,200000b,50000s
<c:/Program Files (x86)/Therion/texmf/fonts/type1/cmss10.pfb><c:/Program 
Files (x86)/Therion/texmf/fonts/type1/cmssi10.pfb>
Output written on data.pdf (1 page, 52996 bytes).
PDF statistics:
 43 PDF objects out of 1000 (max. 8388607)
 0 named destinations out of 1000 (max. 500000)
 89 words of extra memory for PDF output out of 10000 (max. 10000000)


##################### end of pdftex log file #####################
done
writing SewerSouth.3d ... done
writing xtherion file ... done
compilation time: 2 sec


###################### scrap distortions #######################
 PROJECTION: plan
 AVERAGE  MAXIMAL  SCRAP
   0.01%    0.49%  SewerSouth@SewerSouth
################### end of scrap distortions ###################
