therion 5.3.16 (beta Vladimir)
initialization file: C:\Program Files (x86)\Therion/therion.ini
reading ... done
configuration file: thconfig
reading ... done
reading source files ... done
preprocessing database ... done
output coordinate system: UTM51
meridian convergence (deg): 0.3537
geomag declinations (deg):
  2016.1.1  -2.6830
  2017.1.1  -2.7722
scanning centreline tree ... done
searching for centerline loops ... done
calculating station coordinates ... done
processing survey data ... 
####################### cavern log file ########################
 1> Survex 1.2.30
 2> Copyright ¸ 1990-2016 Olly Betts
 3> 
 4> Survey contains 323 survey stations, joined by 322 shots.
 5> There is 1 loop.
 6> Survey has 2 connected components.
 7> Total length of survey shots = 2801.69m (2801.69m adjusted)
 8> Total plan length of survey shots = 2589.53m
 9> Total vertical length of survey shots =  508.28m
10> Vertical range = 19.68m (from 159 at 170.77m to 280 at 151.09m)
11> North-South range = 426.58m (from 319 at 1966827.08m to 244 at 1966400.49m)
12> East-West range = 107.19m (from 31 at 377314.28m to 246 at 377207.09m)
13>  293 1-nodes.
14>    1 5-node.
15>    2 6-nodes.
16>    1 8-node.
17>    2 9-nodes.
18>    4 10-nodes.
19>    3 11-nodes.
20>    5 12-nodes.
21>    2 13-nodes.
22>    5 14-nodes.
23>    2 15-nodes.
24>    2 16-nodes.
25>    1 17-node.
26> 
######################### transcription ########################
 4> 323 : -@dafung-cave1 -- 322 : -@dafung-cave1
 5> 1 : 1.0@dafung-cave1
 6> 2 : -@dafung-cave1
10> 159 : -@dafung-cave1 -- 280 : -@dafung-cave1
11> 319 : -@dafung-cave1 -- 244 : -@dafung-cave1
12> 31 : -@dafung-cave1 -- 246 : -@dafung-cave1
13> 293 : -@dafung-cave1
14> 1 : 1.0@dafung-cave1
15> 2 : -@dafung-cave1
16> 1 : 1.0@dafung-cave1
17> 2 : -@dafung-cave1
18> 4 : -@dafung-cave1
19> 3 : 1.1@dafung-cave1
20> 5 : -@dafung-cave1
21> 2 : -@dafung-cave1
22> 5 : -@dafung-cave1
23> 2 : -@dafung-cave1
24> 2 : -@dafung-cave1
25> 1 : 1.0@dafung-cave1
#################### end of cavern log file ####################
done
calculating basic statistics ... done
processing extended elevation ... done
processing references ... done
selecting export objects ... done
processing projection plan ... done
average distortion: 0.01%
writing _output\dafung-cave1.pdf ...
####################### metapost log file ########################
This is MetaPost, version 1.209 (kpathsea version 5.1.0) (mem=mpost 2010.01.31)  6 MAR 2017 13:22
**data.mp
(./data.mp [4001] [4002] [4003] [4004] [4005] [4006] [4007] [4008] [4009] [4010
] [4011] [4012]
[1] [2] [3] [4] [5] (./mptextmp.mp) [6] )
 
Here is how much of MetaPost's memory you used:
 1212 strings out of 1638
 14472 string characters out of 26823
 708785 words of memory out of 1500000
 1381 symbolic tokens out of 16384
 10i,75n,16p,316b,5f stack positions out of 300i,84n,5000p,390b,15f
 351 string compactions (moved 4624998 characters, 390839 strings)
18 output files written: data.1 .. data.4012

#################### end of metapost log file ####################
converting scraps ... done
making map ... done
######################## pdftex log file #########################
This is pdfTeX, Version 3.1415926-1.40.10 (Web2C 2009) (format=pdftex 2010.1.2)  6 MAR 2017 13:22
entering extended mode
**data.tex
(./data.tex (./th_enc.tex) (./th_texts.tex) (./th_resources.tex
(c:/Program Files (x86)/Therion/texmf/tex/glyphtounicode.tex))
(./th_fontdef.tex{c:/Program Files (x86)/Therion/texmf/fonts/pdftex.map})
(./th_formdef.tex) (./th_pagedef.tex) (./th_pages.tex)
 54 numeric registers used out of 32768
 [1] ) 
Here is how much of TeX's memory you used:
 251 strings out of 95617
 2550 string characters out of 1171098
 569014 words of memory out of 1975992
 1664 multiletter control sequences out of 15000+50000
 20080 words of font info for 63 fonts, out of 1000000 for 2000
 849 hyphenation exceptions out of 1000
 9i,5n,8p,238b,58s stack positions out of 5000i,500n,10000p,200000b,50000s
<c:/Program Files (x86)/Therion/texmf/fonts/type1/cmss10.pfb><c:/Program 
Files (x86)/Therion/texmf/fonts/type1/cmssi10.pfb>
Output written on data.pdf (1 page, 183480 bytes).
PDF statistics:
 42 PDF objects out of 1000 (max. 8388607)
 0 named destinations out of 1000 (max. 500000)
 85 words of extra memory for PDF output out of 10000 (max. 10000000)


##################### end of pdftex log file #####################
done
writing _output\dafung-cave1th.3d ... done
writing xtherion file ... done
compilation time: 4 sec


###################### scrap distortions #######################
 PROJECTION: plan
 AVERAGE  MAXIMAL  SCRAP
   0.01%    1.51%  dafung-cave1SP1@dafung-cave1
################### end of scrap distortions ###################
