therion 5.3.16
initialization file: C:\Program Files (x86)\Therion/therion.ini
reading ... done
configuration file: thconfig
reading ... done
reading source files ... done
preprocessing database ... done
output coordinate system: UTM51
meridian convergence (deg): 0.3552
geomag declinations (deg):
  2016.1.1  -2.6811
  2017.1.1  -2.7703
scanning centreline tree ... done
searching for centerline loops ... done
calculating station coordinates ... done
processing survey data ... 
####################### cavern log file ########################
 1> Survex 1.2.12
 2> Copyright ¸ 1990-2014 Olly Betts
 3> 
 4> Survey contains 124 survey stations, joined by 123 shots.
 5> There are 0 loops.
 6> Total length of survey shots =  358.08m ( 358.08m adjusted)
 7> Total plan length of survey shots =  271.00m
 8> Total vertical length of survey shots =  174.84m
 9> Vertical range = 23.87m (from 13 at 195.20m to 119 at 171.33m)
10> North-South range = 21.84m (from 117 at 1965935.75m to 10 at 1965913.91m)
11> East-West range = 18.52m (from 9 at 376710.18m to 94 at 376691.66m)
12>  114 1-nodes.
13>    1 2-node.
14>    1 9-node.
15>    2 11-nodes.
16>    2 13-nodes.
17>    1 15-node.
18>    2 18-nodes.
19>    1 22-node.
20> 
######################### transcription ########################
 4> 124 : -@GapingJill -- 123 : -@GapingJill
 9> 13 : -@GapingJill -- 119 : -@GapingJill
10> 117 : -@GapingJill -- 10 : -@GapingJill
11> 9 : -@GapingJill -- 94 : -@GapingJill
12> 114 : 1.9@GapingJill
13> 1 : 1.0@GapingJill
14> 1 : 1.0@GapingJill
15> 2 : -@GapingJill
16> 2 : -@GapingJill
17> 1 : 1.0@GapingJill
18> 2 : -@GapingJill
19> 1 : 1.0@GapingJill
#################### end of cavern log file ####################
done
calculating basic statistics ... done
processing extended elevation ... done
processing references ... done
selecting export objects ... done
processing projection plan ... done
average distortion: 0.06%
writing ./_output/GapingJill.pdf ...
####################### metapost log file ########################
This is MetaPost, version 1.209 (kpathsea version 5.1.0) (mem=mpost 2010.01.31)  11 MAY 2016 23:13
**data.mp
(./data.mp [4001] [4002] [4003] [4004] [4005] [4006] [4007] [4008] [4009] [4010
] [4011] [4012]
[1] [2] [3] [4] [5]
[Warning: scrap outline intersects itself in scrap GapingJillSP1@GapingJill]
[6] [7] [8] [9] (./mptextmp.mp) [10] [11] [12] [13] [14] [15] [16] [17] [18]
[19] )
 
Here is how much of MetaPost's memory you used:
 1350 strings out of 1638
 16145 string characters out of 26823
 60430 words of memory out of 1500000
 1512 symbolic tokens out of 16384
 11i,75n,16p,268b,5f stack positions out of 300i,84n,5000p,312b,15f
 53 string compactions (moved 543666 characters, 44485 strings)
31 output files written: data.1 .. data.4012

#################### end of metapost log file ####################
converting scraps ... done
making map ... done
######################## pdftex log file #########################
This is pdfTeX, Version 3.1415926-1.40.10 (Web2C 2009) (format=pdftex 2010.1.2)  11 MAY 2016 23:13
entering extended mode
**data.tex
(./data.tex (./th_enc.tex) (./th_texts.tex) (./th_resources.tex
(c:/Program Files (x86)/Therion/texmf/tex/glyphtounicode.tex))
(./th_fontdef.tex{c:/Program Files (x86)/Therion/texmf/fonts/pdftex.map})
(./th_formdef.tex) (./th_pagedef.tex) (./th_pages.tex)
 69 numeric registers used out of 32768
 [1] ) 
Here is how much of TeX's memory you used:
 266 strings out of 95617
 2679 string characters out of 1171098
 23580 words of memory out of 1509558
 1679 multiletter control sequences out of 15000+50000
 20080 words of font info for 63 fonts, out of 1000000 for 2000
 849 hyphenation exceptions out of 1000
 10i,5n,8p,247b,60s stack positions out of 5000i,500n,10000p,200000b,50000s
<c:/Program Files (x86)/Therion/texmf/fonts/type1/cmmi10.pfb><c:/Program 
Files (x86)/Therion/texmf/fonts/type1/cmr10.pfb><c:/Program Files (x86)/Therion
/texmf/fonts/type1/cmss10.pfb><c:/Program Files (x86)/Therion/texmf/fonts/type1
/cmssi10.pfb>
Output written on data.pdf (1 page, 47467 bytes).
PDF statistics:
 83 PDF objects out of 1000 (max. 8388607)
 0 named destinations out of 1000 (max. 500000)
 179 words of extra memory for PDF output out of 10000 (max. 10000000)


##################### end of pdftex log file #####################
done
writing ./_output/GapingJillth.3d ... done
writing xtherion file ... done
compilation time: 2 sec


###################### scrap distortions #######################
 PROJECTION: plan
 AVERAGE  MAXIMAL  SCRAP
   0.10%    0.23%  GapingJillSP1@GapingJill
   0.04%    0.19%  GapingJillSP2@GapingJill
################### end of scrap distortions ###################
