therion 5.3.16
initialization file: C:\Program Files (x86)\Therion/therion.ini
reading ... done
configuration file: thconfig-OdessaAreaCaves
reading ... done
reading source files ... done
preprocessing database ... done
C:\Program Files (x86)\Therion\therion.exe: warning -- odessa/odessa.th [108] -- equate used to define new station (34.1@Main2Sewer)
C:\Program Files (x86)\Therion\therion.exe: warning -- unable to determine magnetic declination for undated surveys
output coordinate system: UTM51
meridian convergence (deg): 0.3564
geomag declinations (deg):
  1992.1.1  -1.6609
  1993.1.1  -1.6802
  1994.1.1  -1.6995
  1995.1.1  -1.7188
  1996.1.1  -1.7359
  1997.1.1  -1.7529
  1998.1.1  -1.7699
  1999.1.1  -1.7869
  2000.1.1  -1.8040
  2001.1.1  -1.8352
  2002.1.1  -1.8665
  2003.1.1  -1.8978
  2004.1.1  -1.9292
  2005.1.1  -1.9605
  2006.1.1  -2.0066
  2007.1.1  -2.0527
  2008.1.1  -2.0988
  2009.1.1  -2.1450
  2010.1.1  -2.1912
  2011.1.1  -2.2714
  2012.1.1  -2.3516
  2013.1.1  -2.4318
  2014.1.1  -2.5121
  2015.1.1  -2.5924
  2016.1.1  -2.6816
  2017.1.1  -2.7709
scanning centreline tree ... done
searching for centerline loops ... done
calculating station coordinates ... done
average loop error: 1.40%
calculating basic statistics ... done
processing extended elevation ... done
processing references ... done
selecting export objects ... done
processing projection plan ... done
average distortion: 0.37%
writing .\_output\OdessaAreaCaves.pdf ...
C:\Program Files (x86)\Therion\therion.exe: warning -- temporary directory already exists
processing projection none ... done
####################### metapost log file ########################
This is MetaPost, version 1.209 (kpathsea version 5.1.0) (mem=mpost 2010.01.31)  17 AUG 2016 22:14
**data.mp
(./data.mp [4001] [4002] [4003] [4004] [4005] [4006] [4007] [4008] [4009] [4010
] [4011] [4012]
[4013] [1] [2] [3] [4] [5] [6] [7] [8] [9] [10] [11] [12] [13] [14] [15] [16]
[17] [18] [19] [20]
[Warning: scrap outline intersects itself in scrap OdessaEntSide@odessa-entranc
e.Odessa.OdessaAreaCaves] [21] [22] [23] [24] [25] [26]
[Warning: text scaled down to fit the path in scrap DaquioagSP1@Daquioag.Daquio
ag_Branch.Odessa.OdessaAreaCaves]
[Warning: text scaled down to fit the path in scrap DaquioagSP1@Daquioag.Daquio
ag_Branch.Odessa.OdessaAreaCaves]
[Warning: text scaled down to fit the path in scrap DaquioagSP1@Daquioag.Daquio
ag_Branch.Odessa.OdessaAreaCaves]
[Warning: text scaled down to fit the path in scrap DaquioagSP1@Daquioag.Daquio
ag_Branch.Odessa.OdessaAreaCaves] [27] [28] [29] [30] [31] [32] [33] [34] [35]
[36] [37] [38] [39] [40] [41] [42] [43] [44] [45] [46] [47]
[Warning: scrap outline intersects itself in scrap DaquioagSPX20.12@Daquioag.Da
quioag_Branch.Odessa.OdessaAreaCaves] [48] [49] [50] [51] [52] [53] [54] [55]
[56] [57] [58] [59] [60] [61] [62] [63] [64] [65] [66] [67] [68] [69] [70]
[71] [72] [73] [74] [75] [76] [77] [78] [79] [80] [81] [82] [83] [84] [85]
[86] [87] [88] [89]
[Warning: scrap outline intersects itself in scrap oxbow-up-20-04SP1@oxbow-up-2
0-04.Daquioag_Branch.Odessa.OdessaAreaCaves]
[Warning: scrap outline intersects itself in scrap oxbow-up-20-04SP1@oxbow-up-2
0-04.Daquioag_Branch.Odessa.OdessaAreaCaves] [90] [91] [92] [93] [94] [95]
[96] [97] [98] [99] [100] [101] [102] [103]
[Warning: scrap outline intersects itself in scrap odessaupday2oliandpeteSPX1.1
4@odessaupday2oliandpete.Daquioag_Branch.Odessa.OdessaAreaCaves] [104] [105]
[106] [107] [108] [109] [110] [111] [112] [113] [114] [115] [116] [117] [118]
[119] [120] [121] [122] [123] [124] [125] [126] [127] [128] [129] [130] [131]
[132] [133] [134] [135] [136] [137] [138] [139] [140] [141] [142] [143] [144]
[145] [146] [147] [148] [149] [150] [151] [152] [153] [154] [155] [156] [157]
[158] [159]
[Warning: scrap outline intersects itself in scrap SewerSouth@SewerSouth.Odessa
.OdessaAreaCaves] [160] [161] [162] [163] [164] [165] [166] [167] [168] [169]
[170] [171] [172] [173] [174] [175] [176]
[Warning: scrap outline intersects itself in scrap UpperLevel@tumbali-day1-c2.O
dessa.OdessaAreaCaves] [177] [178] [179] [180] [181] [182] [183] [184] [185]
[186] [187] [188] [189] [190] [191] [192] [193] [194] [195] [196] [197] [198]
[199] [200] [201] [202] [203] [204] [205] [206] [207]
[Warning: scrap outline intersects itself in scrap pigsty-caveSP1@pigsty-cave.O
dessaAreaCaves] [208] [209] [210] [211] [212] [213] [214] [215]
[Warning: scrap outline intersects itself in scrap GapingJillSP1@GapingJill.Ode
ssaAreaCaves] [216] [217] [218] [219]
[Warning: scrap outline intersects itself in scrap caveSP1@HoneyPot.MinorSites.
OdessaAreaCaves] [220] [221] [222] [223]
[Warning: scrap outline intersects itself in scrap dafung-cave1SP1@dafung-cave1
.Dafung.OdessaAreaCaves] [224] [225] [226] [227]
[Warning: scrap outline intersects itself in scrap upstreamSP1@upstream.Dafung.
OdessaAreaCaves] [228] [229] [230] [231] [232] [233] [234] [235] [236] [237]
[238] [239] [240]
[Warning: text scaled down to fit the path in scrap smallpitchSP1@smallpitch.Da
fung.OdessaAreaCaves] [241] [242] [243] [244] [245] [246] [247] [248] [249]
[250] [251] [252] [253] [254] [255] [256] [257] [258] [259]
[Warning: scrap outline intersects itself in scrap dafung-down-westSP1@dafung-d
own-west.Dafung.OdessaAreaCaves]
[Warning: scrap outline intersects itself in scrap dafung-down-westSP1@dafung-d
own-west.Dafung.OdessaAreaCaves] [260] [261]
[Warning: text scaled down to fit the path in scrap dafung-down-westSP1@dafung-
down-west.Dafung.OdessaAreaCaves]
[Warning: text scaled down to fit the path in scrap dafung-down-westSP1@dafung-
down-west.Dafung.OdessaAreaCaves]
[Warning: text scaled down to fit the path in scrap dafung-down-westSP1@dafung-
down-west.Dafung.OdessaAreaCaves] [262] [263] [264] [265] [266] [267]
(./mptextmp.mp) (./mptextmp.mp) (./mptextmp.mp) (./mptextmp.mp) (./mptextmp.mp)
(./mptextmp.mp) (./mptextmp.mp) [268] [269] [270] [271] [272] [273] [274] [275]
[276] [277] [278] [279] [280] [281] [282] [283] [284] [285] [286] [287] [288]
[289] [290] [291] [292] [293] [294] [295] [296] [297] [298] [299] [300] [301]
[302] [303] [304] [305] [306] [307] [308] [309] [310] [311] [312] [313] [314]
[315] [316] [317] [318] [319] [320] [321] [322] [323] [324] [325] )
 
Here is how much of MetaPost's memory you used:
 3833 strings out of 3907
 20824 string characters out of 43988
 1163404 words of memory out of 1500000
 1532 symbolic tokens out of 16384
 11i,75n,16p,596b,5f stack positions out of 300i,84n,5000p,608b,15f
 1474 string compactions (moved 25786723 characters, 3468493 strings)
338 output files written: data.1 .. data.4013

#################### end of metapost log file ####################
converting scraps ... done
making map ... done
######################## pdftex log file #########################
This is pdfTeX, Version 3.1415926-1.40.10 (Web2C 2009) (format=pdftex 2010.1.2)  17 AUG 2016 22:15
entering extended mode
**data.tex
(./data.tex (./th_enc.tex) (./th_texts.tex) (./th_resources.tex
(c:/Program Files (x86)/Therion/texmf/tex/glyphtounicode.tex))
(./th_fontdef.tex{c:/Program Files (x86)/Therion/texmf/fonts/pdftex.map})
(./th_formdef.tex
Normal \count register pool exhausted, switching to extended pool.)
(./th_pagedef.tex (./th_legend.tex) (./th_legendcolor.tex)) (./th_pages.tex)
 253 numeric registers used out of 32768

[1] ) 
Here is how much of TeX's memory you used:
 770 strings out of 95617
 7976 string characters out of 1171098
 2186435 words of memory out of 3500000
 2177 multiletter control sequences out of 15000+50000
 21229 words of font info for 66 fonts, out of 1000000 for 2000
 849 hyphenation exceptions out of 1000
 10i,8n,9p,1577b,95s stack positions out of 5000i,500n,10000p,200000b,50000s
<c:/Program Files (x86)/Therion/texmf/fonts/type1/cmmi10.pfb><c:/Program F
iles (x86)/Therion/texmf/fonts/type1/cmr10.pfb><c:/Program Files (x86)/Therion/
texmf/fonts/type1/cmss10.pfb><c:/Program Files (x86)/Therion/texmf/fonts/type1/
cmssi10.pfb>
Output written on data.pdf (1 page, 6802878 bytes).
PDF statistics:
 1182 PDF objects out of 1200 (max. 8388607)
 0 named destinations out of 1000 (max. 500000)
 3479 words of extra memory for PDF output out of 10000 (max. 10000000)


##################### end of pdftex log file #####################
C:\Program Files (x86)\Therion\therion.exe: error -- cp exit code -- 1
writing xtherion file ... done
