therion 5.3.16
initialization file: C:\Program Files (x86)\Therion/therion.ini
reading ... done
configuration file: thconfig
reading ... done
reading source files ... done
preprocessing database ... done
output coordinate system: UTM51
meridian convergence (deg): 0.3555
geomag declinations (deg):
  2016.1.1  -2.6843
  2017.1.1  -2.7736
scanning centreline tree ... done
searching for centerline loops ... done
calculating station coordinates ... done
processing survey data ... 
####################### cavern log file ########################
 1> Survex 1.2.12
 2> Copyright ¸ 1990-2014 Olly Betts
 3> 
 4> Survey contains 99 survey stations, joined by 98 shots.
 5> There is 1 loop.
 6> Survey has 2 connected components.
 7> Total length of survey shots =  227.14m ( 227.14m adjusted)
 8> Total plan length of survey shots =  199.00m
 9> Total vertical length of survey shots =   62.46m
10> Vertical range = 9.42m (from 88 at 108.89m to 62 at 99.47m)
11> North-South range = 20.90m (from 89 at 1967598.24m to 33 at 1967577.34m)
12> East-West range = 14.33m (from 32 at 376721.16m to 91 at 376706.83m)
13>   87 1-nodes.
14>    3 6-nodes.
15>    1 7-node.
16>    3 8-nodes.
17>    1 9-node.
18>    1 10-node.
19>    1 11-node.
20>    1 14-node.
21>    1 16-node.
22> 
######################### transcription ########################
 4> 99 : -@tumbali-day1-c2 -- 98 : -@tumbali-day1-c2
 5> 1 : 1.0@tumbali-day1-c2
 6> 2 : -@tumbali-day1-c2
10> 88 : -@tumbali-day1-c2 -- 62 : -@tumbali-day1-c2
11> 89 : -@tumbali-day1-c2 -- 33 : -@tumbali-day1-c2
12> 32 : -@tumbali-day1-c2 -- 91 : -@tumbali-day1-c2
13> 87 : -@tumbali-day1-c2
14> 3 : -@tumbali-day1-c2
15> 1 : 1.0@tumbali-day1-c2
16> 3 : -@tumbali-day1-c2
17> 1 : 1.0@tumbali-day1-c2
18> 1 : 1.0@tumbali-day1-c2
19> 1 : 1.0@tumbali-day1-c2
20> 1 : 1.0@tumbali-day1-c2
21> 1 : 1.0@tumbali-day1-c2
#################### end of cavern log file ####################
done
calculating basic statistics ... done
processing extended elevation ... done
processing references ... done
selecting export objects ... done
processing projection plan ... done
average distortion: 0.04%
writing tumbali-day1-c2.pdf ...
####################### metapost log file ########################
This is MetaPost, version 1.209 (kpathsea version 5.1.0) (mem=mpost 2010.01.31)  30 APR 2016 21:15
**data.mp
(./data.mp [4001] [4002] [4003] [4004] [4005] [4006] [4007] [4008] [4009] [4010
] [4011] [4012]
[1] [2] [3] [4]
[Warning: scrap outline intersects itself in scrap UpperLevel@tumbali-day1-c2]
[5] [6] [7] (./mptextmp.mp) [8] )
 
Here is how much of MetaPost's memory you used:
 1035 strings out of 1162
 13027 string characters out of 20720
 59823 words of memory out of 1500000
 1367 symbolic tokens out of 16384
 8i,75n,11p,197b,4f stack positions out of 300i,84n,5000p,200b,15f
 39 string compactions (moved 318012 characters, 25879 strings)
20 output files written: data.1 .. data.4012

#################### end of metapost log file ####################
converting scraps ... done
making map ... done
######################## pdftex log file #########################
This is pdfTeX, Version 3.1415926-1.40.10 (Web2C 2009) (format=pdftex 2010.1.2)  30 APR 2016 21:15
entering extended mode
**data.tex
(./data.tex (./th_enc.tex) (./th_texts.tex) (./th_resources.tex
(c:/Program Files (x86)/Therion/texmf/tex/glyphtounicode.tex))
(./th_fontdef.tex{c:/Program Files (x86)/Therion/texmf/fonts/pdftex.map})
(./th_formdef.tex) (./th_pagedef.tex) (./th_pages.tex)
 57 numeric registers used out of 32768
 [1] ) 
Here is how much of TeX's memory you used:
 254 strings out of 95617
 2582 string characters out of 1171098
 21359 words of memory out of 1508337
 1667 multiletter control sequences out of 15000+50000
 20080 words of font info for 63 fonts, out of 1000000 for 2000
 849 hyphenation exceptions out of 1000
 9i,5n,8p,238b,58s stack positions out of 5000i,500n,10000p,200000b,50000s
<c:/Program Files (x86)/Therion/texmf/fonts/type1/cmss10.pfb><c:/Program 
Files (x86)/Therion/texmf/fonts/type1/cmssi10.pfb>
Output written on data.pdf (1 page, 28898 bytes).
PDF statistics:
 50 PDF objects out of 1000 (max. 8388607)
 0 named destinations out of 1000 (max. 500000)
 109 words of extra memory for PDF output out of 10000 (max. 10000000)


##################### end of pdftex log file #####################
done
writing tumbali-day1-c2-map.kml ... done
writing tumbali-day1-c2-model.kml ... done
writing tumbali-day1-c2th.3d ... done
writing xtherion file ... done
compilation time: 3 sec


###################### scrap distortions #######################
 PROJECTION: plan
 AVERAGE  MAXIMAL  SCRAP
   0.05%    0.56%  LowerLevel@tumbali-day1-c2
   0.04%    0.32%  UpperLevel@tumbali-day1-c2
################### end of scrap distortions ###################
