therion 5.3.16
initialization file: C:\Program Files\Therion/therion.ini
reading ... done
configuration file: thconfig
reading ... done
reading source files ... done
preprocessing database ... done
C:\Program Files\Therion\therion.exe: warning -- unable to determine magnetic declination for undated surveys
output coordinate system: UTM51
meridian convergence (deg): 0.3571
geomag declinations (deg):
  2005.1.1  -1.9589
  2006.1.1  -2.0050
  2007.1.1  -2.0510
  2008.1.1  -2.0972
  2009.1.1  -2.1433
  2010.1.1  -2.1895
  2011.1.1  -2.2697
  2012.1.1  -2.3500
  2013.1.1  -2.4302
  2014.1.1  -2.5105
  2015.1.1  -2.5907
  2016.1.1  -2.6800
  2017.1.1  -2.7693
scanning centreline tree ... done
searching for centerline loops ... done
calculating station coordinates ... done
processing survey data ... 
####################### cavern log file ########################
 1> Survex 1.2.17
 2> Copyright ¸ 1990-2015 Olly Betts
 3> 
 4> Survey contains 2632 survey stations, joined by 2631 legs.
 5> There are 0 loops.
 6> Total length of survey legs = 12051.67m (12051.67m adjusted)
 7> Total plan length of survey legs = 11105.03m
 8> Total vertical length of survey legs = 2412.67m
 9> Vertical range = 34.10m (from 2167 at 176.80m to 1968 at 142.69m)
10> North-South range = 432.80m (from 2632 at 1965928.17m to 1273 at 1965495.37m)
11> East-West range = 384.83m (from 1804 at 376302.83m to 791 at 375918.00m)
12> 2478 1-nodes.
13>    7 2-nodes.
14>    3 3-nodes.
15>    1 4-node.
16>    3 5-nodes.
17>    3 6-nodes.
18>    3 7-nodes.
19>    3 8-nodes.
20>    3 9-nodes.
21>    3 10-nodes.
22>    2 11-nodes.
23>    6 12-nodes.
24>    4 13-nodes.
25>    9 14-nodes.
26>    9 15-nodes.
27>    7 16-nodes.
28>    8 17-nodes.
29>    9 18-nodes.
30>    5 19-nodes.
31>   13 20-nodes.
32>    3 21-nodes.
33>    8 22-nodes.
34>    4 23-nodes.
35>    4 24-nodes.
36>    6 25-nodes.
37>    2 26-nodes.
38>    4 27-nodes.
39>    5 28-nodes.
40>    4 29-nodes.
41>    2 30-nodes.
42>    2 31-nodes.
43>    1 32-node.
44>    3 33-nodes.
45>    1 35-node.
46>    1 37-node.
47>    1 39-node.
48>    1 42-node.
49>    1 51-node.
50> 
######################### transcription ########################
 4> 2632 : 22.8@Daquoig -- 2631 : -@Daquoig
 9> 2167 : -@Daquoig -- 1968 : -@Daquoig
10> 2632 : 22.8@Daquoig -- 1273 : -@Daquoig
11> 1804 : -@Daquoig -- 791 : -@Daquoig
12> 2478 : -@Daquoig
13> 7 : -@Daquoig
14> 3 : 1.1@Daquoig
15> 1 : 1.0@Daquoig
16> 3 : 1.1@Daquoig
17> 3 : 1.1@Daquoig
18> 3 : 1.1@Daquoig
19> 3 : 1.1@Daquoig
20> 3 : 1.1@Daquoig
21> 3 : 1.1@Daquoig
22> 2 : -@Daquoig
23> 6 : 1.3@Daquoig
24> 4 : 1.2@Daquoig
25> 9 : -@Daquoig
26> 9 : -@Daquoig
27> 7 : -@Daquoig
28> 8 : -@Daquoig
29> 9 : -@Daquoig
30> 5 : -@Daquoig
31> 13 : 1.4@Daquoig
32> 3 : 1.1@Daquoig
33> 8 : -@Daquoig
34> 4 : 1.2@Daquoig
35> 4 : 1.2@Daquoig
36> 6 : 1.3@Daquoig
37> 2 : -@Daquoig
38> 4 : 1.2@Daquoig
39> 5 : -@Daquoig
40> 4 : 1.2@Daquoig
41> 2 : -@Daquoig
42> 2 : -@Daquoig
43> 1 : 1.0@Daquoig
44> 3 : 1.1@Daquoig
45> 1 : 1.0@Daquoig
46> 1 : 1.0@Daquoig
47> 1 : 1.0@Daquoig
48> 1 : 1.0@Daquoig
49> 1 : 1.0@Daquoig
#################### end of cavern log file ####################
done
calculating basic statistics ... done
processing extended elevation ... done
processing references ... done
selecting export objects ... done
writing Daquoigth.3d ... done
writing xtherion file ... done
compilation time: 0 sec
