therion 5.3.15
initialization file: C:\Program Files (x86)\Therion/therion.ini
reading ... done
configuration file: thconfig
reading ... done
reading source files ... done
preprocessing database ... done
output coordinate system: UTM51
meridian convergence (deg): 0.3118
geomag declinations (deg):
  2014.1.1  -2.4369
  2015.1.1  -2.4845
scanning centreline tree ... done
searching for centerline loops ... done
calculating station coordinates ... done
processing survey data ... 
####################### cavern log file ########################
 1> Survex 1.2.12
 2> Copyright ¸ 1990-2014 Olly Betts
 3> 
 4> Survey contains 375 survey stations, joined by 374 shots.
 5> There is 1 loop.
 6> Survey has 2 connected components.
 7> Total length of survey shots = 1149.55m (1149.55m adjusted)
 8> Total plan length of survey shots = 1061.34m
 9> Total vertical length of survey shots =  215.40m
10> Vertical range = 13.44m (from 174 at 139.79m to 342 at 126.36m)
11> North-South range = 74.08m (from 5 at 1992405.21m to 289 at 1992331.14m)
12> East-West range = 150.09m (from 342 at 393458.87m to 7 at 393308.77m)
13>  323 1-nodes.
14>    2 2-nodes.
15>    3 4-nodes.
16>    2 5-nodes.
17>   18 6-nodes.
18>    5 7-nodes.
19>    1 8-node.
20>    6 9-nodes.
21>    4 10-nodes.
22>    2 11-nodes.
23>    2 12-nodes.
24>    1 13-node.
25>    4 14-nodes.
26>    1 16-node.
27>    1 23-node.
28> 
######################### transcription ########################
 4> 375 : -@naganakan -- 374 : -@naganakan
 5> 1 : 1.0@naganakan
 6> 2 : -@naganakan
10> 174 : -@naganakan -- 342 : -@naganakan
11> 5 : -@naganakan -- 289 : -@naganakan
12> 342 : -@naganakan -- 7 : -@naganakan
13> 323 : -@naganakan
14> 2 : -@naganakan
15> 3 : -@naganakan
16> 2 : -@naganakan
17> 18 : -@naganakan
18> 5 : -@naganakan
19> 1 : 1.0@naganakan
20> 6 : 1.1@naganakan
21> 4 : -@naganakan
22> 2 : -@naganakan
23> 2 : -@naganakan
24> 1 : 1.0@naganakan
25> 4 : -@naganakan
26> 1 : 1.0@naganakan
27> 1 : 1.0@naganakan
#################### end of cavern log file ####################
done
calculating basic statistics ... done
processing extended elevation ... done
processing references ... done
selecting export objects ... done
processing projection plan ... done
average distortion: 0.01%
writing naganakan.pdf ...
####################### metapost log file ########################
This is MetaPost, version 1.209 (kpathsea version 5.1.0) (mem=mpost 2010.01.31)  25 SEP 2014 20:45
**data.mp
(./data.mp [4001] [4002] [4003] [4004] [4005] [4006] [4007] [4008] [4009] [4010
] [4011] [4012]
[1] [2] [3] [4] [5] (./mptextmp.mp) (./mptextmp.mp) (./mptextmp.mp)
(./mptextmp.mp) (./mptextmp.mp) (./mptextmp.mp) (./mptextmp.mp) [6] [7] [8]
[9] [10] [11] )
 
Here is how much of MetaPost's memory you used:
 1362 strings out of 1638
 16248 string characters out of 26823
 65082 words of memory out of 1500000
 1519 symbolic tokens out of 16384
 9i,75n,16p,438b,5f stack positions out of 300i,84n,5000p,487b,15f
 78 string compactions (moved 912273 characters, 74576 strings)
23 output files written: data.1 .. data.4012

#################### end of metapost log file ####################
converting scraps ... done
making map ... done
######################## pdftex log file #########################
This is pdfTeX, Version 3.1415926-1.40.10 (Web2C 2009) (format=pdftex 2010.1.2)  25 SEP 2014 20:45
entering extended mode
**data.tex
(./data.tex (./th_enc.tex) (./th_texts.tex) (./th_resources.tex
(c:/Program Files (x86)/Therion/texmf/tex/glyphtounicode.tex))
(./th_fontdef.tex{c:/Program Files (x86)/Therion/texmf/fonts/pdftex.map})
(./th_formdef.tex) (./th_pagedef.tex (./th_legend.tex)) (./th_pages.tex)
 60 numeric registers used out of 32768

[1] ) 
Here is how much of TeX's memory you used:
 260 strings out of 95617
 2626 string characters out of 1171098
 46334 words of memory out of 1532312
 1670 multiletter control sequences out of 15000+50000
 21229 words of font info for 66 fonts, out of 1000000 for 2000
 849 hyphenation exceptions out of 1000
 10i,5n,7p,259b,86s stack positions out of 5000i,500n,10000p,200000b,50000s
<c:/Program Files (x86)/Therion/texmf/fonts/type1/cmss10.pfb><c:/Program F
iles (x86)/Therion/texmf/fonts/type1/cmssi10.pfb>
Output written on data.pdf (1 page, 64843 bytes).
PDF statistics:
 53 PDF objects out of 1000 (max. 8388607)
 0 named destinations out of 1000 (max. 500000)
 119 words of extra memory for PDF output out of 10000 (max. 10000000)


##################### end of pdftex log file #####################
done
writing naganakanth.3d ... done
writing naganakan.lox ....
C:\Program Files (x86)\Therion\therion.exe: warning -- NaganakanSP001@naganakan -- multiple scrap outer outlines not supported yet
 done
writing naganakan_Walls.3d ... done
writing xtherion file ... done
compilation time: 11 sec


###################### scrap distortions #######################
 PROJECTION: plan
 AVERAGE  MAXIMAL  SCRAP
   0.01%    0.41%  NaganakanSP001@naganakan
################### end of scrap distortions ###################
