therion 5.3.16
initialization file: C:\Program Files\Therion/therion.ini
reading ... done
configuration file: thconfig
reading ... done
reading source files ... done
preprocessing database ... done
scanning centreline tree ... done
searching for centerline loops ... done
calculating station coordinates ... done
processing survey data ... 
####################### cavern log file ########################
 1> Survex 1.2.17
 2> Copyright ¸ 1990-2015 Olly Betts
 3> Survey has no fixed points. Therefore I've fixed 1 at (0,0,0)
 4> 
 5> Survey contains 231 survey stations, joined by 230 legs.
 6> There are 0 loops.
 7> Total length of survey legs = 1365.46m (1365.46m adjusted)
 8> Total plan length of survey legs = 1316.81m
 9> Total vertical length of survey legs =  141.75m
10> Vertical range = 13.64m (from 187 at 5.78m to 229 at -7.86m)
11> North-South range = 105.39m (from 227 at 100.08m to 33 at -5.31m)
12> East-West range = 39.07m (from 142 at 7.88m to 43 at -31.19m)
13>  212 1-nodes.
14>    2 2-nodes.
15>    1 6-node.
16>    4 9-nodes.
17>    2 11-nodes.
18>    1 12-node.
19>    2 14-nodes.
20>    2 15-nodes.
21>    1 16-node.
22>    1 19-node.
23>    1 20-node.
24>    1 26-node.
25>    1 29-node.
26> 
######################### transcription ########################
 3> 1 : 1.0@smallpitch
 5> 231 : -@smallpitch -- 230 : -@smallpitch
10> 187 : 1.15@smallpitch -- 229 : -@smallpitch
11> 227 : -@smallpitch -- 33 : -@smallpitch
12> 142 : -@smallpitch -- 43 : -@smallpitch
13> 212 : -@smallpitch
14> 2 : -@smallpitch
15> 1 : 1.0@smallpitch
16> 4 : -@smallpitch
17> 2 : -@smallpitch
18> 1 : 1.0@smallpitch
19> 2 : -@smallpitch
20> 2 : -@smallpitch
21> 1 : 1.0@smallpitch
22> 1 : 1.0@smallpitch
23> 1 : 1.0@smallpitch
24> 1 : 1.0@smallpitch
25> 1 : 1.0@smallpitch
#################### end of cavern log file ####################
done
calculating basic statistics ... done
processing extended elevation ... done
processing references ... done
selecting export objects ... done
processing projection plan ... done
average distortion: 0.02%
writing smallpitch.pdf ...
####################### metapost log file ########################
This is MetaPost, version 1.209 (kpathsea version 5.1.0) (mem=mpost 2010.01.31)  19 APR 2016 17:17
**data.mp
(./data.mp [4001] [4002] [4003] [4004] [4005] [4006] [4007] [4008] [4009] [4010
] [4011] [4012]
[1] [2] [3] [4] (./mptextmp.mp) [5] )
 
Here is how much of MetaPost's memory you used:
 1040 strings out of 1162
 13032 string characters out of 20720
 61006 words of memory out of 1500000
 1367 symbolic tokens out of 16384
 8i,75n,11p,197b,4f stack positions out of 300i,84n,5000p,200b,15f
 42 string compactions (moved 356584 characters, 28831 strings)
17 output files written: data.1 .. data.4012

#################### end of metapost log file ####################
converting scraps ... done
making map ... done
######################## pdftex log file #########################
This is pdfTeX, Version 3.1415926-1.40.10 (Web2C 2009) (format=pdftex 2010.1.2)  19 APR 2016 17:18
entering extended mode
**data.tex
(./data.tex (./th_enc.tex) (./th_texts.tex) (./th_resources.tex
(c:/Program Files/Therion/texmf/tex/glyphtounicode.tex)) (./th_fontdef.tex{c:/P
rogram Files/Therion/texmf/fonts/pdftex.map})
(./th_formdef.tex) (./th_pagedef.tex) (./th_pages.tex)
 53 numeric registers used out of 32768
 [1] ) 
Here is how much of TeX's memory you used:
 250 strings out of 95617
 2521 string characters out of 1171098
 32421 words of memory out of 1518399
 1663 multiletter control sequences out of 15000+50000
 20080 words of font info for 63 fonts, out of 1000000 for 2000
 849 hyphenation exceptions out of 1000
 9i,5n,8p,238b,58s stack positions out of 5000i,500n,10000p,200000b,50000s
<c:/Program Files/Therion/texmf/fonts/type1/cmss10.pfb><c:/Program Files/
Therion/texmf/fonts/type1/cmssi10.pfb>
Output written on data.pdf (1 page, 31653 bytes).
PDF statistics:
 40 PDF objects out of 1000 (max. 8388607)
 0 named destinations out of 1000 (max. 500000)
 79 words of extra memory for PDF output out of 10000 (max. 10000000)


##################### end of pdftex log file #####################
done
writing smallpitchth.3d ... done
writing xtherion file ... done
compilation time: 2 sec


###################### scrap distortions #######################
 PROJECTION: plan
 AVERAGE  MAXIMAL  SCRAP
   0.02%    0.77%  smallpitchSP1@smallpitch
################### end of scrap distortions ###################
