therion 5.3.16
initialization file: C:\Program Files\Therion/therion.ini
reading ... done
configuration file: thconfig
reading ... done
reading source files ... done
preprocessing database ... done
scanning centreline tree ... done
searching for centerline loops ... done
calculating station coordinates ... done
processing survey data ... 
####################### cavern log file ########################
 1> Survex 1.2.17
 2> Copyright ¸ 1990-2015 Olly Betts
 3> Survey has no fixed points. Therefore I've fixed 1 at (0,0,0)
 4> 
 5> Survey contains 58 survey stations, joined by 57 legs.
 6> There are 0 loops.
 7> Total length of survey legs =  362.06m ( 362.06m adjusted)
 8> Total plan length of survey legs =  355.92m
 9> Total vertical length of survey legs =   46.29m
10> Vertical range = 4.67m (from 12 at 4.67m to 2 at 0.00m)
11> North-South range = 35.15m (from 27 at 35.15m to 8 at -0.00m)
12> East-West range = 37.79m (from 9 at 23.11m to 52 at -14.68m)
13>   46 1-nodes.
14>    5 2-nodes.
15>    2 3-nodes.
16>    1 4-node.
17>    1 8-node.
18>    1 10-node.
19>    1 12-node.
20>    1 18-node.
21> 
######################### transcription ########################
 3> 1 : 3.62@shepherd
 5> 58 : -@shepherd -- 57 : -@shepherd
10> 12 : -@shepherd -- 2 : 18.0@shepherd
11> 27 : -@shepherd -- 8 : 18.4@shepherd
12> 9 : 18.5@shepherd -- 52 : -@shepherd
13> 46 : -@shepherd
14> 5 : 18.2@shepherd
15> 2 : 18.0@shepherd
16> 1 : 3.62@shepherd
17> 1 : 3.62@shepherd
18> 1 : 3.62@shepherd
19> 1 : 3.62@shepherd
20> 1 : 3.62@shepherd
#################### end of cavern log file ####################
done
calculating basic statistics ... done
processing extended elevation ... done
processing references ... done
selecting export objects ... done
processing projection plan ... done
average distortion: 0.04%
writing shepherd.pdf ...
####################### metapost log file ########################
This is MetaPost, version 1.209 (kpathsea version 5.1.0) (mem=mpost 2010.01.31)  16 APR 2016 20:33
**data.mp
(./data.mp [4001] [4002] [4003] [4004] [4005] [4006] [4007] [4008] [4009] [4010
] [4011] [4012]
[1] [2] [3] [4] (./mptextmp.mp) [5] )
 
Here is how much of MetaPost's memory you used:
 1032 strings out of 1162
 13026 string characters out of 20720
 59804 words of memory out of 1500000
 1367 symbolic tokens out of 16384
 8i,75n,11p,197b,4f stack positions out of 300i,84n,5000p,200b,15f
 34 string compactions (moved 253506 characters, 20814 strings)
17 output files written: data.1 .. data.4012

#################### end of metapost log file ####################
converting scraps ... done
making map ... done
######################## pdftex log file #########################
This is pdfTeX, Version 3.1415926-1.40.10 (Web2C 2009) (format=pdftex 2010.1.2)  16 APR 2016 20:33
entering extended mode
**data.tex
(./data.tex (./th_enc.tex) (./th_texts.tex) (./th_resources.tex
(c:/Program Files/Therion/texmf/tex/glyphtounicode.tex)) (./th_fontdef.tex{c:/P
rogram Files/Therion/texmf/fonts/pdftex.map})
(./th_formdef.tex) (./th_pagedef.tex) (./th_pages.tex)
 53 numeric registers used out of 32768
 [1] ) 
Here is how much of TeX's memory you used:
 250 strings out of 95617
 2521 string characters out of 1171098
 23175 words of memory out of 1510153
 1663 multiletter control sequences out of 15000+50000
 20080 words of font info for 63 fonts, out of 1000000 for 2000
 849 hyphenation exceptions out of 1000
 9i,5n,8p,238b,58s stack positions out of 5000i,500n,10000p,200000b,50000s
<c:/Program Files/Therion/texmf/fonts/type1/cmss10.pfb><c:/Program Files/
Therion/texmf/fonts/type1/cmssi10.pfb>
Output written on data.pdf (1 page, 24022 bytes).
PDF statistics:
 40 PDF objects out of 1000 (max. 8388607)
 0 named destinations out of 1000 (max. 500000)
 79 words of extra memory for PDF output out of 10000 (max. 10000000)


##################### end of pdftex log file #####################
done
writing shepherdth.3d ... done
writing xtherion file ... done
compilation time: 1 sec


###################### scrap distortions #######################
 PROJECTION: plan
 AVERAGE  MAXIMAL  SCRAP
   0.04%    0.41%  shepherdSP1@shepherd
################### end of scrap distortions ###################
