therion 5.4.0 (2017-04-03)
initialization file: C:\Program Files\Therion/therion.ini
reading ... done
configuration file: thconfig
reading ... done
reading source files ... done
preprocessing database ... done
output coordinate system: UTM51
meridian convergence (deg): 0.2975
geomag declinations (deg):
  2005.1.1  -2.0226
  2006.1.1  -2.0687
  2007.1.1  -2.1148
  2008.1.1  -2.1609
  2009.1.1  -2.2071
  2010.1.1  -2.2533
  2011.1.1  -2.3337
  2012.1.1  -2.4141
  2013.1.1  -2.4945
  2014.1.1  -2.5750
  2015.1.1  -2.6554
  2016.1.1  -2.7448
scanning centreline tree ... done
searching for centerline loops ... done
calculating station coordinates ... done
processing survey data ... 
####################### cavern log file ########################
 1> Survex 1.2.17
 2> Copyright ¸ 1990-2015 Olly Betts
 3> 
 4> Survey contains 1247 survey stations, joined by 1246 legs.
 5> There are 0 loops.
 6> Total length of survey legs = 5105.45m (5105.45m adjusted)
 7> Total plan length of survey legs = 3909.17m
 8> Total vertical length of survey legs = 1903.40m
 9> Vertical range = 87.91m (from 808 at 468.37m to 793 at 380.46m)
10> North-South range = 679.20m (from 485 at 1992392.66m to 1153 at 1991713.46m)
11> East-West range = 238.56m (from 411 at 398258.28m to 1247 at 398019.72m)
12> 1000 1-nodes.
13>   14 2-nodes.
14>    3 3-nodes.
15>    2 4-nodes.
16>   58 5-nodes.
17>  112 6-nodes.
18>   29 7-nodes.
19>   11 8-nodes.
20>    3 9-nodes.
21>    7 10-nodes.
22>    4 11-nodes.
23>    2 12-nodes.
24>    1 14-node.
25>    1 15-node.
26> 
######################### transcription ########################
 4> 1247 : 34.3@Romeo_1_12.romeo -- 1246 : -@Romeo_1_12.romeo
 9> 808 : -@lumio.romeo -- 793 : -@romeo_cathedral.romeo
10> 485 : 1.98@romeo_entrance.romeo -- 1153 : -@Romeo_1_12.romeo
11> 411 : -@romeo_entrance.romeo -- 1247 : 34.3@Romeo_1_12.romeo
12> 1000 : -@Romeo_1_12.romeo
13> 14 : -@romeo_entrance.romeo
14> 3 : -@romeo_entrance.romeo
15> 2 : -@romeo_entrance.romeo
16> 58 : -@romeo_entrance.romeo
17> 112 : 1.20@romeo_entrance.romeo
18> 29 : -@romeo_entrance.romeo
19> 11 : -@romeo_entrance.romeo
20> 3 : -@romeo_entrance.romeo
21> 7 : -@romeo_entrance.romeo
22> 4 : -@romeo_entrance.romeo
23> 2 : -@romeo_entrance.romeo
24> 1 : 1.0@romeo_entrance.romeo
25> 1 : 1.0@romeo_entrance.romeo
#################### end of cavern log file ####################
done
calculating basic statistics ... done
processing extended elevation ... done
processing references ... done
selecting export objects ... done
processing projection plan ... done
average distortion: 0.40%
writing ./_output/Romeo.pdf ...
####################### metapost log file ########################
This is MetaPost, version 1.209 (kpathsea version 5.1.0) (mem=mpost 2010.01.31)  23 APR 2017 17:47
**data.mp
(./data.mp [4001] [4002] [4003] [4004] [4005] [4006] [4007] [4008] [4009] [4010
] [4011] [4012] [4013]

(c:/Users/dell/Documents/GitHub/SpeleoPhilippines/CodeLibrary/_grid_x_hair_to_c
ontinuos_line.mp)
(c:/Users/dell/Documents/GitHub/SpeleoPhilippines/CodeLibrary/_scalebar_medium_
format.mp)
(c:/Users/dell/Documents/GitHub/SpeleoPhilippines/CodeLibrary/_legend_medium_fo
rmat.mp)
(c:/Users/dell/Documents/GitHub/SpeleoPhilippines/CodeLibrary/_water_blue.mp)
(c:/Users/dell/Documents/GitHub/SpeleoPhilippines/CodeLibrary/_north_arrow_300.
mp)
(c:/Users/dell/Documents/GitHub/SpeleoPhilippines/CodeLibrary/_continuous_cente
rline.mp) [1] [2] [3] [4] [5] [6] [7] [8] [9] [10] [11] [12] [13] [14] [15]
[16] [17] [18] [19] [20] [21] [22] [23] [24] [25] [26] [27] [28] [29] [30]
[31] [32] [33] [34] [35] [36] [37] [38] [39] [40] [41] (./mptextmp.mp)
(./mptextmp.mp) (./mptextmp.mp) (./mptextmp.mp) (./mptextmp.mp) (./mptextmp.mp)
(./mptextmp.mp) [42] [43] [44] [45] [46] [47] [48] [49] [50] [51] [52] [53]
[54] [55] [56] [57] [58] [59] [60] [61] [62] [63] [64] [65] [66] [67] [68]
[69] [70] [71] [72] [73] [74] [75] [76] [77] [78] [79] [80] [81] [82] )
 
Here is how much of MetaPost's memory you used:
 1406 strings out of 1638
 17458 string characters out of 26823
 304094 words of memory out of 1500000
 1539 symbolic tokens out of 16384
 11i,75n,16p,280b,5f stack positions out of 300i,84n,5000p,312b,15f
 180 string compactions (moved 2764180 characters, 231722 strings)
95 output files written: data.1 .. data.4013

#################### end of metapost log file ####################
converting scraps ... done
making map ... done
######################## pdftex log file #########################
This is pdfTeX, Version 3.1415926-1.40.10 (Web2C 2009) (format=pdftex 2010.1.2)  23 APR 2017 17:47
entering extended mode
**data.tex
(./data.tex (./th_enc.tex) (./th_texts.tex) (./th_resources.tex
(c:/Program Files/Therion/texmf/tex/glyphtounicode.tex)) (./th_fontdef.tex{c:/P
rogram Files/Therion/texmf/fonts/pdftex.map})
(./th_formdef.tex) (./th_pagedef.tex (./th_legendcolor.tex) (./th_legend.tex) <
c:/Users/dell/Documents/GitHub/SpeleoPhilippines/images/Logo_BEC_800.png>)
(./th_pages.tex)
 146 numeric registers used out of 32768
 [1] ) 
Here is how much of TeX's memory you used:
 350 strings out of 95617
 3429 string characters out of 1171098
 637125 words of memory out of 2088103
 1757 multiletter control sequences out of 15000+50000
 21229 words of font info for 66 fonts, out of 1000000 for 2000
 849 hyphenation exceptions out of 1000
 10i,5n,7p,1126b,88s stack positions out of 5000i,500n,10000p,200000b,50000s
<c:/Program Files/Therion/texmf/fonts/type1/cmmi10.pfb><c:/Program Files/
Therion/texmf/fonts/type1/cmr10.pfb><c:/Program Files/Therion/texmf/fonts/type1
/cmss10.pfb><c:/Program Files/Therion/texmf/fonts/type1/cmssi10.pfb>
Output written on data.pdf (1 page, 798525 bytes).
PDF statistics:
 267 PDF objects out of 1000 (max. 8388607)
 0 named destinations out of 1000 (max. 500000)
 732 words of extra memory for PDF output out of 10000 (max. 10000000)


##################### end of pdftex log file #####################
done
writing .\_output\romeo_cave-map.kml ... done
writing .\_output\romeo_cave.kml ... done
writing .\_output\romeo_caveth.3d ... done
writing .\_output\romeo_cave.lox ......
C:\Program Files\Therion\therion.exe: warning -- romeoSP4@romeo_entrance.romeo -- invalid scrap outline
........ done
writing .\_output\romeo_cave_Walls.3d ... done
writing xtherion file ... done
compilation time: 67 sec


###################### scrap distortions #######################
 PROJECTION: plan
 AVERAGE  MAXIMAL  SCRAP
   0.57%   99.02%  lumioSP1@lumio.romeo
   0.62%   81.57%  Romeo_1.12SP1@fatcamp.romeo
   2.02%   74.63%  romeoSP5@romeo_entrance.romeo
   2.10%   57.81%  romeo_cathedralSP1@romeo_cathedral.romeo
   0.36%   32.49%  romeoSP1@romeo_entrance.romeo
   0.52%   25.46%  romeoSP3@romeo_entrance.romeo
   0.46%   19.69%  Romeo_21_1SP1@Romeo_W_loop.romeo
   0.39%   15.53%  romeoSP4@romeo_entrance.romeo
   0.01%    0.74%  Romeo_1_12SP1@Romeo_1_12.romeo
   0.02%    0.57%  romeoSP0@romeo_entrance.romeo
   0.01%    0.40%  romeoSP2@romeo_entrance.romeo
################### end of scrap distortions ###################
