therion 5.3.16
initialization file: C:\Program Files\Therion/therion.ini
reading ... done
configuration file: thconfig
reading ... done
reading source files ... done
preprocessing database ... done
scanning centreline tree ... done
searching for centerline loops ... done
calculating station coordinates ... done
processing survey data ... 
####################### cavern log file ########################
 1> Survex 1.2.17
 2> Copyright ¸ 1990-2015 Olly Betts
 3> Survey has no fixed points. Therefore I've fixed 1 at (0,0,0)
 4> 
 5> Survey contains 293 survey stations, joined by 292 legs.
 6> There is 1 loop.
 7> Survey has 2 connected components.
 8> Total length of survey legs =  933.31m ( 933.31m adjusted)
 9> Total plan length of survey legs =  797.92m
10> Total vertical length of survey legs =  291.96m
11> Vertical range = 21.32m (from 20 at 3.46m to 245 at -17.86m)
12> North-South range = 78.97m (from 5 at 0.68m to 243 at -78.30m)
13> East-West range = 41.21m (from 71 at 5.38m to 279 at -35.83m)
14>  255 1-nodes.
15>    4 2-nodes.
16>    1 5-node.
17>   10 6-nodes.
18>    5 7-nodes.
19>    2 8-nodes.
20>    3 9-nodes.
21>    2 10-nodes.
22>    2 11-nodes.
23>    1 12-node.
24>    3 13-nodes.
25>    3 15-nodes.
26>    1 18-node.
27>    1 22-node.
28> 
######################### transcription ########################
 3> 1 : 1.0@ND2
 5> 293 : -@ND2 -- 292 : -@ND2
 6> 1 : 1.0@ND2
 7> 2 : -@ND2
11> 20 : -@ND2 -- 245 : 1.29@ND2
12> 5 : -@ND2 -- 243 : -@ND2
13> 71 : -@ND2 -- 279 : 19.6@ND2
14> 255 : -@ND2
15> 4 : -@ND2
16> 1 : 1.0@ND2
17> 10 : -@ND2
18> 5 : -@ND2
19> 2 : -@ND2
20> 3 : -@ND2
21> 2 : -@ND2
22> 2 : -@ND2
23> 1 : 1.0@ND2
24> 3 : -@ND2
25> 3 : -@ND2
26> 1 : 1.0@ND2
27> 1 : 1.0@ND2
#################### end of cavern log file ####################
done
calculating basic statistics ... done
processing extended elevation ... done
processing references ... done
selecting export objects ... done
writing ND2th.3d ... done
writing xtherion file ... done
compilation time: 0 sec
