therion 5.3.16
initialization file: C:\Program Files (x86)\Therion/therion.ini
reading ... done
configuration file: thconfig
reading ... done
reading source files ... done
preprocessing database ... done
scanning centreline tree ... done
searching for centerline loops ... done
calculating station coordinates ... done
processing survey data ... 
####################### cavern log file ########################
 1> Survex 1.2.12
 2> Copyright ¸ 1990-2014 Olly Betts
 3> Survey has no fixed points. Therefore I've fixed 1 at (0,0,0)
 4> 
 5> Survey contains 513 survey stations, joined by 512 shots.
 6> There are 0 loops.
 7> Total length of survey shots = 2188.81m (2188.81m adjusted)
 8> Total plan length of survey shots = 2012.14m
 9> Total vertical length of survey shots =  462.58m
10> Vertical range = 11.90m (from 247 at 8.59m to 258 at -3.32m)
11> North-South range = 221.93m (from 257 at 214.07m to 20 at -7.86m)
12> East-West range = 134.77m (from 255 at 134.77m to 1 at 0.00m)
13>  433 1-nodes.
14>    4 2-nodes.
15>    1 3-node.
16>    4 4-nodes.
17>    2 5-nodes.
18>   21 6-nodes.
19>   10 7-nodes.
20>   13 8-nodes.
21>   13 9-nodes.
22>    3 10-nodes.
23>    5 11-nodes.
24>    1 12-node.
25>    2 13-nodes.
26>    1 14-node.
27> 
######################### transcription ########################
 3> 1 : 28.14@odessa-up-loop
 5> 513 : -@odessa-up-loop -- 512 : -@odessa-up-loop
10> 247 : -@odessa-up-loop -- 258 : -@odessa-up-loop
11> 257 : -@odessa-up-loop -- 20 : -@odessa-up-loop
12> 255 : -@odessa-up-loop -- 1 : 28.14@odessa-up-loop
13> 433 : -@odessa-up-loop
14> 4 : -@odessa-up-loop
15> 1 : 28.14@odessa-up-loop
16> 4 : -@odessa-up-loop
17> 2 : 28.15@odessa-up-loop
18> 21 : -@odessa-up-loop
19> 10 : -@odessa-up-loop
20> 13 : -@odessa-up-loop
21> 13 : -@odessa-up-loop
22> 3 : -@odessa-up-loop
23> 5 : -@odessa-up-loop
24> 1 : 28.14@odessa-up-loop
25> 2 : 28.15@odessa-up-loop
26> 1 : 28.14@odessa-up-loop
#################### end of cavern log file ####################
done
calculating basic statistics ... done
processing extended elevation ... done
processing references ... done
selecting export objects ... done
processing projection plan ... done
average distortion: 0.01%
writing odessa-up-loop.pdf ...
####################### metapost log file ########################
This is MetaPost, version 1.209 (kpathsea version 5.1.0) (mem=mpost 2010.01.31)  1 MAY 2016 18:04
**data.mp
(./data.mp [4001] [4002] [4003] [4004] [4005] [4006] [4007] [4008] [4009] [4010
] [4011] [4012]
[1] [2] [3] [4] [5] [6] [7] [8] (./mptextmp.mp) [9] )
 
Here is how much of MetaPost's memory you used:
 1112 strings out of 1162
 13172 string characters out of 20720
 446804 words of memory out of 1500000
 1369 symbolic tokens out of 16384
 11i,75n,16p,197b,5f stack positions out of 300i,84n,5000p,200b,15f
 86 string compactions (moved 927412 characters, 73600 strings)
21 output files written: data.1 .. data.4012

#################### end of metapost log file ####################
converting scraps ... done
making map ... done
######################## pdftex log file #########################
This is pdfTeX, Version 3.1415926-1.40.10 (Web2C 2009) (format=pdftex 2010.1.2)  1 MAY 2016 18:04
entering extended mode
**data.tex
(./data.tex (./th_enc.tex) (./th_texts.tex) (./th_resources.tex
(c:/Program Files (x86)/Therion/texmf/tex/glyphtounicode.tex))
(./th_fontdef.tex{c:/Program Files (x86)/Therion/texmf/fonts/pdftex.map})
(./th_formdef.tex) (./th_pagedef.tex) (./th_pages.tex)
 58 numeric registers used out of 32768
 [1] ) 
Here is how much of TeX's memory you used:
 255 strings out of 95617
 2593 string characters out of 1171098
 925382 words of memory out of 2347360
 1668 multiletter control sequences out of 15000+50000
 20080 words of font info for 63 fonts, out of 1000000 for 2000
 849 hyphenation exceptions out of 1000
 9i,5n,8p,238b,58s stack positions out of 5000i,500n,10000p,200000b,50000s
<c:/Program Files (x86)/Therion/texmf/fonts/type1/cmss10.pfb><c:/Program 
Files (x86)/Therion/texmf/fonts/type1/cmssi10.pfb>
Output written on data.pdf (1 page, 375865 bytes).
PDF statistics:
 52 PDF objects out of 1000 (max. 8388607)
 0 named destinations out of 1000 (max. 500000)
 115 words of extra memory for PDF output out of 10000 (max. 10000000)


##################### end of pdftex log file #####################
done
writing odessa-up-loop.3d ... done
writing xtherion file ... done
compilation time: 5 sec


###################### scrap distortions #######################
 PROJECTION: plan
 AVERAGE  MAXIMAL  SCRAP
   0.01%    0.53%  odessa-up-loopSP1@odessa-up-loop
   0.00%    0.00%  odessa-up-loopSP2@odessa-up-loop
################### end of scrap distortions ###################
