therion 5.3.16 (beta Vladimir)
initialization file: C:\Program Files (x86)\Therion/therion.ini
reading ... done
configuration file: thconfig
reading ... done
reading source files ... done
preprocessing database ... done
scanning centreline tree ... done
searching for centerline loops ... done
calculating station coordinates ... done
processing survey data ... 
####################### cavern log file ########################
 1> Survex 1.2.30
 2> Copyright ¸ 1990-2016 Olly Betts
 3> Survey has no control points. Therefore I've fixed 1 at (0,0,0)
 4> 
 5> Survey contains 79 survey stations, joined by 78 shots.
 6> There are 0 loops.
 7> Total length of survey shots =  163.23m ( 163.23m adjusted)
 8> Total plan length of survey shots =  153.54m
 9> Total vertical length of survey shots =   18.32m
10> Vertical range = 1.79m (from 68 at 1.30m to 22 at -0.50m)
11> North-South range = 61.60m (from 75 at 55.94m to 5 at -5.65m)
12> East-West range = 58.47m (from 57 at 58.47m to 2 at 0.00m)
13>   64 1-nodes.
14>    1 2-node.
15>   12 6-nodes.
16>    1 8-node.
17>    1 10-node.
18> 
######################### transcription ########################
 3> 1 : 20.49@odessa-up-side-2
 5> 79 : -@odessa-up-side-2 -- 78 : -@odessa-up-side-2
10> 68 : -@odessa-up-side-2 -- 22 : -@odessa-up-side-2
11> 75 : -@odessa-up-side-2 -- 5 : -@odessa-up-side-2
12> 57 : -@odessa-up-side-2 -- 2 : 27.0@odessa-up-side-2
13> 64 : -@odessa-up-side-2
14> 1 : 20.49@odessa-up-side-2
15> 12 : -@odessa-up-side-2
16> 1 : 20.49@odessa-up-side-2
17> 1 : 20.49@odessa-up-side-2
#################### end of cavern log file ####################
done
calculating basic statistics ... done
processing extended elevation ... done
processing references ... done
selecting export objects ... done
processing projection plan ... done
average distortion: 0.02%
writing _output/odessa-up-side-2.pdf ...
processing projection none ... done
####################### metapost log file ########################
This is MetaPost, version 1.209 (kpathsea version 5.1.0) (mem=mpost 2010.01.31)  7 MAR 2017 17:19
**data.mp
(./data.mp [4001] [4002] [4003] [4004] [4005] [4006] [4007] [4008] [4009] [4010
] [4011] [4012]
[1] [2] [3] [4] [5] [6] [7] [8] (./mptextmp.mp) [9] )
 
Here is how much of MetaPost's memory you used:
 1340 strings out of 1638
 16253 string characters out of 26823
 62198 words of memory out of 1500000
 1513 symbolic tokens out of 16384
 11i,75n,16p,197b,5f stack positions out of 300i,84n,5000p,200b,15f
 39 string compactions (moved 462994 characters, 37524 strings)
21 output files written: data.1 .. data.4012

#################### end of metapost log file ####################
converting scraps ... done
making map ... done
######################## pdftex log file #########################
This is pdfTeX, Version 3.1415926-1.40.10 (Web2C 2009) (format=pdftex 2010.1.2)  7 MAR 2017 17:19
entering extended mode
**data.tex
(./data.tex (./th_enc.tex) (./th_texts.tex) (./th_resources.tex
(c:/Program Files (x86)/Therion/texmf/tex/glyphtounicode.tex))
(./th_fontdef.tex{c:/Program Files (x86)/Therion/texmf/fonts/pdftex.map})
(./th_formdef.tex) (./th_pagedef.tex) (./th_pages.tex)
 59 numeric registers used out of 32768
 [1] ) 
Here is how much of TeX's memory you used:
 256 strings out of 95617
 2597 string characters out of 1171098
 23625 words of memory out of 1510603
 1669 multiletter control sequences out of 15000+50000
 20080 words of font info for 63 fonts, out of 1000000 for 2000
 849 hyphenation exceptions out of 1000
 9i,5n,8p,238b,58s stack positions out of 5000i,500n,10000p,200000b,50000s
<c:/Program Files (x86)/Therion/texmf/fonts/type1/cmss10.pfb><c:/Program 
Files (x86)/Therion/texmf/fonts/type1/cmssi10.pfb>
Output written on data.pdf (1 page, 32650 bytes).
PDF statistics:
 51 PDF objects out of 1000 (max. 8388607)
 0 named destinations out of 1000 (max. 500000)
 113 words of extra memory for PDF output out of 10000 (max. 10000000)


##################### end of pdftex log file #####################
done
writing _output/odessa-up-side-2th.3d ... done
writing _output/odessa-up-side-2.lox .... done
writing xtherion file ... done
compilation time: 1 sec


###################### scrap distortions #######################
 PROJECTION: plan
 AVERAGE  MAXIMAL  SCRAP
   0.02%    0.18%  odessa-up-side-2SP1@odessa-up-side-2
################### end of scrap distortions ###################
