therion 5.3.16
initialization file: C:\Program Files\Therion/therion.ini
reading ... done
configuration file: thconfig
reading ... done
reading source files ... done
preprocessing database ... done
scanning centreline tree ... done
searching for centerline loops ... done
calculating station coordinates ... done
processing survey data ... 
####################### cavern log file ########################
 1> Survex 1.2.17
 2> Copyright ¸ 1990-2015 Olly Betts
 3> Survey has no fixed points. Therefore I've fixed 1 at (0,0,0)
 4> 
 5> Survey contains 99 survey stations, joined by 98 legs.
 6> There is 1 loop.
 7> Survey has 2 connected components.
 8> Total length of survey legs =  227.14m ( 227.14m adjusted)
 9> Total plan length of survey legs =  199.00m
10> Total vertical length of survey legs =   62.46m
11> Vertical range = 9.42m (from 88 at 1.84m to 62 at -7.58m)
12> North-South range = 21.44m (from 89 at 9.30m to 33 at -12.14m)
13> East-West range = 13.84m (from 32 at 10.00m to 59 at -3.84m)
14>   87 1-nodes.
15>    3 6-nodes.
16>    1 7-node.
17>    3 8-nodes.
18>    1 9-node.
19>    1 10-node.
20>    1 11-node.
21>    1 14-node.
22>    1 16-node.
23> 
######################### transcription ########################
 3> 1 : 1.0@tumbali-day1-c2
 5> 99 : -@tumbali-day1-c2 -- 98 : -@tumbali-day1-c2
 6> 1 : 1.0@tumbali-day1-c2
 7> 2 : -@tumbali-day1-c2
11> 88 : -@tumbali-day1-c2 -- 62 : -@tumbali-day1-c2
12> 89 : -@tumbali-day1-c2 -- 33 : -@tumbali-day1-c2
13> 32 : -@tumbali-day1-c2 -- 59 : -@tumbali-day1-c2
14> 87 : -@tumbali-day1-c2
15> 3 : -@tumbali-day1-c2
16> 1 : 1.0@tumbali-day1-c2
17> 3 : -@tumbali-day1-c2
18> 1 : 1.0@tumbali-day1-c2
19> 1 : 1.0@tumbali-day1-c2
20> 1 : 1.0@tumbali-day1-c2
21> 1 : 1.0@tumbali-day1-c2
22> 1 : 1.0@tumbali-day1-c2
#################### end of cavern log file ####################
done
calculating basic statistics ... done
processing extended elevation ... done
processing references ... done
selecting export objects ... done
writing tumbali-day1-c2th.3d ... done
writing xtherion file ... done
compilation time: 0 sec
