therion 5.4.0 (2017-04-03)
initialization file: C:\Program Files\Therion/therion.ini
reading ... done
configuration file: thconfig
reading ... done
reading source files ... done
preprocessing database ... done
output coordinate system: UTM51
meridian convergence (deg): 0.3019
geomag declinations (deg):
  2005.1.1  -2.0249
  2006.1.1  -2.0710
  2007.1.1  -2.1171
  2008.1.1  -2.1632
  2009.1.1  -2.2094
  2010.1.1  -2.2556
  2011.1.1  -2.3360
  2012.1.1  -2.4163
  2013.1.1  -2.4967
  2014.1.1  -2.5771
  2015.1.1  -2.6575
  2016.1.1  -2.7468
scanning centreline tree ... done
searching for centerline loops ... done
calculating station coordinates ... done
processing survey data ... 
####################### cavern log file ########################
 1> Survex 1.2.17
 2> Copyright ¸ 1990-2015 Olly Betts
 3> 
 4> Survey contains 3172 survey stations, joined by 3171 legs.
 5> There is 1 loop.
 6> Survey has 2 connected components.
 7> Total length of survey legs = 18384.19m (18384.18m adjusted)
 8> Total plan length of survey legs = 16428.27m
 9> Total vertical length of survey legs = 4603.91m
10> Vertical range = 178.27m (from 111 at 472.21m to 2742 at 293.94m)
11> North-South range = 645.19m (from 794 at 1993483.62m to 3169 at 1992838.43m)
12> East-West range = 988.67m (from 111 at 396746.11m to 2732 at 395757.44m)
13> 2848 1-nodes.
14>   20 2-nodes.
15>    9 3-nodes.
16>   12 4-nodes.
17>   14 5-nodes.
18>   23 6-nodes.
19>   14 7-nodes.
20>   31 8-nodes.
21>   26 9-nodes.
22>   25 10-nodes.
23>   31 11-nodes.
24>   19 12-nodes.
25>   15 13-nodes.
26>   19 14-nodes.
27>   10 15-nodes.
28>   12 16-nodes.
29>    6 17-nodes.
30>    7 18-nodes.
31>    5 19-nodes.
32>    3 20-nodes.
33>    4 21-nodes.
34>    4 22-nodes.
35>    2 23-nodes.
36>    2 24-nodes.
37>    3 25-nodes.
38>    1 26-node.
39>    2 27-nodes.
40>    1 29-node.
41>    2 32-nodes.
42>    1 34-node.
43>    1 38-node.
44> 
######################### transcription ########################
 4> 3172 : -@whitelightning12.white_lightning -- 3171 : -@whitelightning12.white_lightning
 5> 1 : 1.0@white_lightning_data.white_lightning
 6> 2 : -@white_lightning_data.white_lightning
10> 111 : -@white_lightning_data.white_lightning -- 2742 : -@whitelightning8.white_lightning
11> 794 : -@whitelightning3.white_lightning -- 3169 : -@whitelightning12.white_lightning
12> 111 : -@white_lightning_data.white_lightning -- 2732 : -@whitelightning8.white_lightning
13> 2848 : -@whitelightning10.white_lightning
14> 20 : -@white_lightning_data.white_lightning
15> 9 : -@white_lightning_data.white_lightning
16> 12 : -@white_lightning_data.white_lightning
17> 14 : 1.2@white_lightning_data.white_lightning
18> 23 : -@white_lightning_data.white_lightning
19> 14 : 1.2@white_lightning_data.white_lightning
20> 31 : -@white_lightning_data.white_lightning
21> 26 : -@white_lightning_data.white_lightning
22> 25 : -@white_lightning_data.white_lightning
23> 31 : -@white_lightning_data.white_lightning
24> 19 : 1.3@white_lightning_data.white_lightning
25> 15 : -@white_lightning_data.white_lightning
26> 19 : 1.3@white_lightning_data.white_lightning
27> 10 : -@white_lightning_data.white_lightning
28> 12 : -@white_lightning_data.white_lightning
29> 6 : -@white_lightning_data.white_lightning
30> 7 : 1.1@white_lightning_data.white_lightning
31> 5 : -@white_lightning_data.white_lightning
32> 3 : -@white_lightning_data.white_lightning
33> 4 : -@white_lightning_data.white_lightning
34> 4 : -@white_lightning_data.white_lightning
35> 2 : -@white_lightning_data.white_lightning
36> 2 : -@white_lightning_data.white_lightning
37> 3 : -@white_lightning_data.white_lightning
38> 1 : 1.0@white_lightning_data.white_lightning
39> 2 : -@white_lightning_data.white_lightning
40> 1 : 1.0@white_lightning_data.white_lightning
41> 2 : -@white_lightning_data.white_lightning
42> 1 : 1.0@white_lightning_data.white_lightning
43> 1 : 1.0@white_lightning_data.white_lightning
#################### end of cavern log file ####################
done
calculating basic statistics ... done
processing extended elevation ... done
processing references ... done
selecting export objects ... done
writing ./_output/whitelightning_minty_model.3d ... done
processing projection plan ... done
average distortion: 0.02%
writing ./_output/whitelightning_minty.pdf ...
####################### metapost log file ########################
This is MetaPost, version 1.209 (kpathsea version 5.1.0) (mem=mpost 2010.01.31)  26 APR 2017 21:54
**data.mp
(./data.mp [4001] [4002] [4003] [4004] [4005] [4006] [4007] [4008] [4009] [4010
] [4011] [4012] [4013]
[4014] [1] [2] [3] [4] [5] [6] [7] [8] [9] [10] [11] [12] [13] [14] [15] [16]
[17] [18] [19] [20] [21] [22] [23] [24] [25] [26] [27] [28] [29]
[Warning: scrap outline intersects itself in scrap wlSP3@white_lightning_data.w
hite_lightning] [30] [31] [32] [33] [34] [35] [36] [37] [38] [39] [40] [41]
[42] [43] [44] [45] (./mptextmp.mp) (./mptextmp.mp) (./mptextmp.mp)
(./mptextmp.mp) (./mptextmp.mp) (./mptextmp.mp) (./mptextmp.mp) [46] [47] [48]
[49] [50] [51] [52] [53] [54] [55] )
 
Here is how much of MetaPost's memory you used:
 1403 strings out of 1638
 16561 string characters out of 26823
 83372 words of memory out of 1500000
 1539 symbolic tokens out of 16384
 11i,75n,16p,267b,5f stack positions out of 300i,84n,5000p,312b,15f
 164 string compactions (moved 2476174 characters, 204600 strings)
69 output files written: data.1 .. data.4014

#################### end of metapost log file ####################
converting scraps ... done
making map ... done
######################## pdftex log file #########################
This is pdfTeX, Version 3.1415926-1.40.10 (Web2C 2009) (format=pdftex 2010.1.2)  26 APR 2017 21:54
entering extended mode
**data.tex
(./data.tex (./th_enc.tex) (./th_texts.tex) (./th_resources.tex
(c:/Program Files/Therion/texmf/tex/glyphtounicode.tex)) (./th_fontdef.tex{c:/P
rogram Files/Therion/texmf/fonts/pdftex.map})
(./th_formdef.tex) (./th_pagedef.tex (./th_legendcolor.tex) (./th_legend.tex) <
c:/Users/dell/Documents/GitHub/SpeleoPhilippines/images/Logo_BEC_400.png> <c:/U
sers/dell/Documents/GitHub/SpeleoPhilippines/images/Logo_SMOC_400.png>)
(./th_pages.tex)
 132 numeric registers used out of 32768
 [1] ) 
Here is how much of TeX's memory you used:
 335 strings out of 95617
 3344 string characters out of 1171098
 171734 words of memory out of 1589712
 1742 multiletter control sequences out of 15000+50000
 21229 words of font info for 66 fonts, out of 1000000 for 2000
 849 hyphenation exceptions out of 1000
 13i,5n,8p,1402b,80s stack positions out of 5000i,500n,10000p,200000b,50000s
<c:/Program Files/Therion/texmf/fonts/type1/cmss10.pfb><c:/Program Files/
Therion/texmf/fonts/type1/cmssi10.pfb>
Output written on data.pdf (1 page, 291021 bytes).
PDF statistics:
 252 PDF objects out of 1000 (max. 8388607)
 0 named destinations out of 1000 (max. 500000)
 723 words of extra memory for PDF output out of 10000 (max. 10000000)


##################### end of pdftex log file #####################
done
writing ./_output/whitelightning_minty.3d ... done
writing xtherion file ... done
compilation time: 7 sec


###################### scrap distortions #######################
 PROJECTION: plan
 AVERAGE  MAXIMAL  SCRAP
   0.04%    1.66%  wl3SP1@whitelightning3.white_lightning
   0.02%    0.84%  whitelightning2aSP1@whitelightning2a.white_lightning
   0.04%    0.59%  wlSP2@white_lightning_data.white_lightning
   0.01%    0.48%  whitelightning5SP1@whitelightning5.white_lightning
   0.05%    0.34%  wl3SP2@whitelightning3.white_lightning
   0.05%    0.32%  whitelightning4SP1@whitelightning4.white_lightning
   0.01%    0.29%  whitelightning12SP1@whitelightning12.white_lightning
   0.01%    0.26%  whitelightning7SP1@whitelightning7.white_lightning
   0.03%    0.23%  wl3SP4@whitelightning3.white_lightning
   0.01%    0.22%  wlSP1@white_lightning_data.white_lightning
   0.01%    0.22%  whitelightning8SP1@whitelightning8.white_lightning
   0.03%    0.21%  wl3SP5@whitelightning3.white_lightning
   0.00%    0.19%  whitelightning6SP1@whitelightning6.white_lightning
   0.02%    0.16%  wlSP4@white_lightning_data.white_lightning
   0.02%    0.15%  whitelightning10SP1@whitelightning10.white_lightning
   0.01%    0.12%  whitelightning11SP1@whitelightning11.white_lightning
   0.01%    0.08%  wlSP3@white_lightning_data.white_lightning
   0.01%    0.05%  whitelightning9SP1@whitelightning9.white_lightning
   0.00%    0.00%  scrap28@whitelightning2a.white_lightning
   0.00%    0.00%  wl3SP3@whitelightning3.white_lightning
################### end of scrap distortions ###################
