therion 5.3.16 (beta Vladimir)
initialization file: C:\Program Files (x86)\Therion/therion.ini
reading ... done
configuration file: thconfig
reading ... done
reading source files ... done
preprocessing database ... done
output coordinate system: UTM51
meridian convergence (deg): 0.3109
geomag declinations (deg):
  2014.1.1  -2.5755
  2015.1.1  -2.6558
scanning centreline tree ... done
searching for centerline loops ... done
calculating station coordinates ... done
processing survey data ... 
####################### cavern log file ########################
 1> Survex 1.2.30
 2> Copyright ¸ 1990-2016 Olly Betts
 3> 
 4> Survey contains 295 survey stations, joined by 294 shots.
 5> There is 1 loop.
 6> Survey has 2 connected components.
 7> Total length of survey shots = 1453.27m (1453.27m adjusted)
 8> Total plan length of survey shots = 1410.03m
 9> Total vertical length of survey shots =  135.68m
10> Vertical range = 15.14m (from 91 at 208.78m to 238 at 193.64m)
11> North-South range = 73.16m (from 101 at 1993507.78m to 240 at 1993434.63m)
12> East-West range = 53.71m (from 92 at 393700.20m to 244 at 393646.49m)
13>  248 1-nodes.
14>   10 2-nodes.
15>    1 3-node.
16>    5 4-nodes.
17>    5 5-nodes.
18>    5 6-nodes.
19>    3 7-nodes.
20>    3 8-nodes.
21>    6 9-nodes.
22>    3 11-nodes.
23>    2 12-nodes.
24>    1 13-node.
25>    1 18-node.
26>    1 19-node.
27>    1 36-node.
28> 
######################### transcription ########################
 4> 295 : -@ovimph -- 294 : -@ovimph
 5> 1 : 1.0@ovimph
 6> 2 : -@ovimph
10> 91 : -@ovimph -- 238 : 10.2@ovimph
11> 101 : -@ovimph -- 240 : -@ovimph
12> 92 : -@ovimph -- 244 : -@ovimph
13> 248 : -@ovimph
14> 10 : -@ovimph
15> 1 : 1.0@ovimph
16> 5 : -@ovimph
17> 5 : -@ovimph
18> 5 : -@ovimph
19> 3 : -@ovimph
20> 3 : -@ovimph
21> 6 : 1.1@ovimph
22> 3 : -@ovimph
23> 2 : -@ovimph
24> 1 : 1.0@ovimph
25> 1 : 1.0@ovimph
26> 1 : 1.0@ovimph
27> 1 : 1.0@ovimph
#################### end of cavern log file ####################
done
calculating basic statistics ... done
processing extended elevation ... done
processing references ... done
selecting export objects ... done
processing projection plan ... done
average distortion: 0.03%
writing .\output\ovimph.pdf ...
####################### metapost log file ########################
This is MetaPost, version 1.209 (kpathsea version 5.1.0) (mem=mpost 2010.01.31)  4 APR 2017 19:19
**data.mp
(./data.mp [4001] [4002] [4003] [4004] [4005] [4006] [4007] [4008] [4009] [4010
] [4011] [4012]
[1]
[Warning: scrap outline intersects itself in scrap ovimphSP1@ovimph] [2] [3]
[4] [5] (./mptextmp.mp) (./mptextmp.mp) (./mptextmp.mp) (./mptextmp.mp)
(./mptextmp.mp) (./mptextmp.mp) (./mptextmp.mp) [6] [7] [8] [9] [10] [11] [12]
[13] )
 
Here is how much of MetaPost's memory you used:
 1371 strings out of 1638
 16366 string characters out of 26823
 62197 words of memory out of 1500000
 1513 symbolic tokens out of 16384
 10i,75n,13p,253b,5f stack positions out of 300i,84n,5000p,312b,15f
 56 string compactions (moved 729985 characters, 59151 strings)
25 output files written: data.1 .. data.4012

#################### end of metapost log file ####################
converting scraps ... done
making map ... done
######################## pdftex log file #########################
This is pdfTeX, Version 3.1415926-1.40.10 (Web2C 2009) (format=pdftex 2010.1.2)  4 APR 2017 19:19
entering extended mode
**data.tex
(./data.tex (./th_enc.tex) (./th_texts.tex) (./th_resources.tex
(c:/Program Files (x86)/Therion/texmf/tex/glyphtounicode.tex))
(./th_fontdef.tex{c:/Program Files (x86)/Therion/texmf/fonts/pdftex.map})
(./th_formdef.tex) (./th_pagedef.tex (./th_legend.tex)) (./th_pages.tex)
 61 numeric registers used out of 32768

[1] ) 
Here is how much of TeX's memory you used:
 261 strings out of 95617
 2636 string characters out of 1171098
 38535 words of memory out of 1524513
 1671 multiletter control sequences out of 15000+50000
 21229 words of font info for 66 fonts, out of 1000000 for 2000
 849 hyphenation exceptions out of 1000
 10i,5n,7p,260b,86s stack positions out of 5000i,500n,10000p,200000b,50000s
<c:/Program Files (x86)/Therion/texmf/fonts/type1/cmss10.pfb><c:/Program F
iles (x86)/Therion/texmf/fonts/type1/cmssi10.pfb>
Output written on data.pdf (1 page, 55478 bytes).
PDF statistics:
 56 PDF objects out of 1000 (max. 8388607)
 0 named destinations out of 1000 (max. 500000)
 127 words of extra memory for PDF output out of 10000 (max. 10000000)


##################### end of pdftex log file #####################
done
writing .\output\ovimph.kml ... done
writing .\output\ovimph-map.kml ... done
writing .\output\ovimphth.3d ... done
writing xtherion file ... done
compilation time: 2 sec


###################### scrap distortions #######################
 PROJECTION: plan
 AVERAGE  MAXIMAL  SCRAP
   0.03%    1.17%  ovimphSP1@ovimph
################### end of scrap distortions ###################
