therion 5.3.16 (beta Vladimir)
initialization file: C:\Program Files (x86)\Therion/therion.ini
reading ... done
configuration file: thconfig
reading ... done
reading source files ... done
preprocessing database ... done
output coordinate system: UTM51
meridian convergence (deg): 0.3570
geomag declinations (deg):
  2016.1.1  -2.6814
  2017.1.1  -2.7707
scanning centreline tree ... done
searching for centerline loops ... done
calculating station coordinates ... done
processing survey data ... 
####################### cavern log file ########################
 1> Survex 1.2.30
 2> Copyright ¸ 1990-2016 Olly Betts
 3> 
 4> Survey contains 357 survey stations, joined by 356 shots.
 5> There is 1 loop.
 6> Survey has 2 connected components.
 7> Total length of survey shots = 1630.45m (1630.45m adjusted)
 8> Total plan length of survey shots = 1361.72m
 9> Total vertical length of survey shots =  448.35m
10> Vertical range = 33.88m (from 4 at 164.13m to 351 at 130.25m)
11> North-South range = 123.39m (from 270 at 1966417.00m to 25 at 1966293.61m)
12> East-West range = 143.65m (from 341 at 376168.79m to 270 at 376025.14m)
13>  322 1-nodes.
14>    3 2-nodes.
15>    1 4-node.
16>    3 5-nodes.
17>    4 6-nodes.
18>    2 7-nodes.
19>    2 8-nodes.
20>    3 9-nodes.
21>    1 10-node.
22>    1 11-node.
23>    2 12-nodes.
24>    1 13-node.
25>    2 14-nodes.
26>    2 15-nodes.
27>    1 16-node.
28>    1 17-node.
29>    1 18-node.
30>    1 19-node.
31>    2 21-nodes.
32>    1 26-node.
33>    1 30-node.
34> 
######################### transcription ########################
 4> 357 : -@martha -- 356 : -@martha
 5> 1 : 1.0@martha
 6> 2 : -@martha
10> 4 : -@martha -- 351 : -@martha
11> 270 : 5.17@martha -- 25 : -@martha
12> 341 : 6.6@martha -- 270 : 5.17@martha
13> 322 : -@martha
14> 3 : -@martha
15> 1 : 1.0@martha
16> 3 : -@martha
17> 4 : -@martha
18> 2 : -@martha
19> 2 : -@martha
20> 3 : -@martha
21> 1 : 1.0@martha
22> 1 : 1.0@martha
23> 2 : -@martha
24> 1 : 1.0@martha
25> 2 : -@martha
26> 2 : -@martha
27> 1 : 1.0@martha
28> 1 : 1.0@martha
29> 1 : 1.0@martha
30> 1 : 1.0@martha
31> 2 : -@martha
32> 1 : 1.0@martha
33> 1 : 1.0@martha
#################### end of cavern log file ####################
done
calculating basic statistics ... done
processing extended elevation ... done
processing references ... done
selecting export objects ... done
processing projection plan ... done
average distortion: 0.02%
writing _output\martha.pdf ...
####################### metapost log file ########################
This is MetaPost, version 1.209 (kpathsea version 5.1.0) (mem=mpost 2010.01.31)  20 MAR 2017 13:05
**data.mp
(./data.mp [4001] [4002] [4003] [4004] [4005] [4006] [4007] [4008] [4009] [4010
] [4011] [4012]
[1] [2] [3] [4] [5] (./mptextmp.mp) [6] )
 
Here is how much of MetaPost's memory you used:
 1114 strings out of 1162
 13374 string characters out of 20720
 61364 words of memory out of 1500000
 1371 symbolic tokens out of 16384
 8i,75n,16p,265b,5f stack positions out of 300i,84n,5000p,312b,15f
 78 string compactions (moved 938505 characters, 76263 strings)
18 output files written: data.1 .. data.4012

#################### end of metapost log file ####################
converting scraps ... done
making map ... done
######################## pdftex log file #########################
This is pdfTeX, Version 3.1415926-1.40.10 (Web2C 2009) (format=pdftex 2010.1.2)  20 MAR 2017 13:05
entering extended mode
**data.tex
(./data.tex (./th_enc.tex) (./th_texts.tex) (./th_resources.tex
(c:/Program Files (x86)/Therion/texmf/tex/glyphtounicode.tex))
(./th_fontdef.tex{c:/Program Files (x86)/Therion/texmf/fonts/pdftex.map})
(./th_formdef.tex) (./th_pagedef.tex) (./th_pages.tex)
 55 numeric registers used out of 32768
 [1] ) 
Here is how much of TeX's memory you used:
 252 strings out of 95617
 2554 string characters out of 1171098
 74275 words of memory out of 1556253
 1665 multiletter control sequences out of 15000+50000
 20080 words of font info for 63 fonts, out of 1000000 for 2000
 849 hyphenation exceptions out of 1000
 9i,5n,8p,238b,58s stack positions out of 5000i,500n,10000p,200000b,50000s
<c:/Program Files (x86)/Therion/texmf/fonts/type1/cmss10.pfb><c:/Program 
Files (x86)/Therion/texmf/fonts/type1/cmssi10.pfb>
Output written on data.pdf (1 page, 51573 bytes).
PDF statistics:
 43 PDF objects out of 1000 (max. 8388607)
 0 named destinations out of 1000 (max. 500000)
 89 words of extra memory for PDF output out of 10000 (max. 10000000)


##################### end of pdftex log file #####################
done
writing _output\marthath.3d ... done
writing _output\martha.lox ..... done
writing xtherion file ... done
compilation time: 5 sec


###################### scrap distortions #######################
 PROJECTION: plan
 AVERAGE  MAXIMAL  SCRAP
   0.05%    0.68%  marthaEntrance@martha
   0.01%    0.26%  marthaStreamway@martha
################### end of scrap distortions ###################
