therion 5.3.16
initialization file: C:\Program Files (x86)\Therion/therion.ini
reading ... done
configuration file: thconfig
reading ... done
reading source files ... done
preprocessing database ... done
scanning centreline tree ... done
searching for centerline loops ... done
calculating station coordinates ... done
processing survey data ... 
####################### cavern log file ########################
 1> Survex 1.2.12
 2> Copyright ¸ 1990-2014 Olly Betts
 3> Survey has no fixed points. Therefore I've fixed 1 at (0,0,0)
 4> 
 5> Survey contains 235 survey stations, joined by 234 shots.
 6> There are 0 loops.
 7> Total length of survey shots = 1159.75m (1159.75m adjusted)
 8> Total plan length of survey shots = 1107.29m
 9> Total vertical length of survey shots =  129.17m
10> Vertical range = 6.50m (from 215 at 4.76m to 10 at -1.74m)
11> North-South range = 145.54m (from 214 at 145.54m to 2 at 0.00m)
12> East-West range = 136.82m (from 234 at 127.44m to 33 at -9.38m)
13>  206 1-nodes.
14>    1 2-node.
15>    1 5-node.
16>    1 6-node.
17>    1 7-node.
18>    5 8-nodes.
19>   14 9-nodes.
20>    3 10-nodes.
21>    1 13-node.
22>    1 14-node.
23>    1 19-node.
24> 
######################### transcription ########################
 3> 1 : 22.22@oxbow-up-20-04
 5> 235 : -@oxbow-up-20-04 -- 234 : -@oxbow-up-20-04
10> 215 : -@oxbow-up-20-04 -- 10 : -@oxbow-up-20-04
11> 214 : -@oxbow-up-20-04 -- 2 : 44.0@oxbow-up-20-04
12> 234 : -@oxbow-up-20-04 -- 33 : -@oxbow-up-20-04
13> 206 : -@oxbow-up-20-04
14> 1 : 22.22@oxbow-up-20-04
15> 1 : 22.22@oxbow-up-20-04
16> 1 : 22.22@oxbow-up-20-04
17> 1 : 22.22@oxbow-up-20-04
18> 5 : -@oxbow-up-20-04
19> 14 : -@oxbow-up-20-04
20> 3 : 44.1@oxbow-up-20-04
21> 1 : 22.22@oxbow-up-20-04
22> 1 : 22.22@oxbow-up-20-04
23> 1 : 22.22@oxbow-up-20-04
#################### end of cavern log file ####################
done
calculating basic statistics ... done
processing extended elevation ... done
processing references ... done
selecting export objects ... done
processing projection plan ... done
average distortion: 0.01%
writing oxbow-up-20-04.pdf ...
####################### metapost log file ########################
This is MetaPost, version 1.209 (kpathsea version 5.1.0) (mem=mpost 2010.01.31)  6 MAY 2016 22:26
**data.mp
(./data.mp [4001] [4002] [4003] [4004] [4005] [4006] [4007] [4008] [4009] [4010
] [4011] [4012]
[1] [2] [3] [4] (./mptextmp.mp) [5] )
 
Here is how much of MetaPost's memory you used:
 1059 strings out of 1162
 13184 string characters out of 20720
 70933 words of memory out of 1500000
 1367 symbolic tokens out of 16384
 11i,75n,14p,197b,4f stack positions out of 300i,84n,5000p,200b,15f
 50 string compactions (moved 463507 characters, 37108 strings)
17 output files written: data.1 .. data.4012

#################### end of metapost log file ####################
converting scraps ... done
making map ... done
######################## pdftex log file #########################
This is pdfTeX, Version 3.1415926-1.40.10 (Web2C 2009) (format=pdftex 2010.1.2)  6 MAY 2016 22:26
entering extended mode
**data.tex
(./data.tex (./th_enc.tex) (./th_texts.tex) (./th_resources.tex
(c:/Program Files (x86)/Therion/texmf/tex/glyphtounicode.tex))
(./th_fontdef.tex{c:/Program Files (x86)/Therion/texmf/fonts/pdftex.map})
(./th_formdef.tex) (./th_pagedef.tex) (./th_pages.tex)
 53 numeric registers used out of 32768
 [1] ) 
Here is how much of TeX's memory you used:
 250 strings out of 95617
 2539 string characters out of 1171098
 64512 words of memory out of 1548490
 1663 multiletter control sequences out of 15000+50000
 20080 words of font info for 63 fonts, out of 1000000 for 2000
 849 hyphenation exceptions out of 1000
 9i,5n,8p,238b,58s stack positions out of 5000i,500n,10000p,200000b,50000s
<c:/Program Files (x86)/Therion/texmf/fonts/type1/cmss10.pfb><c:/Program 
Files (x86)/Therion/texmf/fonts/type1/cmssi10.pfb>
Output written on data.pdf (1 page, 54855 bytes).
PDF statistics:
 40 PDF objects out of 1000 (max. 8388607)
 0 named destinations out of 1000 (max. 500000)
 79 words of extra memory for PDF output out of 10000 (max. 10000000)


##################### end of pdftex log file #####################
done
writing oxbow-up-20-04th.3d ... done
writing xtherion file ... done
compilation time: 2 sec


###################### scrap distortions #######################
 PROJECTION: plan
 AVERAGE  MAXIMAL  SCRAP
   0.01%    0.21%  oxbow-up-20-04SP1@oxbow-up-20-04
################### end of scrap distortions ###################
