therion 5.3.16
initialization file: C:\Program Files\Therion/therion.ini
reading ... done
configuration file: C:\Users\Dell\Documents\Philippines\2016\surveying\survey\NOODLE\thconfig
reading ... done
reading source files ... done
preprocessing database ... done
scanning centreline tree ... done
searching for centerline loops ... done
calculating station coordinates ... done
processing survey data ... 
####################### cavern log file ########################
 1> Survex 1.2.17
 2> Copyright ¸ 1990-2015 Olly Betts
 3> Survey has no fixed points. Therefore I've fixed 1 at (0,0,0)
 4> 
 5> Survey contains 152 survey stations, joined by 151 legs.
 6> There is 1 loop.
 7> Survey has 2 connected components.
 8> Total length of survey legs =  538.16m ( 538.16m adjusted)
 9> Total plan length of survey legs =  394.90m
10> Total vertical length of survey legs =  177.04m
11> Vertical range = 123.38m (from 27 at 122.15m to 147 at -1.23m)
12> North-South range = 25.74m (from 3 at 1.26m to 148 at -24.49m)
13> East-West range = 19.15m (from 57 at 4.32m to 97 at -14.83m)
14>  133 1-nodes.
15>    2 2-nodes.
16>    1 3-node.
17>    1 5-node.
18>    3 6-nodes.
19>    2 7-nodes.
20>    1 8-node.
21>    1 9-node.
22>    3 11-nodes.
23>    1 12-node.
24>    1 13-node.
25>    1 15-node.
26>    1 16-node.
27>    1 19-node.
28> 
######################### transcription ########################
 3> 1 : 1.0@NOODLE
 5> 152 : -@NOODLE -- 151 : -@NOODLE
 6> 1 : 1.0@NOODLE
 7> 2 : -@NOODLE
11> 27 : -@NOODLE -- 147 : -@NOODLE
12> 3 : -@NOODLE -- 148 : -@NOODLE
13> 57 : -@NOODLE -- 97 : 1.9@NOODLE
14> 133 : 8.4@NOODLE
15> 2 : -@NOODLE
16> 1 : 1.0@NOODLE
17> 1 : 1.0@NOODLE
18> 3 : -@NOODLE
19> 2 : -@NOODLE
20> 1 : 1.0@NOODLE
21> 1 : 1.0@NOODLE
22> 3 : -@NOODLE
23> 1 : 1.0@NOODLE
24> 1 : 1.0@NOODLE
25> 1 : 1.0@NOODLE
26> 1 : 1.0@NOODLE
27> 1 : 1.0@NOODLE
#################### end of cavern log file ####################
done
calculating basic statistics ... done
processing extended elevation ... done
processing references ... done
selecting export objects ... done
writing NOODLEth.3d ... done
compilation time: 0 sec
