therion 5.3.16 (beta Vladimir)
initialization file: C:\Program Files (x86)\Therion/therion.ini
reading ... done
configuration file: thconfig
reading ... done
reading source files ... done
preprocessing database ... done
output coordinate system: UTM51
meridian convergence (deg): 0.3056
geomag declinations (deg):
  2015.1.1  -2.6558
  2016.1.1  -2.7451
  2017.1.1  -2.8345
scanning centreline tree ... done
searching for centerline loops ... done
calculating station coordinates ... done
processing survey data ... 
####################### cavern log file ########################
 1> Survex 1.2.30
 2> Copyright ¸ 1990-2016 Olly Betts
 3> 
 4> Survey contains 1686 survey stations, joined by 1684 shots.
 5> There are 2 loops.
 6> Survey has 4 connected components.
 7> Total length of survey shots = 29143.85m (29143.85m adjusted)
 8> Total plan length of survey shots = 25561.53m
 9> Total vertical length of survey shots = 7927.54m
10> Vertical range = 161.02m (from 1561 at 410.23m to 928 at 249.20m)
11> North-South range = 801.77m (from 771 at 1993231.34m to 1498 at 1992429.57m)
12> East-West range = 1930.28m (from 1668 at 396760.88m to 930 at 394830.60m)
13> 1484 1-nodes.
14>   13 2-nodes.
15>    2 3-nodes.
16>    5 4-nodes.
17>    9 5-nodes.
18>   19 6-nodes.
19>   24 7-nodes.
20>   29 8-nodes.
21>   20 9-nodes.
22>   21 10-nodes.
23>   18 11-nodes.
24>   12 12-nodes.
25>    5 13-nodes.
26>    6 14-nodes.
27>    2 15-nodes.
28>    4 16-nodes.
29>    1 17-node.
30>    3 18-nodes.
31>    1 19-node.
32>    2 20-nodes.
33>    1 21-node.
34>    1 25-node.
35>    2 30-nodes.
36>    2 31-nodes.
37> 
######################### transcription ########################
 4> 1686 : -@C4HelicopterHole -- 1684 : -@C4HelicopterHole
 5> 2 : -@doline.C4HelicopterHole
 6> 4 : 1.2@doline.C4HelicopterHole
10> 1561 : -@C4HelicopterHole -- 928 : -@C4HelicopterHole
11> 771 : 6.48@C4HelicopterHole -- 1498 : -@C4HelicopterHole
12> 1668 : -@C4HelicopterHole -- 930 : -@C4HelicopterHole
13> 1484 : 1.108@C4HelicopterHole
14> 13 : -@C4HelicopterHole
15> 2 : -@doline.C4HelicopterHole
16> 5 : 1.3@doline.C4HelicopterHole
17> 9 : -@doline.C4HelicopterHole
18> 19 : -@C4HelicopterHole
19> 24 : -@C4HelicopterHole
20> 29 : -@C4HelicopterHole
21> 20 : -@C4HelicopterHole
22> 21 : -@C4HelicopterHole
23> 18 : -@C4HelicopterHole
24> 12 : -@C4HelicopterHole
25> 5 : 1.3@doline.C4HelicopterHole
26> 6 : 1.4@doline.C4HelicopterHole
27> 2 : -@doline.C4HelicopterHole
28> 4 : 1.2@doline.C4HelicopterHole
29> 1 : 1.0@doline.C4HelicopterHole
30> 3 : 1.1@doline.C4HelicopterHole
31> 1 : 1.0@doline.C4HelicopterHole
32> 2 : -@doline.C4HelicopterHole
33> 1 : 1.0@doline.C4HelicopterHole
34> 1 : 1.0@doline.C4HelicopterHole
35> 2 : -@doline.C4HelicopterHole
36> 2 : -@doline.C4HelicopterHole
#################### end of cavern log file ####################
done
calculating basic statistics ... done
processing extended elevation ... done
processing references ... done
selecting export objects ... done
processing projection plan ... done
average distortion: 0.02%
writing .\_output\C4HelicopterHole.pdf ...
####################### metapost log file ########################
This is MetaPost, version 1.209 (kpathsea version 5.1.0) (mem=mpost 2010.01.31)  14 MAR 2017 22:50
**data.mp
(./data.mp [4001] [4002] [4003] [4004] [4005] [4006] [4007] [4008] [4009] [4010
] [4011] [4012]
[1] [2] [3] [4] [5] [6] [7] [8] [9] (./mptextmp.mp) [10] )
 
Here is how much of MetaPost's memory you used:
 1211 strings out of 1638
 14475 string characters out of 26823
 234710 words of memory out of 1500000
 1381 symbolic tokens out of 16384
 11i,75n,16p,410b,5f stack positions out of 300i,84n,5000p,487b,15f
 306 string compactions (moved 4035235 characters, 337474 strings)
22 output files written: data.1 .. data.4012

#################### end of metapost log file ####################
converting scraps ... done
making map ... done
######################## pdftex log file #########################
This is pdfTeX, Version 3.1415926-1.40.10 (Web2C 2009) (format=pdftex 2010.1.2)  14 MAR 2017 22:50
entering extended mode
**data.tex
(./data.tex (./th_enc.tex) (./th_texts.tex) (./th_resources.tex
(c:/Program Files (x86)/Therion/texmf/tex/glyphtounicode.tex))
(./th_fontdef.tex{c:/Program Files (x86)/Therion/texmf/fonts/pdftex.map})
(./th_formdef.tex) (./th_pagedef.tex) (./th_pages.tex)
 60 numeric registers used out of 32768
 [1] ) 
Here is how much of TeX's memory you used:
 257 strings out of 95617
 2607 string characters out of 1171098
 351514 words of memory out of 1795492
 1670 multiletter control sequences out of 15000+50000
 20080 words of font info for 63 fonts, out of 1000000 for 2000
 849 hyphenation exceptions out of 1000
 9i,5n,8p,238b,58s stack positions out of 5000i,500n,10000p,200000b,50000s
<c:/Program Files (x86)/Therion/texmf/fonts/type1/cmss10.pfb><c:/Program 
Files (x86)/Therion/texmf/fonts/type1/cmssi10.pfb>
Output written on data.pdf (1 page, 137844 bytes).
PDF statistics:
 57 PDF objects out of 1000 (max. 8388607)
 0 named destinations out of 1000 (max. 500000)
 131 words of extra memory for PDF output out of 10000 (max. 10000000)


##################### end of pdftex log file #####################
done
processing projection extended ... done
average distortion: 0.81%
writing .\_output\C4HelicopterHoleEe.pdf ...
####################### metapost log file ########################
This is MetaPost, version 1.209 (kpathsea version 5.1.0) (mem=mpost 2010.01.31)  14 MAR 2017 22:50
**data.mp
(./data.mp [4001] [4002] [4003] [4004] [4005] [4006] [4007] [4008] [4009] [4010
] [4011] [4012]
[1]
[Warning: scrap outline intersects itself in scrap C4HelicopterHoleSE2@C4Helico
pterHole] [2] [3] [4] [5] [6] [7] [8] [9] (./mptextmp.mp) [10] )
 
Here is how much of MetaPost's memory you used:
 1579 strings out of 1638
 14372 string characters out of 26823
 122247 words of memory out of 1500000
 1373 symbolic tokens out of 16384
 8i,75n,16p,307b,5f stack positions out of 300i,84n,5000p,312b,15f
 602 string compactions (moved 7944371 characters, 712896 strings)
22 output files written: data.1 .. data.4012

#################### end of metapost log file ####################
converting scraps ... done
making map ... done
######################## pdftex log file #########################
This is pdfTeX, Version 3.1415926-1.40.10 (Web2C 2009) (format=pdftex 2010.1.2)  14 MAR 2017 22:51
entering extended mode
**data.tex
(./data.tex (./th_enc.tex) (./th_texts.tex) (./th_resources.tex
(c:/Program Files (x86)/Therion/texmf/tex/glyphtounicode.tex))
(./th_fontdef.tex{c:/Program Files (x86)/Therion/texmf/fonts/pdftex.map})
(./th_formdef.tex) (./th_pagedef.tex) (./th_pages.tex)
 60 numeric registers used out of 32768
 [1] ) 
Here is how much of TeX's memory you used:
 257 strings out of 95617
 2607 string characters out of 1171098
 267525 words of memory out of 1738503
 1670 multiletter control sequences out of 15000+50000
 20080 words of font info for 63 fonts, out of 1000000 for 2000
 849 hyphenation exceptions out of 1000
 9i,5n,8p,238b,58s stack positions out of 5000i,500n,10000p,200000b,50000s
<c:/Program Files (x86)/Therion/texmf/fonts/type1/cmss10.pfb><c:/Program 
Files (x86)/Therion/texmf/fonts/type1/cmssi10.pfb>
Output written on data.pdf (1 page, 233126 bytes).
PDF statistics:
 55 PDF objects out of 1000 (max. 8388607)
 0 named destinations out of 1000 (max. 500000)
 125 words of extra memory for PDF output out of 10000 (max. 10000000)


##################### end of pdftex log file #####################
done
writing .\_output\C4HelicopterHole-map.kml ... done
writing .\_output\C4HelicopterHole.kml ... done
writing .\_output\C4HelicopterHoleth.3d ... done
writing xtherion file ... done
compilation time: 8 sec


###################### scrap distortions #######################
 PROJECTION: plan
 AVERAGE  MAXIMAL  SCRAP
   2.73%   15.86%  dolineSP1@doline.C4HelicopterHole
   0.01%    0.41%  Beauty_Above_Pitch_3_Sec_2@C4HelicopterHole
   0.01%    0.22%  Beast_Sec_1@C4HelicopterHole
   0.01%    0.19%  Beast_Sec_2@C4HelicopterHole
   0.01%    0.15%  Beast_Sec_5@C4HelicopterHole
   0.01%    0.12%  Beast_Sec_3@C4HelicopterHole
   0.00%    0.11%  Beauty_Above_Pitch_3_Sec_1@C4HelicopterHole
   0.00%    0.09%  Beast_Sec_4@C4HelicopterHole
################### end of scrap distortions ###################


###################### scrap distortions #######################
 PROJECTION: extended
 AVERAGE  MAXIMAL  SCRAP
   1.30%   98.80%  C4HelicopterHoleSE1@C4HelicopterHole
   0.00%    0.12%  C4HelicopterHoleSE2@C4HelicopterHole
   0.00%    0.00%  dolineSE1@doline.C4HelicopterHole
################### end of scrap distortions ###################
